<?xml version="1.0" encoding="UTF-8"?>
<coverage generated="1777990859275" clover="3.2.0">
  <project timestamp="1777990859275" name="All files">
    <metrics statements="433" coveredstatements="432" conditionals="323" coveredconditionals="300" methods="59" coveredmethods="59" elements="815" coveredelements="791" complexity="0" loc="433" ncloc="433" packages="1" files="6" classes="6"/>
    <file name="adminController.js" path="C:\Users\x19991860\Documents\Lucas\Trabalho-A3\Trabalho-A3\backend\src\controllers\adminController.js">
      <metrics statements="113" coveredstatements="113" conditionals="90" coveredconditionals="87" methods="20" coveredmethods="20"/>
      <line num="5" count="1" type="stmt"/>
      <line num="8" count="1" type="stmt"/>
      <line num="22" count="2" type="stmt"/>
      <line num="23" count="2" type="stmt"/>
      <line num="28" count="1" type="stmt"/>
      <line num="30" count="1" type="stmt"/>
      <line num="31" count="1" type="stmt"/>
      <line num="37" count="4" type="stmt"/>
      <line num="38" count="4" type="stmt"/>
      <line num="39" count="4" type="stmt"/>
      <line num="41" count="3" type="cond" truecount="4" falsecount="0"/>
      <line num="42" count="2" type="stmt"/>
      <line num="45" count="1" type="stmt"/>
      <line num="51" count="1" type="stmt"/>
      <line num="56" count="1" type="stmt"/>
      <line num="58" count="1" type="stmt"/>
      <line num="59" count="1" type="stmt"/>
      <line num="65" count="5" type="stmt"/>
      <line num="66" count="5" type="stmt"/>
      <line num="67" count="5" type="stmt"/>
      <line num="69" count="5" type="stmt"/>
      <line num="70" count="4" type="cond" truecount="4" falsecount="0"/>
      <line num="71" count="2" type="stmt"/>
      <line num="74" count="2" type="stmt"/>
      <line num="83" count="2" type="stmt"/>
      <line num="88" count="2" type="stmt"/>
      <line num="90" count="1" type="stmt"/>
      <line num="91" count="1" type="stmt"/>
      <line num="98" count="3" type="stmt"/>
      <line num="99" count="3" type="stmt"/>
      <line num="100" count="3" type="stmt"/>
      <line num="104" count="3" type="stmt"/>
      <line num="135" count="2" type="stmt"/>
      <line num="141" count="2" type="stmt"/>
      <line num="142" count="2" type="stmt"/>
      <line num="147" count="2" type="stmt"/>
      <line num="158" count="1" type="stmt"/>
      <line num="159" count="1" type="stmt"/>
      <line num="165" count="3" type="stmt"/>
      <line num="166" count="3" type="cond" truecount="2" falsecount="0"/>
      <line num="167" count="3" type="cond" truecount="2" falsecount="0"/>
      <line num="168" count="3" type="stmt"/>
      <line num="169" count="3" type="cond" truecount="2" falsecount="0"/>
      <line num="171" count="3" type="cond" truecount="2" falsecount="0"/>
      <line num="180" count="3" type="stmt"/>
      <line num="194" count="3" type="stmt"/>
      <line num="203" count="2" type="stmt"/>
      <line num="208" count="1" type="stmt"/>
      <line num="209" count="1" type="stmt"/>
      <line num="215" count="4" type="stmt"/>
      <line num="216" count="4" type="stmt"/>
      <line num="218" count="4" type="stmt"/>
      <line num="219" count="4" type="stmt"/>
      <line num="221" count="4" type="stmt"/>
      <line num="231" count="4" type="stmt"/>
      <line num="237" count="3" type="stmt"/>
      <line num="238" count="3" type="stmt"/>
      <line num="240" count="6" type="stmt"/>
      <line num="248" count="1" type="stmt"/>
      <line num="249" count="1" type="stmt"/>
      <line num="255" count="4" type="stmt"/>
      <line num="256" count="4" type="stmt"/>
      <line num="257" count="3" type="cond" truecount="2" falsecount="0"/>
      <line num="258" count="2" type="cond" truecount="2" falsecount="0"/>
      <line num="260" count="1" type="stmt"/>
      <line num="264" count="1" type="stmt"/>
      <line num="266" count="1" type="stmt"/>
      <line num="267" count="1" type="stmt"/>
      <line num="273" count="4" type="stmt"/>
      <line num="274" count="4" type="stmt"/>
      <line num="275" count="3" type="cond" truecount="2" falsecount="0"/>
      <line num="276" count="2" type="cond" truecount="2" falsecount="0"/>
      <line num="278" count="1" type="stmt"/>
      <line num="282" count="1" type="stmt"/>
      <line num="284" count="1" type="stmt"/>
      <line num="285" count="1" type="stmt"/>
      <line num="291" count="3" type="stmt"/>
      <line num="292" count="3" type="stmt"/>
      <line num="295" count="3" type="cond" truecount="2" falsecount="0"/>
      <line num="296" count="3" type="cond" truecount="2" falsecount="0"/>
      <line num="297" count="3" type="stmt"/>
      <line num="298" count="3" type="stmt"/>
      <line num="300" count="3" type="stmt"/>
      <line num="305" count="3" type="stmt"/>
      <line num="326" count="2" type="stmt"/>
      <line num="332" count="2" type="stmt"/>
      <line num="333" count="2" type="stmt"/>
      <line num="338" count="2" type="cond" truecount="2" falsecount="0"/>
      <line num="342" count="2" type="stmt"/>
      <line num="353" count="1" type="stmt"/>
      <line num="354" count="1" type="stmt"/>
      <line num="360" count="4" type="stmt"/>
      <line num="361" count="4" type="stmt"/>
      <line num="363" count="4" type="cond" truecount="4" falsecount="0"/>
      <line num="364" count="1" type="stmt"/>
      <line num="367" count="3" type="stmt"/>
      <line num="381" count="2" type="stmt"/>
      <line num="383" count="1" type="stmt"/>
      <line num="384" count="1" type="stmt"/>
      <line num="390" count="3" type="stmt"/>
      <line num="391" count="3" type="stmt"/>
      <line num="392" count="3" type="stmt"/>
      <line num="394" count="3" type="stmt"/>
      <line num="409" count="2" type="stmt"/>
      <line num="411" count="1" type="stmt"/>
      <line num="412" count="1" type="stmt"/>
      <line num="418" count="2" type="stmt"/>
      <line num="419" count="2" type="stmt"/>
      <line num="423" count="2" type="stmt"/>
      <line num="427" count="1" type="stmt"/>
      <line num="429" count="1" type="stmt"/>
      <line num="430" count="1" type="stmt"/>
      <line num="434" count="1" type="stmt"/>
    </file>
    <file name="authController.js" path="C:\Users\x19991860\Documents\Lucas\Trabalho-A3\Trabalho-A3\backend\src\controllers\authController.js">
      <metrics statements="63" coveredstatements="63" conditionals="51" coveredconditionals="51" methods="5" coveredmethods="5"/>
      <line num="10" count="1" type="stmt"/>
      <line num="11" count="1" type="stmt"/>
      <line num="12" count="1" type="stmt"/>
      <line num="15" count="1" type="stmt"/>
      <line num="18" count="1" type="stmt"/>
      <line num="42" count="8" type="stmt"/>
      <line num="43" count="8" type="stmt"/>
      <line num="46" count="8" type="cond" truecount="5" falsecount="0"/>
      <line num="47" count="3" type="stmt"/>
      <line num="54" count="5" type="cond" truecount="2" falsecount="0"/>
      <line num="57" count="5" type="stmt"/>
      <line num="61" count="4" type="cond" truecount="2" falsecount="0"/>
      <line num="62" count="1" type="stmt"/>
      <line num="68" count="3" type="cond" truecount="2" falsecount="0"/>
      <line num="69" count="2" type="stmt"/>
      <line num="70" count="2" type="stmt"/>
      <line num="74" count="2" type="cond" truecount="2" falsecount="0"/>
      <line num="75" count="1" type="stmt"/>
      <line num="82" count="2" type="stmt"/>
      <line num="85" count="2" type="cond" truecount="2" falsecount="0"/>
      <line num="88" count="2" type="stmt"/>
      <line num="103" count="2" type="stmt"/>
      <line num="110" count="2" type="stmt"/>
      <line num="123" count="1" type="stmt"/>
      <line num="124" count="1" type="stmt"/>
      <line num="148" count="9" type="stmt"/>
      <line num="149" count="9" type="stmt"/>
      <line num="152" count="9" type="cond" truecount="4" falsecount="0"/>
      <line num="153" count="2" type="stmt"/>
      <line num="159" count="7" type="stmt"/>
      <line num="163" count="6" type="cond" truecount="2" falsecount="0"/>
      <line num="164" count="1" type="stmt"/>
      <line num="170" count="5" type="stmt"/>
      <line num="172" count="5" type="cond" truecount="2" falsecount="0"/>
      <line num="173" count="1" type="stmt"/>
      <line num="179" count="4" type="cond" truecount="2" falsecount="0"/>
      <line num="180" count="2" type="stmt"/>
      <line num="187" count="2" type="cond" truecount="4" falsecount="0"/>
      <line num="188" count="1" type="stmt"/>
      <line num="194" count="1" type="stmt"/>
      <line num="201" count="1" type="stmt"/>
      <line num="209" count="1" type="stmt"/>
      <line num="210" count="1" type="stmt"/>
      <line num="228" count="3" type="stmt"/>
      <line num="229" count="3" type="stmt"/>
      <line num="248" count="2" type="cond" truecount="2" falsecount="0"/>
      <line num="249" count="1" type="stmt"/>
      <line num="252" count="1" type="stmt"/>
      <line num="254" count="1" type="stmt"/>
      <line num="255" count="1" type="stmt"/>
      <line num="261" count="3" type="stmt"/>
      <line num="262" count="3" type="stmt"/>
      <line num="263" count="3" type="stmt"/>
      <line num="265" count="3" type="stmt"/>
      <line num="286" count="2" type="stmt"/>
      <line num="291" count="1" type="stmt"/>
      <line num="292" count="1" type="stmt"/>
      <line num="298" count="2" type="stmt"/>
      <line num="299" count="2" type="stmt"/>
      <line num="314" count="1" type="stmt"/>
      <line num="316" count="1" type="stmt"/>
      <line num="317" count="1" type="stmt"/>
      <line num="321" count="1" type="stmt"/>
    </file>
    <file name="donationController.js" path="C:\Users\x19991860\Documents\Lucas\Trabalho-A3\Trabalho-A3\backend\src\controllers\donationController.js">
      <metrics statements="142" coveredstatements="141" conditionals="120" coveredconditionals="103" methods="18" coveredmethods="18"/>
      <line num="12" count="1" type="stmt"/>
      <line num="20" count="1" type="stmt"/>
      <line num="26" count="3" type="stmt"/>
      <line num="27" count="3" type="stmt"/>
      <line num="32" count="2" type="stmt"/>
      <line num="33" count="2" type="stmt"/>
      <line num="35" count="2" type="cond" truecount="2" falsecount="0"/>
      <line num="36" count="1" type="stmt"/>
      <line num="37" count="1" type="stmt"/>
      <line num="40" count="2" type="stmt"/>
      <line num="47" count="1" type="stmt"/>
      <line num="48" count="1" type="stmt"/>
      <line num="56" count="5" type="cond" truecount="2" falsecount="0"/>
      <line num="57" count="1" type="stmt"/>
      <line num="61" count="4" type="cond" truecount="1" falsecount="1"/>
      <line num="64" count="4" type="stmt"/>
      <line num="69" count="3" type="stmt"/>
      <line num="72" count="3" type="cond" truecount="1" falsecount="1"/>
      <line num="73" count="0" type="stmt"/>
      <line num="76" count="3" type="cond" truecount="4" falsecount="0"/>
      <line num="77" count="1" type="stmt"/>
      <line num="80" count="2" type="cond" truecount="2" falsecount="0"/>
      <line num="81" count="1" type="stmt"/>
      <line num="84" count="3" type="stmt"/>
      <line num="110" count="11" type="stmt"/>
      <line num="111" count="11" type="stmt"/>
      <line num="112" count="11" type="stmt"/>
      <line num="115" count="11" type="cond" truecount="4" falsecount="0"/>
      <line num="116" count="2" type="stmt"/>
      <line num="122" count="9" type="cond" truecount="4" falsecount="0"/>
      <line num="123" count="1" type="stmt"/>
      <line num="128" count="8" type="cond" truecount="5" falsecount="0"/>
      <line num="129" count="1" type="stmt"/>
      <line num="135" count="7" type="cond" truecount="2" falsecount="0"/>
      <line num="136" count="2" type="stmt"/>
      <line num="140" count="2" type="cond" truecount="4" falsecount="0"/>
      <line num="141" count="1" type="stmt"/>
      <line num="146" count="1" type="cond" truecount="1" falsecount="1"/>
      <line num="147" count="1" type="stmt"/>
      <line num="154" count="5" type="stmt"/>
      <line num="157" count="4" type="stmt"/>
      <line num="159" count="4" type="stmt"/>
      <line num="174" count="4" type="cond" truecount="2" falsecount="0"/>
      <line num="175" count="3" type="stmt"/>
      <line num="183" count="4" type="stmt"/>
      <line num="186" count="4" type="stmt"/>
      <line num="201" count="1" type="stmt"/>
      <line num="202" count="1" type="stmt"/>
      <line num="219" count="2" type="stmt"/>
      <line num="220" count="2" type="stmt"/>
      <line num="222" count="2" type="stmt"/>
      <line num="235" count="1" type="stmt"/>
      <line num="237" count="1" type="stmt"/>
      <line num="238" count="1" type="stmt"/>
      <line num="256" count="5" type="stmt"/>
      <line num="257" count="5" type="stmt"/>
      <line num="258" count="5" type="stmt"/>
      <line num="259" count="5" type="stmt"/>
      <line num="261" count="5" type="cond" truecount="2" falsecount="0"/>
      <line num="262" count="1" type="stmt"/>
      <line num="265" count="4" type="stmt"/>
      <line num="284" count="3" type="cond" truecount="2" falsecount="0"/>
      <line num="285" count="1" type="stmt"/>
      <line num="289" count="2" type="cond" truecount="4" falsecount="0"/>
      <line num="290" count="1" type="stmt"/>
      <line num="293" count="1" type="stmt"/>
      <line num="295" count="1" type="stmt"/>
      <line num="296" count="1" type="stmt"/>
      <line num="302" count="3" type="stmt"/>
      <line num="303" count="3" type="stmt"/>
      <line num="305" count="3" type="cond" truecount="2" falsecount="0"/>
      <line num="306" count="1" type="stmt"/>
      <line num="310" count="2" type="stmt"/>
      <line num="329" count="1" type="cond" truecount="1" falsecount="1"/>
      <line num="331" count="1" type="stmt"/>
      <line num="333" count="1" type="stmt"/>
      <line num="334" count="1" type="stmt"/>
      <line num="340" count="7" type="stmt"/>
      <line num="341" count="7" type="stmt"/>
      <line num="342" count="7" type="stmt"/>
      <line num="344" count="7" type="cond" truecount="2" falsecount="0"/>
      <line num="345" count="1" type="stmt"/>
      <line num="348" count="6" type="cond" truecount="2" falsecount="0"/>
      <line num="349" count="1" type="stmt"/>
      <line num="353" count="5" type="stmt"/>
      <line num="357" count="4" type="cond" truecount="2" falsecount="0"/>
      <line num="358" count="3" type="cond" truecount="2" falsecount="0"/>
      <line num="360" count="2" type="stmt"/>
      <line num="361" count="2" type="stmt"/>
      <line num="367" count="2" type="cond" truecount="4" falsecount="0"/>
      <line num="368" count="1" type="stmt"/>
      <line num="376" count="2" type="stmt"/>
      <line num="379" count="2" type="stmt"/>
      <line num="381" count="1" type="stmt"/>
      <line num="382" count="1" type="stmt"/>
      <line num="404" count="7" type="stmt"/>
      <line num="405" count="7" type="stmt"/>
      <line num="406" count="7" type="stmt"/>
      <line num="407" count="7" type="stmt"/>
      <line num="410" count="7" type="cond" truecount="2" falsecount="0"/>
      <line num="411" count="1" type="stmt"/>
      <line num="416" count="6" type="cond" truecount="2" falsecount="0"/>
      <line num="417" count="1" type="stmt"/>
      <line num="421" count="5" type="stmt"/>
      <line num="422" count="5" type="cond" truecount="4" falsecount="0"/>
      <line num="423" count="1" type="stmt"/>
      <line num="429" count="4" type="stmt"/>
      <line num="433" count="3" type="cond" truecount="2" falsecount="0"/>
      <line num="434" count="1" type="stmt"/>
      <line num="438" count="2" type="stmt"/>
      <line num="439" count="2" type="stmt"/>
      <line num="445" count="2" type="cond" truecount="4" falsecount="0"/>
      <line num="446" count="1" type="stmt"/>
      <line num="454" count="2" type="stmt"/>
      <line num="457" count="2" type="stmt"/>
      <line num="462" count="1" type="stmt"/>
      <line num="463" count="1" type="stmt"/>
      <line num="470" count="3" type="stmt"/>
      <line num="471" count="3" type="cond" truecount="2" falsecount="0"/>
      <line num="472" count="1" type="stmt"/>
      <line num="474" count="2" type="stmt"/>
      <line num="476" count="2" type="stmt"/>
      <line num="482" count="2" type="cond" truecount="1" falsecount="1"/>
      <line num="483" count="2" type="cond" truecount="1" falsecount="1"/>
      <line num="484" count="1" type="cond" truecount="1" falsecount="1"/>
      <line num="485" count="1" type="stmt"/>
      <line num="488" count="1" type="stmt"/>
      <line num="489" count="2" type="cond" truecount="1" falsecount="1"/>
      <line num="490" count="2" type="stmt"/>
      <line num="502" count="1" type="stmt"/>
      <line num="511" count="1" type="stmt"/>
      <line num="512" count="1" type="stmt"/>
      <line num="519" count="3" type="stmt"/>
      <line num="520" count="3" type="cond" truecount="2" falsecount="0"/>
      <line num="521" count="1" type="stmt"/>
      <line num="523" count="2" type="stmt"/>
      <line num="525" count="2" type="stmt"/>
      <line num="531" count="1" type="stmt"/>
      <line num="541" count="1" type="stmt"/>
      <line num="543" count="1" type="stmt"/>
      <line num="544" count="1" type="stmt"/>
      <line num="548" count="1" type="stmt"/>
    </file>
    <file name="financeController.js" path="C:\Users\x19991860\Documents\Lucas\Trabalho-A3\Trabalho-A3\backend\src\controllers\financeController.js">
      <metrics statements="17" coveredstatements="17" conditionals="14" coveredconditionals="14" methods="1" coveredmethods="1"/>
      <line num="1" count="1" type="stmt"/>
      <line num="4" count="9" type="stmt"/>
      <line num="5" count="9" type="stmt"/>
      <line num="6" count="9" type="stmt"/>
      <line num="8" count="9" type="cond" truecount="2" falsecount="0"/>
      <line num="9" count="1" type="stmt"/>
      <line num="12" count="8" type="cond" truecount="6" falsecount="0"/>
      <line num="13" count="4" type="stmt"/>
      <line num="17" count="4" type="stmt"/>
      <line num="27" count="3" type="cond" truecount="2" falsecount="0"/>
      <line num="29" count="3" type="cond" truecount="4" falsecount="0"/>
      <line num="30" count="2" type="stmt"/>
      <line num="34" count="1" type="stmt"/>
      <line num="45" count="1" type="stmt"/>
      <line num="47" count="1" type="stmt"/>
      <line num="48" count="1" type="stmt"/>
      <line num="52" count="1" type="stmt"/>
    </file>
    <file name="requestController.js" path="C:\Users\x19991860\Documents\Lucas\Trabalho-A3\Trabalho-A3\backend\src\controllers\requestController.js">
      <metrics statements="34" coveredstatements="34" conditionals="20" coveredconditionals="20" methods="4" coveredmethods="4"/>
      <line num="5" count="1" type="stmt"/>
      <line num="9" count="3" type="stmt"/>
      <line num="10" count="3" type="cond" truecount="2" falsecount="0"/>
      <line num="11" count="1" type="stmt"/>
      <line num="14" count="2" type="stmt"/>
      <line num="19" count="1" type="stmt"/>
      <line num="28" count="1" type="stmt"/>
      <line num="30" count="1" type="stmt"/>
      <line num="31" count="1" type="stmt"/>
      <line num="37" count="7" type="stmt"/>
      <line num="38" count="7" type="cond" truecount="2" falsecount="0"/>
      <line num="39" count="1" type="stmt"/>
      <line num="42" count="6" type="stmt"/>
      <line num="44" count="6" type="cond" truecount="4" falsecount="0"/>
      <line num="45" count="2" type="stmt"/>
      <line num="48" count="4" type="stmt"/>
      <line num="49" count="4" type="cond" truecount="4" falsecount="0"/>
      <line num="50" count="1" type="stmt"/>
      <line num="53" count="3" type="stmt"/>
      <line num="62" count="2" type="stmt"/>
      <line num="71" count="1" type="stmt"/>
      <line num="72" count="1" type="stmt"/>
      <line num="78" count="5" type="stmt"/>
      <line num="79" count="5" type="stmt"/>
      <line num="80" count="5" type="stmt"/>
      <line num="82" count="5" type="stmt"/>
      <line num="83" count="4" type="cond" truecount="2" falsecount="0"/>
      <line num="84" count="3" type="cond" truecount="4" falsecount="0"/>
      <line num="85" count="1" type="stmt"/>
      <line num="88" count="2" type="stmt"/>
      <line num="93" count="2" type="stmt"/>
      <line num="95" count="1" type="stmt"/>
      <line num="96" count="1" type="stmt"/>
      <line num="100" count="1" type="stmt"/>
    </file>
    <file name="rewardController.js" path="C:\Users\x19991860\Documents\Lucas\Trabalho-A3\Trabalho-A3\backend\src\controllers\rewardController.js">
      <metrics statements="64" coveredstatements="64" conditionals="28" coveredconditionals="25" methods="11" coveredmethods="11"/>
      <line num="5" count="1" type="stmt"/>
      <line num="9" count="2" type="stmt"/>
      <line num="10" count="2" type="stmt"/>
      <line num="13" count="1" type="stmt"/>
      <line num="15" count="1" type="stmt"/>
      <line num="16" count="1" type="stmt"/>
      <line num="22" count="7" type="stmt"/>
      <line num="23" count="7" type="stmt"/>
      <line num="24" count="7" type="stmt"/>
      <line num="26" count="7" type="cond" truecount="2" falsecount="0"/>
      <line num="27" count="1" type="stmt"/>
      <line num="31" count="6" type="stmt"/>
      <line num="35" count="5" type="cond" truecount="4" falsecount="0"/>
      <line num="36" count="2" type="stmt"/>
      <line num="39" count="3" type="cond" truecount="2" falsecount="0"/>
      <line num="40" count="1" type="stmt"/>
      <line num="44" count="2" type="stmt"/>
      <line num="49" count="2" type="cond" truecount="2" falsecount="0"/>
      <line num="50" count="1" type="stmt"/>
      <line num="56" count="1" type="stmt"/>
      <line num="59" count="1" type="stmt"/>
      <line num="61" count="1" type="stmt"/>
      <line num="67" count="1" type="stmt"/>
      <line num="73" count="1" type="stmt"/>
      <line num="83" count="1" type="stmt"/>
      <line num="90" count="1" type="stmt"/>
      <line num="91" count="1" type="stmt"/>
      <line num="97" count="2" type="stmt"/>
      <line num="98" count="2" type="stmt"/>
      <line num="99" count="2" type="stmt"/>
      <line num="111" count="1" type="stmt"/>
      <line num="113" count="1" type="stmt"/>
      <line num="114" count="1" type="stmt"/>
      <line num="121" count="5" type="stmt"/>
      <line num="122" count="5" type="cond" truecount="1" falsecount="1"/>
      <line num="125" count="5" type="stmt"/>
      <line num="126" count="5" type="cond" truecount="2" falsecount="0"/>
      <line num="127" count="1" type="stmt"/>
      <line num="128" count="1" type="stmt"/>
      <line num="129" count="4" type="cond" truecount="2" falsecount="0"/>
      <line num="130" count="1" type="stmt"/>
      <line num="131" count="1" type="stmt"/>
      <line num="132" count="1" type="stmt"/>
      <line num="137" count="5" type="cond" truecount="2" falsecount="0"/>
      <line num="139" count="3" type="stmt"/>
      <line num="145" count="2" type="stmt"/>
      <line num="151" count="2" type="stmt"/>
      <line num="163" count="2" type="stmt"/>
      <line num="164" count="2" type="stmt"/>
      <line num="168" count="2" type="stmt"/>
      <line num="170" count="2" type="stmt"/>
      <line num="176" count="2" type="stmt"/>
      <line num="180" count="2" type="stmt"/>
      <line num="184" count="2" type="cond" truecount="3" falsecount="1"/>
      <line num="187" count="13" type="stmt"/>
      <line num="197" count="13" type="stmt"/>
      <line num="198" count="4" type="stmt"/>
      <line num="199" count="4" type="cond" truecount="4" falsecount="0"/>
      <line num="200" count="11" type="stmt"/>
      <line num="201" count="2" type="stmt"/>
      <line num="211" count="4" type="stmt"/>
      <line num="213" count="1" type="stmt"/>
      <line num="214" count="1" type="stmt"/>
      <line num="219" count="1" type="stmt"/>
    </file>
  </project>
</coverage>
