{"C:\\Users\\x19991860\\Documents\\Lucas\\Trabalho-A3\\Trabalho-A3\\backend\\src\\controllers\\authController.js": {"path":"C:\\Users\\x19991860\\Documents\\Lucas\\Trabalho-A3\\Trabalho-A3\\backend\\src\\controllers\\authController.js","statementMap":{"0":{"start":{"line":10,"column":15},"end":{"line":10,"column":39}},"1":{"start":{"line":11,"column":15},"end":{"line":11,"column":34}},"2":{"start":{"line":12,"column":12},"end":{"line":12,"column":35}},"3":{"start":{"line":15,"column":27},"end":{"line":15,"column":29}},"4":{"start":{"line":18,"column":23},"end":{"line":18,"column":27}},"5":{"start":{"line":42,"column":2},"end":{"line":125,"column":3}},"6":{"start":{"line":43,"column":89},"end":{"line":43,"column":97}},"7":{"start":{"line":46,"column":4},"end":{"line":50,"column":5}},"8":{"start":{"line":47,"column":6},"end":{"line":49,"column":9}},"9":{"start":{"line":54,"column":24},"end":{"line":54,"column":73}},"10":{"start":{"line":57,"column":27},"end":{"line":59,"column":6}},"11":{"start":{"line":61,"column":4},"end":{"line":65,"column":5}},"12":{"start":{"line":62,"column":6},"end":{"line":64,"column":9}},"13":{"start":{"line":68,"column":4},"end":{"line":79,"column":5}},"14":{"start":{"line":69,"column":27},"end":{"line":69,"column":50}},"15":{"start":{"line":70,"column":28},"end":{"line":72,"column":8}},"16":{"start":{"line":74,"column":6},"end":{"line":78,"column":7}},"17":{"start":{"line":75,"column":8},"end":{"line":77,"column":11}},"18":{"start":{"line":82,"column":22},"end":{"line":82,"column":66}},"19":{"start":{"line":85,"column":26},"end":{"line":85,"column":80}},"20":{"start":{"line":88,"column":24},"end":{"line":100,"column":6}},"21":{"start":{"line":103,"column":18},"end":{"line":107,"column":5}},"22":{"start":{"line":110,"column":4},"end":{"line":121,"column":7}},"23":{"start":{"line":123,"column":4},"end":{"line":123,"column":48}},"24":{"start":{"line":124,"column":4},"end":{"line":124,"column":80}},"25":{"start":{"line":148,"column":2},"end":{"line":211,"column":3}},"26":{"start":{"line":149,"column":29},"end":{"line":149,"column":37}},"27":{"start":{"line":152,"column":4},"end":{"line":156,"column":5}},"28":{"start":{"line":153,"column":6},"end":{"line":155,"column":9}},"29":{"start":{"line":159,"column":20},"end":{"line":161,"column":6}},"30":{"start":{"line":163,"column":4},"end":{"line":167,"column":5}},"31":{"start":{"line":164,"column":6},"end":{"line":166,"column":9}},"32":{"start":{"line":170,"column":24},"end":{"line":170,"column":66}},"33":{"start":{"line":172,"column":4},"end":{"line":176,"column":5}},"34":{"start":{"line":173,"column":6},"end":{"line":175,"column":9}},"35":{"start":{"line":179,"column":4},"end":{"line":184,"column":5}},"36":{"start":{"line":180,"column":6},"end":{"line":183,"column":9}},"37":{"start":{"line":187,"column":4},"end":{"line":191,"column":5}},"38":{"start":{"line":188,"column":6},"end":{"line":190,"column":9}},"39":{"start":{"line":194,"column":18},"end":{"line":198,"column":5}},"40":{"start":{"line":201,"column":4},"end":{"line":207,"column":7}},"41":{"start":{"line":209,"column":4},"end":{"line":209,"column":45}},"42":{"start":{"line":210,"column":4},"end":{"line":210,"column":74}},"43":{"start":{"line":228,"column":2},"end":{"line":256,"column":3}},"44":{"start":{"line":229,"column":20},"end":{"line":246,"column":6}},"45":{"start":{"line":248,"column":4},"end":{"line":250,"column":5}},"46":{"start":{"line":249,"column":6},"end":{"line":249,"column":71}},"47":{"start":{"line":252,"column":4},"end":{"line":252,"column":29}},"48":{"start":{"line":254,"column":4},"end":{"line":254,"column":54}},"49":{"start":{"line":255,"column":4},"end":{"line":255,"column":86}},"50":{"start":{"line":261,"column":2},"end":{"line":293,"column":3}},"51":{"start":{"line":262,"column":85},"end":{"line":262,"column":93}},"52":{"start":{"line":263,"column":19},"end":{"line":263,"column":30}},"53":{"start":{"line":265,"column":30},"end":{"line":284,"column":6}},"54":{"start":{"line":286,"column":4},"end":{"line":289,"column":7}},"55":{"start":{"line":291,"column":4},"end":{"line":291,"column":56}},"56":{"start":{"line":292,"column":4},"end":{"line":292,"column":79}},"57":{"start":{"line":298,"column":2},"end":{"line":318,"column":3}},"58":{"start":{"line":299,"column":25},"end":{"line":313,"column":6}},"59":{"start":{"line":314,"column":4},"end":{"line":314,"column":34}},"60":{"start":{"line":316,"column":4},"end":{"line":316,"column":61}},"61":{"start":{"line":317,"column":4},"end":{"line":317,"column":74}},"62":{"start":{"line":321,"column":0},"end":{"line":321,"column":81}}},"fnMap":{"0":{"name":"register","decl":{"start":{"line":41,"column":15},"end":{"line":41,"column":23}},"loc":{"start":{"line":41,"column":34},"end":{"line":126,"column":1}},"line":41},"1":{"name":"login","decl":{"start":{"line":147,"column":15},"end":{"line":147,"column":20}},"loc":{"start":{"line":147,"column":31},"end":{"line":212,"column":1}},"line":147},"2":{"name":"me","decl":{"start":{"line":227,"column":15},"end":{"line":227,"column":17}},"loc":{"start":{"line":227,"column":28},"end":{"line":257,"column":1}},"line":227},"3":{"name":"updateProfile","decl":{"start":{"line":260,"column":15},"end":{"line":260,"column":28}},"loc":{"start":{"line":260,"column":39},"end":{"line":294,"column":1}},"line":260},"4":{"name":"getApprovedInstitutions","decl":{"start":{"line":297,"column":15},"end":{"line":297,"column":38}},"loc":{"start":{"line":297,"column":49},"end":{"line":319,"column":1}},"line":297}},"branchMap":{"0":{"loc":{"start":{"line":46,"column":4},"end":{"line":50,"column":5}},"type":"if","locations":[{"start":{"line":46,"column":4},"end":{"line":50,"column":5}},{"start":{},"end":{}}],"line":46},"1":{"loc":{"start":{"line":46,"column":8},"end":{"line":46,"column":33}},"type":"binary-expr","locations":[{"start":{"line":46,"column":8},"end":{"line":46,"column":13}},{"start":{"line":46,"column":17},"end":{"line":46,"column":23}},{"start":{"line":46,"column":27},"end":{"line":46,"column":33}}],"line":46},"2":{"loc":{"start":{"line":54,"column":24},"end":{"line":54,"column":73}},"type":"cond-expr","locations":[{"start":{"line":54,"column":51},"end":{"line":54,"column":64}},{"start":{"line":54,"column":67},"end":{"line":54,"column":73}}],"line":54},"3":{"loc":{"start":{"line":61,"column":4},"end":{"line":65,"column":5}},"type":"if","locations":[{"start":{"line":61,"column":4},"end":{"line":65,"column":5}},{"start":{},"end":{}}],"line":61},"4":{"loc":{"start":{"line":68,"column":4},"end":{"line":79,"column":5}},"type":"if","locations":[{"start":{"line":68,"column":4},"end":{"line":79,"column":5}},{"start":{},"end":{}}],"line":68},"5":{"loc":{"start":{"line":74,"column":6},"end":{"line":78,"column":7}},"type":"if","locations":[{"start":{"line":74,"column":6},"end":{"line":78,"column":7}},{"start":{},"end":{}}],"line":74},"6":{"loc":{"start":{"line":85,"column":26},"end":{"line":85,"column":80}},"type":"cond-expr","locations":[{"start":{"line":85,"column":58},"end":{"line":85,"column":67}},{"start":{"line":85,"column":70},"end":{"line":85,"column":80}}],"line":85},"7":{"loc":{"start":{"line":95,"column":14},"end":{"line":95,"column":26}},"type":"binary-expr","locations":[{"start":{"line":95,"column":14},"end":{"line":95,"column":18}},{"start":{"line":95,"column":22},"end":{"line":95,"column":26}}],"line":95},"8":{"loc":{"start":{"line":96,"column":30},"end":{"line":96,"column":89}},"type":"cond-expr","locations":[{"start":{"line":96,"column":62},"end":{"line":96,"column":82}},{"start":{"line":96,"column":85},"end":{"line":96,"column":89}}],"line":96},"9":{"loc":{"start":{"line":97,"column":18},"end":{"line":97,"column":65}},"type":"cond-expr","locations":[{"start":{"line":97,"column":50},"end":{"line":97,"column":58}},{"start":{"line":97,"column":61},"end":{"line":97,"column":65}}],"line":97},"10":{"loc":{"start":{"line":98,"column":18},"end":{"line":98,"column":65}},"type":"cond-expr","locations":[{"start":{"line":98,"column":50},"end":{"line":98,"column":58}},{"start":{"line":98,"column":61},"end":{"line":98,"column":65}}],"line":98},"11":{"loc":{"start":{"line":152,"column":4},"end":{"line":156,"column":5}},"type":"if","locations":[{"start":{"line":152,"column":4},"end":{"line":156,"column":5}},{"start":{},"end":{}}],"line":152},"12":{"loc":{"start":{"line":152,"column":8},"end":{"line":152,"column":24}},"type":"binary-expr","locations":[{"start":{"line":152,"column":8},"end":{"line":152,"column":14}},{"start":{"line":152,"column":18},"end":{"line":152,"column":24}}],"line":152},"13":{"loc":{"start":{"line":163,"column":4},"end":{"line":167,"column":5}},"type":"if","locations":[{"start":{"line":163,"column":4},"end":{"line":167,"column":5}},{"start":{},"end":{}}],"line":163},"14":{"loc":{"start":{"line":172,"column":4},"end":{"line":176,"column":5}},"type":"if","locations":[{"start":{"line":172,"column":4},"end":{"line":176,"column":5}},{"start":{},"end":{}}],"line":172},"15":{"loc":{"start":{"line":179,"column":4},"end":{"line":184,"column":5}},"type":"if","locations":[{"start":{"line":179,"column":4},"end":{"line":184,"column":5}},{"start":{},"end":{}}],"line":179},"16":{"loc":{"start":{"line":182,"column":16},"end":{"line":182,"column":101}},"type":"binary-expr","locations":[{"start":{"line":182,"column":16},"end":{"line":182,"column":39}},{"start":{"line":182,"column":43},"end":{"line":182,"column":101}}],"line":182},"17":{"loc":{"start":{"line":187,"column":4},"end":{"line":191,"column":5}},"type":"if","locations":[{"start":{"line":187,"column":4},"end":{"line":191,"column":5}},{"start":{},"end":{}}],"line":187},"18":{"loc":{"start":{"line":187,"column":8},"end":{"line":187,"column":70}},"type":"binary-expr","locations":[{"start":{"line":187,"column":8},"end":{"line":187,"column":38}},{"start":{"line":187,"column":42},"end":{"line":187,"column":70}}],"line":187},"19":{"loc":{"start":{"line":248,"column":4},"end":{"line":250,"column":5}},"type":"if","locations":[{"start":{"line":248,"column":4},"end":{"line":250,"column":5}},{"start":{},"end":{}}],"line":248},"20":{"loc":{"start":{"line":268,"column":12},"end":{"line":268,"column":58}},"type":"binary-expr","locations":[{"start":{"line":268,"column":12},"end":{"line":268,"column":46}},{"start":{"line":268,"column":50},"end":{"line":268,"column":58}}],"line":268},"21":{"loc":{"start":{"line":269,"column":12},"end":{"line":269,"column":62}},"type":"binary-expr","locations":[{"start":{"line":269,"column":12},"end":{"line":269,"column":46}},{"start":{"line":269,"column":50},"end":{"line":269,"column":62}}],"line":269},"22":{"loc":{"start":{"line":270,"column":12},"end":{"line":270,"column":62}},"type":"binary-expr","locations":[{"start":{"line":270,"column":12},"end":{"line":270,"column":46}},{"start":{"line":270,"column":50},"end":{"line":270,"column":62}}],"line":270},"23":{"loc":{"start":{"line":271,"column":12},"end":{"line":271,"column":74}},"type":"binary-expr","locations":[{"start":{"line":271,"column":12},"end":{"line":271,"column":46}},{"start":{"line":271,"column":50},"end":{"line":271,"column":74}}],"line":271},"24":{"loc":{"start":{"line":272,"column":12},"end":{"line":272,"column":74}},"type":"binary-expr","locations":[{"start":{"line":272,"column":12},"end":{"line":272,"column":46}},{"start":{"line":272,"column":50},"end":{"line":272,"column":74}}],"line":272}},"s":{"0":1,"1":1,"2":1,"3":1,"4":1,"5":0,"6":0,"7":0,"8":0,"9":0,"10":0,"11":0,"12":0,"13":0,"14":0,"15":0,"16":0,"17":0,"18":0,"19":0,"20":0,"21":0,"22":0,"23":0,"24":0,"25":3,"26":3,"27":3,"28":1,"29":2,"30":2,"31":1,"32":1,"33":1,"34":0,"35":1,"36":0,"37":1,"38":0,"39":1,"40":1,"41":0,"42":0,"43":0,"44":0,"45":0,"46":0,"47":0,"48":0,"49":0,"50":0,"51":0,"52":0,"53":0,"54":0,"55":0,"56":0,"57":0,"58":0,"59":0,"60":0,"61":0,"62":1},"f":{"0":0,"1":3,"2":0,"3":0,"4":0},"b":{"0":[0,0],"1":[0,0,0],"2":[0,0],"3":[0,0],"4":[0,0],"5":[0,0],"6":[0,0],"7":[0,0],"8":[0,0],"9":[0,0],"10":[0,0],"11":[1,2],"12":[3,3],"13":[1,1],"14":[0,1],"15":[0,1],"16":[0,0],"17":[0,1],"18":[1,0],"19":[0,0],"20":[0,0],"21":[0,0],"22":[0,0],"23":[0,0],"24":[0,0]},"inputSourceMap":null,"_coverageSchema":"1a1c01bbd47fc00a2c39e90264f33305004495a9","hash":"9c9f8649e7c1501f1c1fcedebed5698504c17c42"}
,"C:\\Users\\x19991860\\Documents\\Lucas\\Trabalho-A3\\Trabalho-A3\\backend\\src\\controllers\\donationController.js": {"path":"C:\\Users\\x19991860\\Documents\\Lucas\\Trabalho-A3\\Trabalho-A3\\backend\\src\\controllers\\donationController.js","statementMap":{"0":{"start":{"line":12,"column":15},"end":{"line":12,"column":39}},"1":{"start":{"line":20,"column":25},"end":{"line":20,"column":27}},"2":{"start":{"line":26,"column":2},"end":{"line":28,"column":3}},"3":{"start":{"line":27,"column":4},"end":{"line":27,"column":28}},"4":{"start":{"line":31,"column":15},"end":{"line":31,"column":43}},"5":{"start":{"line":34,"column":15},"end":{"line":37,"column":4}},"6":{"start":{"line":39,"column":22},"end":{"line":39,"column":23}},"7":{"start":{"line":42,"column":2},"end":{"line":52,"column":3}},"8":{"start":{"line":43,"column":4},"end":{"line":43,"column":22}},"9":{"start":{"line":46,"column":7},"end":{"line":52,"column":3}},"10":{"start":{"line":47,"column":4},"end":{"line":47,"column":22}},"11":{"start":{"line":50,"column":7},"end":{"line":52,"column":3}},"12":{"start":{"line":51,"column":4},"end":{"line":51,"column":24}},"13":{"start":{"line":54,"column":2},"end":{"line":54,"column":44}},"14":{"start":{"line":80,"column":2},"end":{"line":173,"column":3}},"15":{"start":{"line":81,"column":19},"end":{"line":81,"column":30}},"16":{"start":{"line":82,"column":49},"end":{"line":82,"column":57}},"17":{"start":{"line":85,"column":4},"end":{"line":89,"column":5}},"18":{"start":{"line":86,"column":6},"end":{"line":88,"column":9}},"19":{"start":{"line":92,"column":4},"end":{"line":96,"column":5}},"20":{"start":{"line":93,"column":6},"end":{"line":95,"column":9}},"21":{"start":{"line":98,"column":4},"end":{"line":102,"column":5}},"22":{"start":{"line":99,"column":6},"end":{"line":101,"column":9}},"23":{"start":{"line":105,"column":4},"end":{"line":121,"column":5}},"24":{"start":{"line":106,"column":26},"end":{"line":108,"column":8}},"25":{"start":{"line":110,"column":6},"end":{"line":114,"column":7}},"26":{"start":{"line":111,"column":8},"end":{"line":113,"column":11}},"27":{"start":{"line":116,"column":6},"end":{"line":120,"column":7}},"28":{"start":{"line":117,"column":8},"end":{"line":119,"column":11}},"29":{"start":{"line":124,"column":26},"end":{"line":124,"column":88}},"30":{"start":{"line":127,"column":22},"end":{"line":154,"column":6}},"31":{"start":{"line":129,"column":21},"end":{"line":141,"column":8}},"32":{"start":{"line":144,"column":6},"end":{"line":151,"column":7}},"33":{"start":{"line":145,"column":8},"end":{"line":150,"column":11}},"34":{"start":{"line":153,"column":6},"end":{"line":153,"column":20}},"35":{"start":{"line":156,"column":4},"end":{"line":169,"column":7}},"36":{"start":{"line":171,"column":4},"end":{"line":171,"column":52}},"37":{"start":{"line":172,"column":4},"end":{"line":172,"column":79}},"38":{"start":{"line":189,"column":2},"end":{"line":209,"column":3}},"39":{"start":{"line":190,"column":19},"end":{"line":190,"column":30}},"40":{"start":{"line":192,"column":20},"end":{"line":203,"column":6}},"41":{"start":{"line":205,"column":4},"end":{"line":205,"column":29}},"42":{"start":{"line":207,"column":4},"end":{"line":207,"column":54}},"43":{"start":{"line":208,"column":4},"end":{"line":208,"column":77}},"44":{"start":{"line":226,"column":2},"end":{"line":267,"column":3}},"45":{"start":{"line":227,"column":23},"end":{"line":227,"column":46}},"46":{"start":{"line":228,"column":19},"end":{"line":228,"column":30}},"47":{"start":{"line":229,"column":21},"end":{"line":229,"column":34}},"48":{"start":{"line":231,"column":4},"end":{"line":233,"column":5}},"49":{"start":{"line":232,"column":6},"end":{"line":232,"column":70}},"50":{"start":{"line":235,"column":19},"end":{"line":252,"column":6}},"51":{"start":{"line":254,"column":4},"end":{"line":256,"column":5}},"52":{"start":{"line":255,"column":6},"end":{"line":255,"column":70}},"53":{"start":{"line":259,"column":4},"end":{"line":261,"column":5}},"54":{"start":{"line":260,"column":6},"end":{"line":260,"column":70}},"55":{"start":{"line":263,"column":4},"end":{"line":263,"column":28}},"56":{"start":{"line":265,"column":4},"end":{"line":265,"column":53}},"57":{"start":{"line":266,"column":4},"end":{"line":266,"column":76}},"58":{"start":{"line":272,"column":2},"end":{"line":305,"column":3}},"59":{"start":{"line":273,"column":26},"end":{"line":273,"column":37}},"60":{"start":{"line":275,"column":4},"end":{"line":277,"column":5}},"61":{"start":{"line":276,"column":6},"end":{"line":276,"column":101}},"62":{"start":{"line":280,"column":37},"end":{"line":297,"column":6}},"63":{"start":{"line":299,"column":26},"end":{"line":299,"column":55}},"64":{"start":{"line":301,"column":4},"end":{"line":301,"column":48}},"65":{"start":{"line":303,"column":4},"end":{"line":303,"column":64}},"66":{"start":{"line":304,"column":4},"end":{"line":304,"column":77}},"67":{"start":{"line":310,"column":2},"end":{"line":353,"column":3}},"68":{"start":{"line":311,"column":26},"end":{"line":311,"column":37}},"69":{"start":{"line":312,"column":23},"end":{"line":312,"column":46}},"70":{"start":{"line":314,"column":4},"end":{"line":316,"column":5}},"71":{"start":{"line":315,"column":6},"end":{"line":315,"column":89}},"72":{"start":{"line":318,"column":4},"end":{"line":320,"column":5}},"73":{"start":{"line":319,"column":6},"end":{"line":319,"column":70}},"74":{"start":{"line":323,"column":19},"end":{"line":325,"column":6}},"75":{"start":{"line":327,"column":4},"end":{"line":327,"column":81}},"76":{"start":{"line":327,"column":17},"end":{"line":327,"column":81}},"77":{"start":{"line":328,"column":4},"end":{"line":328,"column":121}},"78":{"start":{"line":328,"column":48},"end":{"line":328,"column":121}},"79":{"start":{"line":330,"column":29},"end":{"line":347,"column":6}},"80":{"start":{"line":331,"column":22},"end":{"line":334,"column":8}},"81":{"start":{"line":337,"column":6},"end":{"line":344,"column":7}},"82":{"start":{"line":338,"column":8},"end":{"line":343,"column":11}},"83":{"start":{"line":346,"column":6},"end":{"line":346,"column":21}},"84":{"start":{"line":349,"column":4},"end":{"line":349,"column":93}},"85":{"start":{"line":351,"column":4},"end":{"line":351,"column":61}},"86":{"start":{"line":352,"column":4},"end":{"line":352,"column":84}},"87":{"start":{"line":374,"column":2},"end":{"line":434,"column":3}},"88":{"start":{"line":375,"column":23},"end":{"line":375,"column":46}},"89":{"start":{"line":376,"column":23},"end":{"line":376,"column":31}},"90":{"start":{"line":377,"column":21},"end":{"line":377,"column":34}},"91":{"start":{"line":380,"column":4},"end":{"line":384,"column":5}},"92":{"start":{"line":381,"column":6},"end":{"line":383,"column":9}},"93":{"start":{"line":386,"column":4},"end":{"line":388,"column":5}},"94":{"start":{"line":387,"column":6},"end":{"line":387,"column":70}},"95":{"start":{"line":391,"column":29},"end":{"line":391,"column":65}},"96":{"start":{"line":392,"column":4},"end":{"line":396,"column":5}},"97":{"start":{"line":393,"column":6},"end":{"line":395,"column":9}},"98":{"start":{"line":399,"column":28},"end":{"line":401,"column":6}},"99":{"start":{"line":403,"column":4},"end":{"line":405,"column":5}},"100":{"start":{"line":404,"column":6},"end":{"line":404,"column":70}},"101":{"start":{"line":408,"column":29},"end":{"line":425,"column":6}},"102":{"start":{"line":409,"column":22},"end":{"line":412,"column":8}},"103":{"start":{"line":415,"column":6},"end":{"line":422,"column":7}},"104":{"start":{"line":416,"column":8},"end":{"line":421,"column":11}},"105":{"start":{"line":424,"column":6},"end":{"line":424,"column":21}},"106":{"start":{"line":427,"column":4},"end":{"line":430,"column":7}},"107":{"start":{"line":432,"column":4},"end":{"line":432,"column":56}},"108":{"start":{"line":433,"column":4},"end":{"line":433,"column":79}},"109":{"start":{"line":440,"column":2},"end":{"line":483,"column":3}},"110":{"start":{"line":441,"column":4},"end":{"line":443,"column":5}},"111":{"start":{"line":442,"column":6},"end":{"line":442,"column":62}},"112":{"start":{"line":444,"column":26},"end":{"line":444,"column":37}},"113":{"start":{"line":446,"column":20},"end":{"line":450,"column":6}},"114":{"start":{"line":452,"column":25},"end":{"line":452,"column":64}},"115":{"start":{"line":452,"column":45},"end":{"line":452,"column":63}},"116":{"start":{"line":453,"column":23},"end":{"line":453,"column":70}},"117":{"start":{"line":453,"column":48},"end":{"line":453,"column":66}},"118":{"start":{"line":454,"column":24},"end":{"line":456,"column":9}},"119":{"start":{"line":455,"column":38},"end":{"line":455,"column":49}},"120":{"start":{"line":458,"column":26},"end":{"line":470,"column":6}},"121":{"start":{"line":459,"column":22},"end":{"line":459,"column":40}},"122":{"start":{"line":460,"column":6},"end":{"line":469,"column":8}},"123":{"start":{"line":472,"column":4},"end":{"line":479,"column":7}},"124":{"start":{"line":481,"column":4},"end":{"line":481,"column":61}},"125":{"start":{"line":482,"column":4},"end":{"line":482,"column":59}},"126":{"start":{"line":489,"column":2},"end":{"line":515,"column":3}},"127":{"start":{"line":490,"column":4},"end":{"line":492,"column":5}},"128":{"start":{"line":491,"column":6},"end":{"line":491,"column":62}},"129":{"start":{"line":493,"column":26},"end":{"line":493,"column":37}},"130":{"start":{"line":495,"column":20},"end":{"line":499,"column":6}},"131":{"start":{"line":501,"column":25},"end":{"line":509,"column":7}},"132":{"start":{"line":501,"column":43},"end":{"line":509,"column":5}},"133":{"start":{"line":511,"column":4},"end":{"line":511,"column":34}},"134":{"start":{"line":513,"column":4},"end":{"line":513,"column":63}},"135":{"start":{"line":514,"column":4},"end":{"line":514,"column":59}},"136":{"start":{"line":518,"column":0},"end":{"line":527,"column":2}}},"fnMap":{"0":{"name":"calcularPontos","decl":{"start":{"line":25,"column":15},"end":{"line":25,"column":29}},"loc":{"start":{"line":25,"column":71},"end":{"line":55,"column":1}},"line":25},"1":{"name":"createDonation","decl":{"start":{"line":79,"column":15},"end":{"line":79,"column":29}},"loc":{"start":{"line":79,"column":40},"end":{"line":174,"column":1}},"line":79},"2":{"name":"(anonymous_2)","decl":{"start":{"line":127,"column":48},"end":{"line":127,"column":49}},"loc":{"start":{"line":127,"column":62},"end":{"line":154,"column":5}},"line":127},"3":{"name":"getUserDonations","decl":{"start":{"line":188,"column":15},"end":{"line":188,"column":31}},"loc":{"start":{"line":188,"column":42},"end":{"line":210,"column":1}},"line":188},"4":{"name":"getDonationById","decl":{"start":{"line":225,"column":15},"end":{"line":225,"column":30}},"loc":{"start":{"line":225,"column":41},"end":{"line":268,"column":1}},"line":225},"5":{"name":"getInstitutionDonations","decl":{"start":{"line":271,"column":15},"end":{"line":271,"column":38}},"loc":{"start":{"line":271,"column":49},"end":{"line":306,"column":1}},"line":271},"6":{"name":"confirmDonationReceipt","decl":{"start":{"line":309,"column":15},"end":{"line":309,"column":37}},"loc":{"start":{"line":309,"column":48},"end":{"line":354,"column":1}},"line":309},"7":{"name":"(anonymous_7)","decl":{"start":{"line":330,"column":55},"end":{"line":330,"column":56}},"loc":{"start":{"line":330,"column":69},"end":{"line":347,"column":5}},"line":330},"8":{"name":"updateDonationStatus","decl":{"start":{"line":373,"column":15},"end":{"line":373,"column":35}},"loc":{"start":{"line":373,"column":46},"end":{"line":435,"column":1}},"line":373},"9":{"name":"(anonymous_9)","decl":{"start":{"line":408,"column":55},"end":{"line":408,"column":56}},"loc":{"start":{"line":408,"column":69},"end":{"line":425,"column":5}},"line":408},"10":{"name":"getInstitutionFinance","decl":{"start":{"line":439,"column":15},"end":{"line":439,"column":36}},"loc":{"start":{"line":439,"column":47},"end":{"line":484,"column":1}},"line":439},"11":{"name":"(anonymous_11)","decl":{"start":{"line":452,"column":40},"end":{"line":452,"column":41}},"loc":{"start":{"line":452,"column":45},"end":{"line":452,"column":63}},"line":452},"12":{"name":"(anonymous_12)","decl":{"start":{"line":453,"column":38},"end":{"line":453,"column":39}},"loc":{"start":{"line":453,"column":48},"end":{"line":453,"column":66}},"line":453},"13":{"name":"(anonymous_13)","decl":{"start":{"line":455,"column":28},"end":{"line":455,"column":29}},"loc":{"start":{"line":455,"column":38},"end":{"line":455,"column":49}},"line":455},"14":{"name":"(anonymous_14)","decl":{"start":{"line":458,"column":38},"end":{"line":458,"column":39}},"loc":{"start":{"line":458,"column":43},"end":{"line":470,"column":5}},"line":458},"15":{"name":"getInstitutionReceipts","decl":{"start":{"line":488,"column":15},"end":{"line":488,"column":37}},"loc":{"start":{"line":488,"column":48},"end":{"line":516,"column":1}},"line":488},"16":{"name":"(anonymous_16)","decl":{"start":{"line":501,"column":37},"end":{"line":501,"column":38}},"loc":{"start":{"line":501,"column":43},"end":{"line":509,"column":5}},"line":501}},"branchMap":{"0":{"loc":{"start":{"line":25,"column":51},"end":{"line":25,"column":69}},"type":"default-arg","locations":[{"start":{"line":25,"column":64},"end":{"line":25,"column":69}}],"line":25},"1":{"loc":{"start":{"line":26,"column":2},"end":{"line":28,"column":3}},"type":"if","locations":[{"start":{"line":26,"column":2},"end":{"line":28,"column":3}},{"start":{},"end":{}}],"line":26},"2":{"loc":{"start":{"line":31,"column":27},"end":{"line":31,"column":37}},"type":"binary-expr","locations":[{"start":{"line":31,"column":27},"end":{"line":31,"column":32}},{"start":{"line":31,"column":36},"end":{"line":31,"column":37}}],"line":31},"3":{"loc":{"start":{"line":42,"column":2},"end":{"line":52,"column":3}},"type":"if","locations":[{"start":{"line":42,"column":2},"end":{"line":52,"column":3}},{"start":{"line":46,"column":7},"end":{"line":52,"column":3}}],"line":42},"4":{"loc":{"start":{"line":46,"column":7},"end":{"line":52,"column":3}},"type":"if","locations":[{"start":{"line":46,"column":7},"end":{"line":52,"column":3}},{"start":{"line":50,"column":7},"end":{"line":52,"column":3}}],"line":46},"5":{"loc":{"start":{"line":46,"column":11},"end":{"line":46,"column":43}},"type":"binary-expr","locations":[{"start":{"line":46,"column":11},"end":{"line":46,"column":21}},{"start":{"line":46,"column":25},"end":{"line":46,"column":43}}],"line":46},"6":{"loc":{"start":{"line":50,"column":7},"end":{"line":52,"column":3}},"type":"if","locations":[{"start":{"line":50,"column":7},"end":{"line":52,"column":3}},{"start":{},"end":{}}],"line":50},"7":{"loc":{"start":{"line":85,"column":4},"end":{"line":89,"column":5}},"type":"if","locations":[{"start":{"line":85,"column":4},"end":{"line":89,"column":5}},{"start":{},"end":{}}],"line":85},"8":{"loc":{"start":{"line":85,"column":8},"end":{"line":85,"column":55}},"type":"binary-expr","locations":[{"start":{"line":85,"column":8},"end":{"line":85,"column":13}},{"start":{"line":85,"column":17},"end":{"line":85,"column":55}}],"line":85},"9":{"loc":{"start":{"line":92,"column":4},"end":{"line":96,"column":5}},"type":"if","locations":[{"start":{"line":92,"column":4},"end":{"line":96,"column":5}},{"start":{},"end":{}}],"line":92},"10":{"loc":{"start":{"line":92,"column":8},"end":{"line":92,"column":32}},"type":"binary-expr","locations":[{"start":{"line":92,"column":8},"end":{"line":92,"column":23}},{"start":{"line":92,"column":27},"end":{"line":92,"column":32}}],"line":92},"11":{"loc":{"start":{"line":98,"column":4},"end":{"line":102,"column":5}},"type":"if","locations":[{"start":{"line":98,"column":4},"end":{"line":102,"column":5}},{"start":{},"end":{}}],"line":98},"12":{"loc":{"start":{"line":98,"column":8},"end":{"line":98,"column":55}},"type":"binary-expr","locations":[{"start":{"line":98,"column":8},"end":{"line":98,"column":29}},{"start":{"line":98,"column":34},"end":{"line":98,"column":40}},{"start":{"line":98,"column":44},"end":{"line":98,"column":54}}],"line":98},"13":{"loc":{"start":{"line":105,"column":4},"end":{"line":121,"column":5}},"type":"if","locations":[{"start":{"line":105,"column":4},"end":{"line":121,"column":5}},{"start":{},"end":{}}],"line":105},"14":{"loc":{"start":{"line":110,"column":6},"end":{"line":114,"column":7}},"type":"if","locations":[{"start":{"line":110,"column":6},"end":{"line":114,"column":7}},{"start":{},"end":{}}],"line":110},"15":{"loc":{"start":{"line":110,"column":10},"end":{"line":110,"column":60}},"type":"binary-expr","locations":[{"start":{"line":110,"column":10},"end":{"line":110,"column":22}},{"start":{"line":110,"column":26},"end":{"line":110,"column":60}}],"line":110},"16":{"loc":{"start":{"line":116,"column":6},"end":{"line":120,"column":7}},"type":"if","locations":[{"start":{"line":116,"column":6},"end":{"line":120,"column":7}},{"start":{},"end":{}}],"line":116},"17":{"loc":{"start":{"line":132,"column":25},"end":{"line":132,"column":71}},"type":"cond-expr","locations":[{"start":{"line":132,"column":41},"end":{"line":132,"column":64}},{"start":{"line":132,"column":67},"end":{"line":132,"column":71}}],"line":132},"18":{"loc":{"start":{"line":134,"column":16},"end":{"line":134,"column":28}},"type":"binary-expr","locations":[{"start":{"line":134,"column":16},"end":{"line":134,"column":20}},{"start":{"line":134,"column":24},"end":{"line":134,"column":28}}],"line":134},"19":{"loc":{"start":{"line":135,"column":17},"end":{"line":135,"column":30}},"type":"binary-expr","locations":[{"start":{"line":135,"column":17},"end":{"line":135,"column":22}},{"start":{"line":135,"column":26},"end":{"line":135,"column":30}}],"line":135},"20":{"loc":{"start":{"line":138,"column":18},"end":{"line":138,"column":65}},"type":"cond-expr","locations":[{"start":{"line":138,"column":42},"end":{"line":138,"column":52}},{"start":{"line":138,"column":55},"end":{"line":138,"column":65}}],"line":138},"21":{"loc":{"start":{"line":144,"column":6},"end":{"line":151,"column":7}},"type":"if","locations":[{"start":{"line":144,"column":6},"end":{"line":151,"column":7}},{"start":{},"end":{}}],"line":144},"22":{"loc":{"start":{"line":165,"column":20},"end":{"line":165,"column":71}},"type":"cond-expr","locations":[{"start":{"line":165,"column":54},"end":{"line":165,"column":67}},{"start":{"line":165,"column":70},"end":{"line":165,"column":71}}],"line":165},"23":{"loc":{"start":{"line":166,"column":16},"end":{"line":168,"column":41}},"type":"cond-expr","locations":[{"start":{"line":167,"column":10},"end":{"line":167,"column":106}},{"start":{"line":168,"column":10},"end":{"line":168,"column":41}}],"line":166},"24":{"loc":{"start":{"line":231,"column":4},"end":{"line":233,"column":5}},"type":"if","locations":[{"start":{"line":231,"column":4},"end":{"line":233,"column":5}},{"start":{},"end":{}}],"line":231},"25":{"loc":{"start":{"line":254,"column":4},"end":{"line":256,"column":5}},"type":"if","locations":[{"start":{"line":254,"column":4},"end":{"line":256,"column":5}},{"start":{},"end":{}}],"line":254},"26":{"loc":{"start":{"line":259,"column":4},"end":{"line":261,"column":5}},"type":"if","locations":[{"start":{"line":259,"column":4},"end":{"line":261,"column":5}},{"start":{},"end":{}}],"line":259},"27":{"loc":{"start":{"line":259,"column":8},"end":{"line":259,"column":56}},"type":"binary-expr","locations":[{"start":{"line":259,"column":8},"end":{"line":259,"column":32}},{"start":{"line":259,"column":36},"end":{"line":259,"column":56}}],"line":259},"28":{"loc":{"start":{"line":275,"column":4},"end":{"line":277,"column":5}},"type":"if","locations":[{"start":{"line":275,"column":4},"end":{"line":277,"column":5}},{"start":{},"end":{}}],"line":275},"29":{"loc":{"start":{"line":299,"column":26},"end":{"line":299,"column":55}},"type":"binary-expr","locations":[{"start":{"line":299,"column":26},"end":{"line":299,"column":50}},{"start":{"line":299,"column":54},"end":{"line":299,"column":55}}],"line":299},"30":{"loc":{"start":{"line":314,"column":4},"end":{"line":316,"column":5}},"type":"if","locations":[{"start":{"line":314,"column":4},"end":{"line":316,"column":5}},{"start":{},"end":{}}],"line":314},"31":{"loc":{"start":{"line":318,"column":4},"end":{"line":320,"column":5}},"type":"if","locations":[{"start":{"line":318,"column":4},"end":{"line":320,"column":5}},{"start":{},"end":{}}],"line":318},"32":{"loc":{"start":{"line":327,"column":4},"end":{"line":327,"column":81}},"type":"if","locations":[{"start":{"line":327,"column":4},"end":{"line":327,"column":81}},{"start":{},"end":{}}],"line":327},"33":{"loc":{"start":{"line":328,"column":4},"end":{"line":328,"column":121}},"type":"if","locations":[{"start":{"line":328,"column":4},"end":{"line":328,"column":121}},{"start":{},"end":{}}],"line":328},"34":{"loc":{"start":{"line":337,"column":6},"end":{"line":344,"column":7}},"type":"if","locations":[{"start":{"line":337,"column":6},"end":{"line":344,"column":7}},{"start":{},"end":{}}],"line":337},"35":{"loc":{"start":{"line":337,"column":10},"end":{"line":337,"column":64}},"type":"binary-expr","locations":[{"start":{"line":337,"column":10},"end":{"line":337,"column":32}},{"start":{"line":337,"column":36},"end":{"line":337,"column":64}}],"line":337},"36":{"loc":{"start":{"line":380,"column":4},"end":{"line":384,"column":5}},"type":"if","locations":[{"start":{"line":380,"column":4},"end":{"line":384,"column":5}},{"start":{},"end":{}}],"line":380},"37":{"loc":{"start":{"line":386,"column":4},"end":{"line":388,"column":5}},"type":"if","locations":[{"start":{"line":386,"column":4},"end":{"line":388,"column":5}},{"start":{},"end":{}}],"line":386},"38":{"loc":{"start":{"line":392,"column":4},"end":{"line":396,"column":5}},"type":"if","locations":[{"start":{"line":392,"column":4},"end":{"line":396,"column":5}},{"start":{},"end":{}}],"line":392},"39":{"loc":{"start":{"line":392,"column":8},"end":{"line":392,"column":53}},"type":"binary-expr","locations":[{"start":{"line":392,"column":8},"end":{"line":392,"column":15}},{"start":{"line":392,"column":19},"end":{"line":392,"column":53}}],"line":392},"40":{"loc":{"start":{"line":403,"column":4},"end":{"line":405,"column":5}},"type":"if","locations":[{"start":{"line":403,"column":4},"end":{"line":405,"column":5}},{"start":{},"end":{}}],"line":403},"41":{"loc":{"start":{"line":415,"column":6},"end":{"line":422,"column":7}},"type":"if","locations":[{"start":{"line":415,"column":6},"end":{"line":422,"column":7}},{"start":{},"end":{}}],"line":415},"42":{"loc":{"start":{"line":415,"column":10},"end":{"line":415,"column":72}},"type":"binary-expr","locations":[{"start":{"line":415,"column":10},"end":{"line":415,"column":31}},{"start":{"line":415,"column":35},"end":{"line":415,"column":72}}],"line":415},"43":{"loc":{"start":{"line":441,"column":4},"end":{"line":443,"column":5}},"type":"if","locations":[{"start":{"line":441,"column":4},"end":{"line":443,"column":5}},{"start":{},"end":{}}],"line":441},"44":{"loc":{"start":{"line":452,"column":46},"end":{"line":452,"column":58}},"type":"binary-expr","locations":[{"start":{"line":452,"column":46},"end":{"line":452,"column":53}},{"start":{"line":452,"column":57},"end":{"line":452,"column":58}}],"line":452},"45":{"loc":{"start":{"line":453,"column":53},"end":{"line":453,"column":65}},"type":"binary-expr","locations":[{"start":{"line":453,"column":53},"end":{"line":453,"column":60}},{"start":{"line":453,"column":64},"end":{"line":453,"column":65}}],"line":453},"46":{"loc":{"start":{"line":454,"column":24},"end":{"line":456,"column":9}},"type":"cond-expr","locations":[{"start":{"line":455,"column":8},"end":{"line":455,"column":75}},{"start":{"line":456,"column":8},"end":{"line":456,"column":9}}],"line":454},"47":{"loc":{"start":{"line":459,"column":23},"end":{"line":459,"column":35}},"type":"binary-expr","locations":[{"start":{"line":459,"column":23},"end":{"line":459,"column":30}},{"start":{"line":459,"column":34},"end":{"line":459,"column":35}}],"line":459},"48":{"loc":{"start":{"line":462,"column":18},"end":{"line":462,"column":102}},"type":"cond-expr","locations":[{"start":{"line":462,"column":29},"end":{"line":462,"column":50}},{"start":{"line":462,"column":54},"end":{"line":462,"column":102}}],"line":462},"49":{"loc":{"start":{"line":462,"column":29},"end":{"line":462,"column":50}},"type":"binary-expr","locations":[{"start":{"line":462,"column":29},"end":{"line":462,"column":35}},{"start":{"line":462,"column":39},"end":{"line":462,"column":50}}],"line":462},"50":{"loc":{"start":{"line":462,"column":68},"end":{"line":462,"column":100}},"type":"binary-expr","locations":[{"start":{"line":462,"column":68},"end":{"line":462,"column":80}},{"start":{"line":462,"column":84},"end":{"line":462,"column":100}}],"line":462},"51":{"loc":{"start":{"line":463,"column":18},"end":{"line":465,"column":97}},"type":"cond-expr","locations":[{"start":{"line":464,"column":22},"end":{"line":464,"column":100}},{"start":{"line":465,"column":22},"end":{"line":465,"column":97}}],"line":463},"52":{"loc":{"start":{"line":465,"column":31},"end":{"line":465,"column":43}},"type":"binary-expr","locations":[{"start":{"line":465,"column":31},"end":{"line":465,"column":38}},{"start":{"line":465,"column":42},"end":{"line":465,"column":43}}],"line":465},"53":{"loc":{"start":{"line":468,"column":18},"end":{"line":468,"column":30}},"type":"binary-expr","locations":[{"start":{"line":468,"column":18},"end":{"line":468,"column":25}},{"start":{"line":468,"column":29},"end":{"line":468,"column":30}}],"line":468},"54":{"loc":{"start":{"line":490,"column":4},"end":{"line":492,"column":5}},"type":"if","locations":[{"start":{"line":490,"column":4},"end":{"line":492,"column":5}},{"start":{},"end":{}}],"line":490},"55":{"loc":{"start":{"line":504,"column":15},"end":{"line":504,"column":40}},"type":"binary-expr","locations":[{"start":{"line":504,"column":15},"end":{"line":504,"column":27}},{"start":{"line":504,"column":31},"end":{"line":504,"column":40}}],"line":504},"56":{"loc":{"start":{"line":505,"column":15},"end":{"line":505,"column":34}},"type":"binary-expr","locations":[{"start":{"line":505,"column":15},"end":{"line":505,"column":28}},{"start":{"line":505,"column":32},"end":{"line":505,"column":34}}],"line":505},"57":{"loc":{"start":{"line":506,"column":22},"end":{"line":506,"column":34}},"type":"binary-expr","locations":[{"start":{"line":506,"column":22},"end":{"line":506,"column":29}},{"start":{"line":506,"column":33},"end":{"line":506,"column":34}}],"line":506},"58":{"loc":{"start":{"line":508,"column":76},"end":{"line":508,"column":88}},"type":"binary-expr","locations":[{"start":{"line":508,"column":76},"end":{"line":508,"column":83}},{"start":{"line":508,"column":87},"end":{"line":508,"column":88}}],"line":508}},"s":{"0":1,"1":1,"2":0,"3":0,"4":0,"5":0,"6":0,"7":0,"8":0,"9":0,"10":0,"11":0,"12":0,"13":0,"14":0,"15":0,"16":0,"17":0,"18":0,"19":0,"20":0,"21":0,"22":0,"23":0,"24":0,"25":0,"26":0,"27":0,"28":0,"29":0,"30":0,"31":0,"32":0,"33":0,"34":0,"35":0,"36":0,"37":0,"38":0,"39":0,"40":0,"41":0,"42":0,"43":0,"44":0,"45":0,"46":0,"47":0,"48":0,"49":0,"50":0,"51":0,"52":0,"53":0,"54":0,"55":0,"56":0,"57":0,"58":0,"59":0,"60":0,"61":0,"62":0,"63":0,"64":0,"65":0,"66":0,"67":0,"68":0,"69":0,"70":0,"71":0,"72":0,"73":0,"74":0,"75":0,"76":0,"77":0,"78":0,"79":0,"80":0,"81":0,"82":0,"83":0,"84":0,"85":0,"86":0,"87":2,"88":2,"89":2,"90":2,"91":2,"92":1,"93":1,"94":0,"95":1,"96":1,"97":0,"98":1,"99":1,"100":0,"101":1,"102":1,"103":1,"104":1,"105":1,"106":1,"107":0,"108":0,"109":0,"110":0,"111":0,"112":0,"113":0,"114":0,"115":0,"116":0,"117":0,"118":0,"119":0,"120":0,"121":0,"122":0,"123":0,"124":0,"125":0,"126":0,"127":0,"128":0,"129":0,"130":0,"131":0,"132":0,"133":0,"134":0,"135":0,"136":1},"f":{"0":0,"1":0,"2":0,"3":0,"4":0,"5":0,"6":0,"7":0,"8":2,"9":1,"10":0,"11":0,"12":0,"13":0,"14":0,"15":0,"16":0},"b":{"0":[0],"1":[0,0],"2":[0,0],"3":[0,0],"4":[0,0],"5":[0,0],"6":[0,0],"7":[0,0],"8":[0,0],"9":[0,0],"10":[0,0],"11":[0,0],"12":[0,0,0],"13":[0,0],"14":[0,0],"15":[0,0],"16":[0,0],"17":[0,0],"18":[0,0],"19":[0,0],"20":[0,0],"21":[0,0],"22":[0,0],"23":[0,0],"24":[0,0],"25":[0,0],"26":[0,0],"27":[0,0],"28":[0,0],"29":[0,0],"30":[0,0],"31":[0,0],"32":[0,0],"33":[0,0],"34":[0,0],"35":[0,0],"36":[1,1],"37":[0,1],"38":[0,1],"39":[1,1],"40":[0,1],"41":[1,0],"42":[1,1],"43":[0,0],"44":[0,0],"45":[0,0],"46":[0,0],"47":[0,0],"48":[0,0],"49":[0,0],"50":[0,0],"51":[0,0],"52":[0,0],"53":[0,0],"54":[0,0],"55":[0,0],"56":[0,0],"57":[0,0],"58":[0,0]},"inputSourceMap":null,"_coverageSchema":"1a1c01bbd47fc00a2c39e90264f33305004495a9","hash":"73513fccdbf8ce9e2cd592b840566142633dc8e5"}
}
