{"C:\\Users\\Lucas\\Desktop\\Lucas - Ti\\Trabalho-A3\\backend\\src\\controllers\\adminController.js": {"path":"C:\\Users\\Lucas\\Desktop\\Lucas - Ti\\Trabalho-A3\\backend\\src\\controllers\\adminController.js","statementMap":{"0":{"start":{"line":5,"column":15},"end":{"line":5,"column":39}},"1":{"start":{"line":8,"column":27},"end":{"line":18,"column":1}},"2":{"start":{"line":22,"column":2},"end":{"line":32,"column":3}},"3":{"start":{"line":23,"column":25},"end":{"line":27,"column":6}},"4":{"start":{"line":28,"column":4},"end":{"line":28,"column":34}},"5":{"start":{"line":30,"column":4},"end":{"line":30,"column":59}},"6":{"start":{"line":31,"column":4},"end":{"line":31,"column":82}},"7":{"start":{"line":37,"column":2},"end":{"line":60,"column":3}},"8":{"start":{"line":38,"column":19},"end":{"line":38,"column":29}},"9":{"start":{"line":39,"column":17},"end":{"line":39,"column":78}},"10":{"start":{"line":41,"column":4},"end":{"line":43,"column":5}},"11":{"start":{"line":42,"column":6},"end":{"line":42,"column":75}},"12":{"start":{"line":45,"column":4},"end":{"line":48,"column":7}},"13":{"start":{"line":51,"column":20},"end":{"line":55,"column":6}},"14":{"start":{"line":56,"column":4},"end":{"line":56,"column":94}},"15":{"start":{"line":58,"column":4},"end":{"line":58,"column":59}},"16":{"start":{"line":59,"column":4},"end":{"line":59,"column":82}},"17":{"start":{"line":65,"column":2},"end":{"line":92,"column":3}},"18":{"start":{"line":66,"column":19},"end":{"line":66,"column":29}},"19":{"start":{"line":67,"column":23},"end":{"line":67,"column":31}},"20":{"start":{"line":69,"column":17},"end":{"line":69,"column":78}},"21":{"start":{"line":70,"column":4},"end":{"line":72,"column":5}},"22":{"start":{"line":71,"column":6},"end":{"line":71,"column":75}},"23":{"start":{"line":74,"column":4},"end":{"line":80,"column":7}},"24":{"start":{"line":83,"column":20},"end":{"line":87,"column":6}},"25":{"start":{"line":88,"column":4},"end":{"line":88,"column":95}},"26":{"start":{"line":90,"column":4},"end":{"line":90,"column":60}},"27":{"start":{"line":91,"column":4},"end":{"line":91,"column":79}},"28":{"start":{"line":98,"column":2},"end":{"line":160,"column":3}},"29":{"start":{"line":99,"column":18},"end":{"line":99,"column":102}},"30":{"start":{"line":100,"column":18},"end":{"line":100,"column":28}},"31":{"start":{"line":104,"column":6},"end":{"line":132,"column":8}},"32":{"start":{"line":135,"column":22},"end":{"line":138,"column":7}},"33":{"start":{"line":135,"column":50},"end":{"line":138,"column":5}},"34":{"start":{"line":141,"column":21},"end":{"line":141,"column":74}},"35":{"start":{"line":141,"column":53},"end":{"line":141,"column":70}},"36":{"start":{"line":142,"column":20},"end":{"line":145,"column":7}},"37":{"start":{"line":142,"column":47},"end":{"line":145,"column":5}},"38":{"start":{"line":147,"column":4},"end":{"line":156,"column":7}},"39":{"start":{"line":158,"column":4},"end":{"line":158,"column":52}},"40":{"start":{"line":159,"column":4},"end":{"line":159,"column":82}},"41":{"start":{"line":165,"column":2},"end":{"line":210,"column":3}},"42":{"start":{"line":166,"column":18},"end":{"line":166,"column":61}},"43":{"start":{"line":167,"column":18},"end":{"line":167,"column":64}},"44":{"start":{"line":168,"column":18},"end":{"line":168,"column":36}},"45":{"start":{"line":169,"column":19},"end":{"line":169,"column":49}},"46":{"start":{"line":171,"column":18},"end":{"line":178,"column":10}},"47":{"start":{"line":180,"column":29},"end":{"line":192,"column":6}},"48":{"start":{"line":194,"column":22},"end":{"line":201,"column":7}},"49":{"start":{"line":194,"column":40},"end":{"line":201,"column":5}},"50":{"start":{"line":203,"column":4},"end":{"line":206,"column":7}},"51":{"start":{"line":208,"column":4},"end":{"line":208,"column":60}},"52":{"start":{"line":209,"column":4},"end":{"line":209,"column":77}},"53":{"start":{"line":215,"column":2},"end":{"line":250,"column":3}},"54":{"start":{"line":216,"column":29},"end":{"line":216,"column":38}},"55":{"start":{"line":218,"column":20},"end":{"line":218,"column":87}},"56":{"start":{"line":219,"column":23},"end":{"line":219,"column":36}},"57":{"start":{"line":221,"column":18},"end":{"line":229,"column":5}},"58":{"start":{"line":231,"column":18},"end":{"line":235,"column":6}},"59":{"start":{"line":237,"column":23},"end":{"line":237,"column":85}},"60":{"start":{"line":238,"column":25},"end":{"line":238,"column":88}},"61":{"start":{"line":240,"column":4},"end":{"line":246,"column":9}},"62":{"start":{"line":240,"column":36},"end":{"line":246,"column":5}},"63":{"start":{"line":248,"column":4},"end":{"line":248,"column":55}},"64":{"start":{"line":249,"column":4},"end":{"line":249,"column":78}},"65":{"start":{"line":255,"column":2},"end":{"line":268,"column":3}},"66":{"start":{"line":256,"column":17},"end":{"line":256,"column":89}},"67":{"start":{"line":257,"column":4},"end":{"line":257,"column":80}},"68":{"start":{"line":257,"column":15},"end":{"line":257,"column":80}},"69":{"start":{"line":258,"column":4},"end":{"line":258,"column":100}},"70":{"start":{"line":258,"column":31},"end":{"line":258,"column":100}},"71":{"start":{"line":260,"column":4},"end":{"line":263,"column":7}},"72":{"start":{"line":264,"column":4},"end":{"line":264,"column":73}},"73":{"start":{"line":266,"column":4},"end":{"line":266,"column":56}},"74":{"start":{"line":267,"column":4},"end":{"line":267,"column":59}},"75":{"start":{"line":273,"column":2},"end":{"line":286,"column":3}},"76":{"start":{"line":274,"column":17},"end":{"line":274,"column":89}},"77":{"start":{"line":275,"column":4},"end":{"line":275,"column":80}},"78":{"start":{"line":275,"column":15},"end":{"line":275,"column":80}},"79":{"start":{"line":276,"column":4},"end":{"line":276,"column":114}},"80":{"start":{"line":276,"column":33},"end":{"line":276,"column":114}},"81":{"start":{"line":278,"column":4},"end":{"line":281,"column":7}},"82":{"start":{"line":282,"column":4},"end":{"line":282,"column":71}},"83":{"start":{"line":284,"column":4},"end":{"line":284,"column":53}},"84":{"start":{"line":285,"column":4},"end":{"line":285,"column":59}},"85":{"start":{"line":291,"column":2},"end":{"line":355,"column":3}},"86":{"start":{"line":292,"column":18},"end":{"line":292,"column":91}},"87":{"start":{"line":295,"column":17},"end":{"line":295,"column":71}},"88":{"start":{"line":296,"column":17},"end":{"line":296,"column":109}},"89":{"start":{"line":297,"column":4},"end":{"line":297,"column":33}},"90":{"start":{"line":298,"column":4},"end":{"line":298,"column":30}},"91":{"start":{"line":300,"column":18},"end":{"line":300,"column":54}},"92":{"start":{"line":305,"column":8},"end":{"line":324,"column":6}},"93":{"start":{"line":326,"column":22},"end":{"line":330,"column":7}},"94":{"start":{"line":326,"column":41},"end":{"line":330,"column":5}},"95":{"start":{"line":332,"column":21},"end":{"line":332,"column":67}},"96":{"start":{"line":332,"column":46},"end":{"line":332,"column":63}},"97":{"start":{"line":333,"column":21},"end":{"line":336,"column":7}},"98":{"start":{"line":333,"column":39},"end":{"line":336,"column":5}},"99":{"start":{"line":338,"column":24},"end":{"line":340,"column":9}},"100":{"start":{"line":342,"column":4},"end":{"line":351,"column":7}},"101":{"start":{"line":353,"column":4},"end":{"line":353,"column":55}},"102":{"start":{"line":354,"column":4},"end":{"line":354,"column":78}},"103":{"start":{"line":360,"column":2},"end":{"line":385,"column":3}},"104":{"start":{"line":361,"column":91},"end":{"line":361,"column":99}},"105":{"start":{"line":363,"column":4},"end":{"line":365,"column":5}},"106":{"start":{"line":364,"column":6},"end":{"line":364,"column":77}},"107":{"start":{"line":367,"column":19},"end":{"line":379,"column":6}},"108":{"start":{"line":381,"column":4},"end":{"line":381,"column":40}},"109":{"start":{"line":383,"column":4},"end":{"line":383,"column":56}},"110":{"start":{"line":384,"column":4},"end":{"line":384,"column":76}},"111":{"start":{"line":390,"column":2},"end":{"line":413,"column":3}},"112":{"start":{"line":391,"column":19},"end":{"line":391,"column":29}},"113":{"start":{"line":392,"column":98},"end":{"line":392,"column":106}},"114":{"start":{"line":394,"column":19},"end":{"line":407,"column":6}},"115":{"start":{"line":409,"column":4},"end":{"line":409,"column":28}},"116":{"start":{"line":411,"column":4},"end":{"line":411,"column":60}},"117":{"start":{"line":412,"column":4},"end":{"line":412,"column":80}},"118":{"start":{"line":418,"column":2},"end":{"line":431,"column":3}},"119":{"start":{"line":419,"column":19},"end":{"line":419,"column":29}},"120":{"start":{"line":423,"column":4},"end":{"line":425,"column":7}},"121":{"start":{"line":427,"column":4},"end":{"line":427,"column":67}},"122":{"start":{"line":429,"column":4},"end":{"line":429,"column":58}},"123":{"start":{"line":430,"column":4},"end":{"line":430,"column":78}},"124":{"start":{"line":434,"column":0},"end":{"line":448,"column":2}}},"fnMap":{"0":{"name":"getAllInstitutions","decl":{"start":{"line":21,"column":15},"end":{"line":21,"column":33}},"loc":{"start":{"line":21,"column":44},"end":{"line":33,"column":1}},"line":21},"1":{"name":"approveInstitution","decl":{"start":{"line":36,"column":15},"end":{"line":36,"column":33}},"loc":{"start":{"line":36,"column":44},"end":{"line":61,"column":1}},"line":36},"2":{"name":"rejectInstitution","decl":{"start":{"line":64,"column":15},"end":{"line":64,"column":32}},"loc":{"start":{"line":64,"column":43},"end":{"line":93,"column":1}},"line":64},"3":{"name":"getAdminStats","decl":{"start":{"line":97,"column":15},"end":{"line":97,"column":28}},"loc":{"start":{"line":97,"column":39},"end":{"line":161,"column":1}},"line":97},"4":{"name":"(anonymous_4)","decl":{"start":{"line":135,"column":40},"end":{"line":135,"column":41}},"loc":{"start":{"line":135,"column":50},"end":{"line":138,"column":5}},"line":135},"5":{"name":"(anonymous_5)","decl":{"start":{"line":141,"column":43},"end":{"line":141,"column":44}},"loc":{"start":{"line":141,"column":53},"end":{"line":141,"column":70}},"line":141},"6":{"name":"(anonymous_6)","decl":{"start":{"line":142,"column":39},"end":{"line":142,"column":40}},"loc":{"start":{"line":142,"column":47},"end":{"line":145,"column":5}},"line":142},"7":{"name":"getAllDonations","decl":{"start":{"line":164,"column":15},"end":{"line":164,"column":30}},"loc":{"start":{"line":164,"column":41},"end":{"line":211,"column":1}},"line":164},"8":{"name":"(anonymous_8)","decl":{"start":{"line":194,"column":34},"end":{"line":194,"column":35}},"loc":{"start":{"line":194,"column":40},"end":{"line":201,"column":5}},"line":194},"9":{"name":"getAllUsers","decl":{"start":{"line":214,"column":15},"end":{"line":214,"column":26}},"loc":{"start":{"line":214,"column":37},"end":{"line":251,"column":1}},"line":214},"10":{"name":"(anonymous_10)","decl":{"start":{"line":240,"column":30},"end":{"line":240,"column":31}},"loc":{"start":{"line":240,"column":36},"end":{"line":246,"column":5}},"line":240},"11":{"name":"promoteToAdmin","decl":{"start":{"line":254,"column":15},"end":{"line":254,"column":29}},"loc":{"start":{"line":254,"column":40},"end":{"line":269,"column":1}},"line":254},"12":{"name":"demoteAdmin","decl":{"start":{"line":272,"column":15},"end":{"line":272,"column":26}},"loc":{"start":{"line":272,"column":37},"end":{"line":287,"column":1}},"line":272},"13":{"name":"getReports","decl":{"start":{"line":290,"column":15},"end":{"line":290,"column":25}},"loc":{"start":{"line":290,"column":36},"end":{"line":356,"column":1}},"line":290},"14":{"name":"(anonymous_14)","decl":{"start":{"line":326,"column":35},"end":{"line":326,"column":36}},"loc":{"start":{"line":326,"column":41},"end":{"line":330,"column":5}},"line":326},"15":{"name":"(anonymous_15)","decl":{"start":{"line":332,"column":36},"end":{"line":332,"column":37}},"loc":{"start":{"line":332,"column":46},"end":{"line":332,"column":63}},"line":332},"16":{"name":"(anonymous_16)","decl":{"start":{"line":333,"column":33},"end":{"line":333,"column":34}},"loc":{"start":{"line":333,"column":39},"end":{"line":336,"column":5}},"line":333},"17":{"name":"createReward","decl":{"start":{"line":359,"column":15},"end":{"line":359,"column":27}},"loc":{"start":{"line":359,"column":38},"end":{"line":386,"column":1}},"line":359},"18":{"name":"updateReward","decl":{"start":{"line":389,"column":15},"end":{"line":389,"column":27}},"loc":{"start":{"line":389,"column":38},"end":{"line":414,"column":1}},"line":389},"19":{"name":"deleteReward","decl":{"start":{"line":417,"column":15},"end":{"line":417,"column":27}},"loc":{"start":{"line":417,"column":38},"end":{"line":432,"column":1}},"line":417}},"branchMap":{"0":{"loc":{"start":{"line":41,"column":4},"end":{"line":43,"column":5}},"type":"if","locations":[{"start":{"line":41,"column":4},"end":{"line":43,"column":5}},{"start":{},"end":{}}],"line":41},"1":{"loc":{"start":{"line":41,"column":8},"end":{"line":41,"column":44}},"type":"binary-expr","locations":[{"start":{"line":41,"column":8},"end":{"line":41,"column":13}},{"start":{"line":41,"column":17},"end":{"line":41,"column":44}}],"line":41},"2":{"loc":{"start":{"line":70,"column":4},"end":{"line":72,"column":5}},"type":"if","locations":[{"start":{"line":70,"column":4},"end":{"line":72,"column":5}},{"start":{},"end":{}}],"line":70},"3":{"loc":{"start":{"line":70,"column":8},"end":{"line":70,"column":44}},"type":"binary-expr","locations":[{"start":{"line":70,"column":8},"end":{"line":70,"column":13}},{"start":{"line":70,"column":17},"end":{"line":70,"column":44}}],"line":70},"4":{"loc":{"start":{"line":78,"column":25},"end":{"line":78,"column":76}},"type":"binary-expr","locations":[{"start":{"line":78,"column":25},"end":{"line":78,"column":31}},{"start":{"line":78,"column":35},"end":{"line":78,"column":76}}],"line":78},"5":{"loc":{"start":{"line":143,"column":12},"end":{"line":143,"column":60}},"type":"cond-expr","locations":[{"start":{"line":143,"column":38},"end":{"line":143,"column":50}},{"start":{"line":143,"column":53},"end":{"line":143,"column":60}}],"line":143},"6":{"loc":{"start":{"line":144,"column":13},"end":{"line":144,"column":76}},"type":"cond-expr","locations":[{"start":{"line":144,"column":28},"end":{"line":144,"column":72}},{"start":{"line":144,"column":75},"end":{"line":144,"column":76}}],"line":144},"7":{"loc":{"start":{"line":149,"column":27},"end":{"line":149,"column":58}},"type":"binary-expr","locations":[{"start":{"line":149,"column":27},"end":{"line":149,"column":53}},{"start":{"line":149,"column":57},"end":{"line":149,"column":58}}],"line":149},"8":{"loc":{"start":{"line":166,"column":30},"end":{"line":166,"column":60}},"type":"binary-expr","locations":[{"start":{"line":166,"column":30},"end":{"line":166,"column":54}},{"start":{"line":166,"column":59},"end":{"line":166,"column":60}}],"line":166},"9":{"loc":{"start":{"line":167,"column":32},"end":{"line":167,"column":63}},"type":"binary-expr","locations":[{"start":{"line":167,"column":32},"end":{"line":167,"column":57}},{"start":{"line":167,"column":61},"end":{"line":167,"column":63}}],"line":167},"10":{"loc":{"start":{"line":169,"column":19},"end":{"line":169,"column":49}},"type":"binary-expr","locations":[{"start":{"line":169,"column":19},"end":{"line":169,"column":43}},{"start":{"line":169,"column":47},"end":{"line":169,"column":49}}],"line":169},"11":{"loc":{"start":{"line":171,"column":18},"end":{"line":178,"column":10}},"type":"cond-expr","locations":[{"start":{"line":171,"column":27},"end":{"line":178,"column":5}},{"start":{"line":178,"column":8},"end":{"line":178,"column":10}}],"line":171},"12":{"loc":{"start":{"line":197,"column":19},"end":{"line":197,"column":44}},"type":"binary-expr","locations":[{"start":{"line":197,"column":19},"end":{"line":197,"column":31}},{"start":{"line":197,"column":35},"end":{"line":197,"column":44}}],"line":197},"13":{"loc":{"start":{"line":198,"column":19},"end":{"line":198,"column":67}},"type":"cond-expr","locations":[{"start":{"line":198,"column":45},"end":{"line":198,"column":57}},{"start":{"line":198,"column":60},"end":{"line":198,"column":67}}],"line":198},"14":{"loc":{"start":{"line":199,"column":19},"end":{"line":199,"column":81}},"type":"cond-expr","locations":[{"start":{"line":199,"column":45},"end":{"line":199,"column":72}},{"start":{"line":199,"column":75},"end":{"line":199,"column":81}}],"line":199},"15":{"loc":{"start":{"line":200,"column":20},"end":{"line":200,"column":61}},"type":"binary-expr","locations":[{"start":{"line":200,"column":20},"end":{"line":200,"column":39}},{"start":{"line":200,"column":43},"end":{"line":200,"column":61}}],"line":200},"16":{"loc":{"start":{"line":222,"column":10},"end":{"line":222,"column":48}},"type":"cond-expr","locations":[{"start":{"line":222,"column":23},"end":{"line":222,"column":43}},{"start":{"line":222,"column":46},"end":{"line":222,"column":48}}],"line":222},"17":{"loc":{"start":{"line":223,"column":10},"end":{"line":228,"column":12}},"type":"cond-expr","locations":[{"start":{"line":223,"column":19},"end":{"line":228,"column":7}},{"start":{"line":228,"column":10},"end":{"line":228,"column":12}}],"line":223},"18":{"loc":{"start":{"line":244,"column":14},"end":{"line":244,"column":44}},"type":"binary-expr","locations":[{"start":{"line":244,"column":14},"end":{"line":244,"column":32}},{"start":{"line":244,"column":38},"end":{"line":244,"column":44}}],"line":244},"19":{"loc":{"start":{"line":245,"column":14},"end":{"line":245,"column":48}},"type":"binary-expr","locations":[{"start":{"line":245,"column":14},"end":{"line":245,"column":36}},{"start":{"line":245,"column":40},"end":{"line":245,"column":48}}],"line":245},"20":{"loc":{"start":{"line":257,"column":4},"end":{"line":257,"column":80}},"type":"if","locations":[{"start":{"line":257,"column":4},"end":{"line":257,"column":80}},{"start":{},"end":{}}],"line":257},"21":{"loc":{"start":{"line":258,"column":4},"end":{"line":258,"column":100}},"type":"if","locations":[{"start":{"line":258,"column":4},"end":{"line":258,"column":100}},{"start":{},"end":{}}],"line":258},"22":{"loc":{"start":{"line":275,"column":4},"end":{"line":275,"column":80}},"type":"if","locations":[{"start":{"line":275,"column":4},"end":{"line":275,"column":80}},{"start":{},"end":{}}],"line":275},"23":{"loc":{"start":{"line":276,"column":4},"end":{"line":276,"column":114}},"type":"if","locations":[{"start":{"line":276,"column":4},"end":{"line":276,"column":114}},{"start":{},"end":{}}],"line":276},"24":{"loc":{"start":{"line":295,"column":17},"end":{"line":295,"column":71}},"type":"cond-expr","locations":[{"start":{"line":295,"column":34},"end":{"line":295,"column":56}},{"start":{"line":295,"column":61},"end":{"line":295,"column":71}}],"line":295},"25":{"loc":{"start":{"line":296,"column":17},"end":{"line":296,"column":109}},"type":"cond-expr","locations":[{"start":{"line":296,"column":34},"end":{"line":296,"column":58}},{"start":{"line":296,"column":61},"end":{"line":296,"column":109}}],"line":296},"26":{"loc":{"start":{"line":334,"column":13},"end":{"line":334,"column":61}},"type":"cond-expr","locations":[{"start":{"line":334,"column":39},"end":{"line":334,"column":51}},{"start":{"line":334,"column":54},"end":{"line":334,"column":61}}],"line":334},"27":{"loc":{"start":{"line":335,"column":13},"end":{"line":335,"column":76}},"type":"cond-expr","locations":[{"start":{"line":335,"column":28},"end":{"line":335,"column":72}},{"start":{"line":335,"column":75},"end":{"line":335,"column":76}}],"line":335},"28":{"loc":{"start":{"line":338,"column":24},"end":{"line":340,"column":9}},"type":"cond-expr","locations":[{"start":{"line":339,"column":8},"end":{"line":339,"column":56}},{"start":{"line":340,"column":8},"end":{"line":340,"column":9}}],"line":338},"29":{"loc":{"start":{"line":339,"column":9},"end":{"line":339,"column":40}},"type":"binary-expr","locations":[{"start":{"line":339,"column":9},"end":{"line":339,"column":35}},{"start":{"line":339,"column":39},"end":{"line":339,"column":40}}],"line":339},"30":{"loc":{"start":{"line":344,"column":32},"end":{"line":344,"column":63}},"type":"binary-expr","locations":[{"start":{"line":344,"column":32},"end":{"line":344,"column":58}},{"start":{"line":344,"column":62},"end":{"line":344,"column":63}}],"line":344},"31":{"loc":{"start":{"line":363,"column":4},"end":{"line":365,"column":5}},"type":"if","locations":[{"start":{"line":363,"column":4},"end":{"line":365,"column":5}},{"start":{},"end":{}}],"line":363},"32":{"loc":{"start":{"line":363,"column":8},"end":{"line":363,"column":22}},"type":"binary-expr","locations":[{"start":{"line":363,"column":8},"end":{"line":363,"column":13}},{"start":{"line":363,"column":17},"end":{"line":363,"column":22}}],"line":363},"33":{"loc":{"start":{"line":371,"column":21},"end":{"line":371,"column":47}},"type":"binary-expr","locations":[{"start":{"line":371,"column":21},"end":{"line":371,"column":42}},{"start":{"line":371,"column":46},"end":{"line":371,"column":47}}],"line":371},"34":{"loc":{"start":{"line":373,"column":17},"end":{"line":373,"column":39}},"type":"binary-expr","locations":[{"start":{"line":373,"column":17},"end":{"line":373,"column":34}},{"start":{"line":373,"column":38},"end":{"line":373,"column":39}}],"line":373},"35":{"loc":{"start":{"line":374,"column":15},"end":{"line":374,"column":47}},"type":"cond-expr","locations":[{"start":{"line":374,"column":23},"end":{"line":374,"column":40}},{"start":{"line":374,"column":43},"end":{"line":374,"column":47}}],"line":374},"36":{"loc":{"start":{"line":375,"column":21},"end":{"line":375,"column":63}},"type":"cond-expr","locations":[{"start":{"line":375,"column":35},"end":{"line":375,"column":56}},{"start":{"line":375,"column":59},"end":{"line":375,"column":63}}],"line":375},"37":{"loc":{"start":{"line":399,"column":21},"end":{"line":399,"column":82}},"type":"cond-expr","locations":[{"start":{"line":399,"column":49},"end":{"line":399,"column":70}},{"start":{"line":399,"column":73},"end":{"line":399,"column":82}}],"line":399},"38":{"loc":{"start":{"line":401,"column":17},"end":{"line":401,"column":70}},"type":"cond-expr","locations":[{"start":{"line":401,"column":41},"end":{"line":401,"column":58}},{"start":{"line":401,"column":61},"end":{"line":401,"column":70}}],"line":401},"39":{"loc":{"start":{"line":402,"column":15},"end":{"line":402,"column":83}},"type":"cond-expr","locations":[{"start":{"line":402,"column":38},"end":{"line":402,"column":70}},{"start":{"line":402,"column":74},"end":{"line":402,"column":83}}],"line":402},"40":{"loc":{"start":{"line":402,"column":38},"end":{"line":402,"column":70}},"type":"cond-expr","locations":[{"start":{"line":402,"column":46},"end":{"line":402,"column":63}},{"start":{"line":402,"column":66},"end":{"line":402,"column":70}}],"line":402},"41":{"loc":{"start":{"line":403,"column":21},"end":{"line":403,"column":105}},"type":"cond-expr","locations":[{"start":{"line":403,"column":50},"end":{"line":403,"column":92}},{"start":{"line":403,"column":96},"end":{"line":403,"column":105}}],"line":403},"42":{"loc":{"start":{"line":403,"column":50},"end":{"line":403,"column":92}},"type":"cond-expr","locations":[{"start":{"line":403,"column":64},"end":{"line":403,"column":85}},{"start":{"line":403,"column":88},"end":{"line":403,"column":92}}],"line":403},"43":{"loc":{"start":{"line":404,"column":19},"end":{"line":404,"column":66}},"type":"cond-expr","locations":[{"start":{"line":404,"column":45},"end":{"line":404,"column":54}},{"start":{"line":404,"column":57},"end":{"line":404,"column":66}}],"line":404},"44":{"loc":{"start":{"line":405,"column":15},"end":{"line":405,"column":56}},"type":"cond-expr","locations":[{"start":{"line":405,"column":37},"end":{"line":405,"column":44}},{"start":{"line":405,"column":47},"end":{"line":405,"column":56}}],"line":405}},"s":{"0":1,"1":1,"2":0,"3":0,"4":0,"5":0,"6":0,"7":1,"8":1,"9":1,"10":1,"11":0,"12":1,"13":1,"14":1,"15":0,"16":0,"17":0,"18":0,"19":0,"20":0,"21":0,"22":0,"23":0,"24":0,"25":0,"26":0,"27":0,"28":1,"29":1,"30":1,"31":1,"32":1,"33":0,"34":1,"35":2,"36":1,"37":2,"38":1,"39":0,"40":0,"41":0,"42":0,"43":0,"44":0,"45":0,"46":0,"47":0,"48":0,"49":0,"50":0,"51":0,"52":0,"53":0,"54":0,"55":0,"56":0,"57":0,"58":0,"59":0,"60":0,"61":0,"62":0,"63":0,"64":0,"65":1,"66":1,"67":1,"68":0,"69":1,"70":0,"71":1,"72":1,"73":0,"74":0,"75":0,"76":0,"77":0,"78":0,"79":0,"80":0,"81":0,"82":0,"83":0,"84":0,"85":0,"86":0,"87":0,"88":0,"89":0,"90":0,"91":0,"92":0,"93":0,"94":0,"95":0,"96":0,"97":0,"98":0,"99":0,"100":0,"101":0,"102":0,"103":0,"104":0,"105":0,"106":0,"107":0,"108":0,"109":0,"110":0,"111":0,"112":0,"113":0,"114":0,"115":0,"116":0,"117":0,"118":0,"119":0,"120":0,"121":0,"122":0,"123":0,"124":1},"f":{"0":0,"1":1,"2":0,"3":1,"4":0,"5":2,"6":2,"7":0,"8":0,"9":0,"10":0,"11":1,"12":0,"13":0,"14":0,"15":0,"16":0,"17":0,"18":0,"19":0},"b":{"0":[0,1],"1":[1,1],"2":[0,0],"3":[0,0],"4":[0,0],"5":[1,1],"6":[2,0],"7":[1,0],"8":[0,0],"9":[0,0],"10":[0,0],"11":[0,0],"12":[0,0],"13":[0,0],"14":[0,0],"15":[0,0],"16":[0,0],"17":[0,0],"18":[0,0],"19":[0,0],"20":[0,1],"21":[0,1],"22":[0,0],"23":[0,0],"24":[0,0],"25":[0,0],"26":[0,0],"27":[0,0],"28":[0,0],"29":[0,0],"30":[0,0],"31":[0,0],"32":[0,0],"33":[0,0],"34":[0,0],"35":[0,0],"36":[0,0],"37":[0,0],"38":[0,0],"39":[0,0],"40":[0,0],"41":[0,0],"42":[0,0],"43":[0,0],"44":[0,0]},"inputSourceMap":null,"_coverageSchema":"1a1c01bbd47fc00a2c39e90264f33305004495a9","hash":"d1b188431ab4a2fc704ab021453f253063e38731"}
,"C:\\Users\\Lucas\\Desktop\\Lucas - Ti\\Trabalho-A3\\backend\\src\\controllers\\authController.js": {"path":"C:\\Users\\Lucas\\Desktop\\Lucas - Ti\\Trabalho-A3\\backend\\src\\controllers\\authController.js","statementMap":{"0":{"start":{"line":10,"column":15},"end":{"line":10,"column":39}},"1":{"start":{"line":11,"column":15},"end":{"line":11,"column":34}},"2":{"start":{"line":12,"column":12},"end":{"line":12,"column":35}},"3":{"start":{"line":15,"column":27},"end":{"line":15,"column":29}},"4":{"start":{"line":18,"column":23},"end":{"line":18,"column":27}},"5":{"start":{"line":42,"column":2},"end":{"line":125,"column":3}},"6":{"start":{"line":43,"column":89},"end":{"line":43,"column":97}},"7":{"start":{"line":46,"column":4},"end":{"line":50,"column":5}},"8":{"start":{"line":47,"column":6},"end":{"line":49,"column":9}},"9":{"start":{"line":54,"column":24},"end":{"line":54,"column":73}},"10":{"start":{"line":57,"column":27},"end":{"line":59,"column":6}},"11":{"start":{"line":61,"column":4},"end":{"line":65,"column":5}},"12":{"start":{"line":62,"column":6},"end":{"line":64,"column":9}},"13":{"start":{"line":68,"column":4},"end":{"line":79,"column":5}},"14":{"start":{"line":69,"column":27},"end":{"line":69,"column":50}},"15":{"start":{"line":70,"column":28},"end":{"line":72,"column":8}},"16":{"start":{"line":74,"column":6},"end":{"line":78,"column":7}},"17":{"start":{"line":75,"column":8},"end":{"line":77,"column":11}},"18":{"start":{"line":82,"column":22},"end":{"line":82,"column":66}},"19":{"start":{"line":85,"column":26},"end":{"line":85,"column":80}},"20":{"start":{"line":88,"column":24},"end":{"line":100,"column":6}},"21":{"start":{"line":103,"column":18},"end":{"line":107,"column":5}},"22":{"start":{"line":110,"column":4},"end":{"line":121,"column":7}},"23":{"start":{"line":123,"column":4},"end":{"line":123,"column":48}},"24":{"start":{"line":124,"column":4},"end":{"line":124,"column":80}},"25":{"start":{"line":148,"column":2},"end":{"line":211,"column":3}},"26":{"start":{"line":149,"column":29},"end":{"line":149,"column":37}},"27":{"start":{"line":152,"column":4},"end":{"line":156,"column":5}},"28":{"start":{"line":153,"column":6},"end":{"line":155,"column":9}},"29":{"start":{"line":159,"column":20},"end":{"line":161,"column":6}},"30":{"start":{"line":163,"column":4},"end":{"line":167,"column":5}},"31":{"start":{"line":164,"column":6},"end":{"line":166,"column":9}},"32":{"start":{"line":170,"column":24},"end":{"line":170,"column":66}},"33":{"start":{"line":172,"column":4},"end":{"line":176,"column":5}},"34":{"start":{"line":173,"column":6},"end":{"line":175,"column":9}},"35":{"start":{"line":179,"column":4},"end":{"line":184,"column":5}},"36":{"start":{"line":180,"column":6},"end":{"line":183,"column":9}},"37":{"start":{"line":187,"column":4},"end":{"line":191,"column":5}},"38":{"start":{"line":188,"column":6},"end":{"line":190,"column":9}},"39":{"start":{"line":194,"column":18},"end":{"line":198,"column":5}},"40":{"start":{"line":201,"column":4},"end":{"line":207,"column":7}},"41":{"start":{"line":209,"column":4},"end":{"line":209,"column":45}},"42":{"start":{"line":210,"column":4},"end":{"line":210,"column":74}},"43":{"start":{"line":228,"column":2},"end":{"line":256,"column":3}},"44":{"start":{"line":229,"column":20},"end":{"line":246,"column":6}},"45":{"start":{"line":248,"column":4},"end":{"line":250,"column":5}},"46":{"start":{"line":249,"column":6},"end":{"line":249,"column":71}},"47":{"start":{"line":252,"column":4},"end":{"line":252,"column":29}},"48":{"start":{"line":254,"column":4},"end":{"line":254,"column":54}},"49":{"start":{"line":255,"column":4},"end":{"line":255,"column":86}},"50":{"start":{"line":261,"column":2},"end":{"line":293,"column":3}},"51":{"start":{"line":262,"column":85},"end":{"line":262,"column":93}},"52":{"start":{"line":263,"column":19},"end":{"line":263,"column":30}},"53":{"start":{"line":265,"column":30},"end":{"line":284,"column":6}},"54":{"start":{"line":286,"column":4},"end":{"line":289,"column":7}},"55":{"start":{"line":291,"column":4},"end":{"line":291,"column":56}},"56":{"start":{"line":292,"column":4},"end":{"line":292,"column":79}},"57":{"start":{"line":298,"column":2},"end":{"line":318,"column":3}},"58":{"start":{"line":299,"column":25},"end":{"line":313,"column":6}},"59":{"start":{"line":314,"column":4},"end":{"line":314,"column":34}},"60":{"start":{"line":316,"column":4},"end":{"line":316,"column":61}},"61":{"start":{"line":317,"column":4},"end":{"line":317,"column":74}},"62":{"start":{"line":321,"column":0},"end":{"line":321,"column":81}}},"fnMap":{"0":{"name":"register","decl":{"start":{"line":41,"column":15},"end":{"line":41,"column":23}},"loc":{"start":{"line":41,"column":34},"end":{"line":126,"column":1}},"line":41},"1":{"name":"login","decl":{"start":{"line":147,"column":15},"end":{"line":147,"column":20}},"loc":{"start":{"line":147,"column":31},"end":{"line":212,"column":1}},"line":147},"2":{"name":"me","decl":{"start":{"line":227,"column":15},"end":{"line":227,"column":17}},"loc":{"start":{"line":227,"column":28},"end":{"line":257,"column":1}},"line":227},"3":{"name":"updateProfile","decl":{"start":{"line":260,"column":15},"end":{"line":260,"column":28}},"loc":{"start":{"line":260,"column":39},"end":{"line":294,"column":1}},"line":260},"4":{"name":"getApprovedInstitutions","decl":{"start":{"line":297,"column":15},"end":{"line":297,"column":38}},"loc":{"start":{"line":297,"column":49},"end":{"line":319,"column":1}},"line":297}},"branchMap":{"0":{"loc":{"start":{"line":46,"column":4},"end":{"line":50,"column":5}},"type":"if","locations":[{"start":{"line":46,"column":4},"end":{"line":50,"column":5}},{"start":{},"end":{}}],"line":46},"1":{"loc":{"start":{"line":46,"column":8},"end":{"line":46,"column":33}},"type":"binary-expr","locations":[{"start":{"line":46,"column":8},"end":{"line":46,"column":13}},{"start":{"line":46,"column":17},"end":{"line":46,"column":23}},{"start":{"line":46,"column":27},"end":{"line":46,"column":33}}],"line":46},"2":{"loc":{"start":{"line":54,"column":24},"end":{"line":54,"column":73}},"type":"cond-expr","locations":[{"start":{"line":54,"column":51},"end":{"line":54,"column":64}},{"start":{"line":54,"column":67},"end":{"line":54,"column":73}}],"line":54},"3":{"loc":{"start":{"line":61,"column":4},"end":{"line":65,"column":5}},"type":"if","locations":[{"start":{"line":61,"column":4},"end":{"line":65,"column":5}},{"start":{},"end":{}}],"line":61},"4":{"loc":{"start":{"line":68,"column":4},"end":{"line":79,"column":5}},"type":"if","locations":[{"start":{"line":68,"column":4},"end":{"line":79,"column":5}},{"start":{},"end":{}}],"line":68},"5":{"loc":{"start":{"line":74,"column":6},"end":{"line":78,"column":7}},"type":"if","locations":[{"start":{"line":74,"column":6},"end":{"line":78,"column":7}},{"start":{},"end":{}}],"line":74},"6":{"loc":{"start":{"line":85,"column":26},"end":{"line":85,"column":80}},"type":"cond-expr","locations":[{"start":{"line":85,"column":58},"end":{"line":85,"column":67}},{"start":{"line":85,"column":70},"end":{"line":85,"column":80}}],"line":85},"7":{"loc":{"start":{"line":95,"column":14},"end":{"line":95,"column":26}},"type":"binary-expr","locations":[{"start":{"line":95,"column":14},"end":{"line":95,"column":18}},{"start":{"line":95,"column":22},"end":{"line":95,"column":26}}],"line":95},"8":{"loc":{"start":{"line":96,"column":30},"end":{"line":96,"column":89}},"type":"cond-expr","locations":[{"start":{"line":96,"column":62},"end":{"line":96,"column":82}},{"start":{"line":96,"column":85},"end":{"line":96,"column":89}}],"line":96},"9":{"loc":{"start":{"line":97,"column":18},"end":{"line":97,"column":65}},"type":"cond-expr","locations":[{"start":{"line":97,"column":50},"end":{"line":97,"column":58}},{"start":{"line":97,"column":61},"end":{"line":97,"column":65}}],"line":97},"10":{"loc":{"start":{"line":98,"column":18},"end":{"line":98,"column":65}},"type":"cond-expr","locations":[{"start":{"line":98,"column":50},"end":{"line":98,"column":58}},{"start":{"line":98,"column":61},"end":{"line":98,"column":65}}],"line":98},"11":{"loc":{"start":{"line":152,"column":4},"end":{"line":156,"column":5}},"type":"if","locations":[{"start":{"line":152,"column":4},"end":{"line":156,"column":5}},{"start":{},"end":{}}],"line":152},"12":{"loc":{"start":{"line":152,"column":8},"end":{"line":152,"column":24}},"type":"binary-expr","locations":[{"start":{"line":152,"column":8},"end":{"line":152,"column":14}},{"start":{"line":152,"column":18},"end":{"line":152,"column":24}}],"line":152},"13":{"loc":{"start":{"line":163,"column":4},"end":{"line":167,"column":5}},"type":"if","locations":[{"start":{"line":163,"column":4},"end":{"line":167,"column":5}},{"start":{},"end":{}}],"line":163},"14":{"loc":{"start":{"line":172,"column":4},"end":{"line":176,"column":5}},"type":"if","locations":[{"start":{"line":172,"column":4},"end":{"line":176,"column":5}},{"start":{},"end":{}}],"line":172},"15":{"loc":{"start":{"line":179,"column":4},"end":{"line":184,"column":5}},"type":"if","locations":[{"start":{"line":179,"column":4},"end":{"line":184,"column":5}},{"start":{},"end":{}}],"line":179},"16":{"loc":{"start":{"line":182,"column":16},"end":{"line":182,"column":101}},"type":"binary-expr","locations":[{"start":{"line":182,"column":16},"end":{"line":182,"column":39}},{"start":{"line":182,"column":43},"end":{"line":182,"column":101}}],"line":182},"17":{"loc":{"start":{"line":187,"column":4},"end":{"line":191,"column":5}},"type":"if","locations":[{"start":{"line":187,"column":4},"end":{"line":191,"column":5}},{"start":{},"end":{}}],"line":187},"18":{"loc":{"start":{"line":187,"column":8},"end":{"line":187,"column":70}},"type":"binary-expr","locations":[{"start":{"line":187,"column":8},"end":{"line":187,"column":38}},{"start":{"line":187,"column":42},"end":{"line":187,"column":70}}],"line":187},"19":{"loc":{"start":{"line":248,"column":4},"end":{"line":250,"column":5}},"type":"if","locations":[{"start":{"line":248,"column":4},"end":{"line":250,"column":5}},{"start":{},"end":{}}],"line":248},"20":{"loc":{"start":{"line":268,"column":12},"end":{"line":268,"column":58}},"type":"binary-expr","locations":[{"start":{"line":268,"column":12},"end":{"line":268,"column":46}},{"start":{"line":268,"column":50},"end":{"line":268,"column":58}}],"line":268},"21":{"loc":{"start":{"line":269,"column":12},"end":{"line":269,"column":62}},"type":"binary-expr","locations":[{"start":{"line":269,"column":12},"end":{"line":269,"column":46}},{"start":{"line":269,"column":50},"end":{"line":269,"column":62}}],"line":269},"22":{"loc":{"start":{"line":270,"column":12},"end":{"line":270,"column":62}},"type":"binary-expr","locations":[{"start":{"line":270,"column":12},"end":{"line":270,"column":46}},{"start":{"line":270,"column":50},"end":{"line":270,"column":62}}],"line":270},"23":{"loc":{"start":{"line":271,"column":12},"end":{"line":271,"column":74}},"type":"binary-expr","locations":[{"start":{"line":271,"column":12},"end":{"line":271,"column":46}},{"start":{"line":271,"column":50},"end":{"line":271,"column":74}}],"line":271},"24":{"loc":{"start":{"line":272,"column":12},"end":{"line":272,"column":74}},"type":"binary-expr","locations":[{"start":{"line":272,"column":12},"end":{"line":272,"column":46}},{"start":{"line":272,"column":50},"end":{"line":272,"column":74}}],"line":272}},"s":{"0":1,"1":1,"2":1,"3":1,"4":1,"5":3,"6":3,"7":3,"8":1,"9":2,"10":2,"11":2,"12":1,"13":1,"14":0,"15":0,"16":0,"17":0,"18":1,"19":1,"20":1,"21":1,"22":1,"23":0,"24":0,"25":3,"26":3,"27":3,"28":1,"29":2,"30":2,"31":1,"32":1,"33":1,"34":0,"35":1,"36":0,"37":1,"38":0,"39":1,"40":1,"41":0,"42":0,"43":2,"44":2,"45":2,"46":1,"47":1,"48":0,"49":0,"50":1,"51":1,"52":1,"53":1,"54":1,"55":0,"56":0,"57":1,"58":1,"59":1,"60":0,"61":0,"62":1},"f":{"0":3,"1":3,"2":2,"3":1,"4":1},"b":{"0":[1,2],"1":[3,2,2],"2":[0,2],"3":[1,1],"4":[0,1],"5":[0,0],"6":[0,1],"7":[1,1],"8":[0,1],"9":[0,1],"10":[0,1],"11":[1,2],"12":[3,3],"13":[1,1],"14":[0,1],"15":[0,1],"16":[0,0],"17":[0,1],"18":[1,0],"19":[1,1],"20":[1,1],"21":[1,1],"22":[1,0],"23":[1,0],"24":[1,0]},"inputSourceMap":null,"_coverageSchema":"1a1c01bbd47fc00a2c39e90264f33305004495a9","hash":"3885b885d9bdce717fe3d68e7922c01601895361"}
,"C:\\Users\\Lucas\\Desktop\\Lucas - Ti\\Trabalho-A3\\backend\\src\\controllers\\donationController.js": {"path":"C:\\Users\\Lucas\\Desktop\\Lucas - Ti\\Trabalho-A3\\backend\\src\\controllers\\donationController.js","statementMap":{"0":{"start":{"line":12,"column":15},"end":{"line":12,"column":39}},"1":{"start":{"line":20,"column":25},"end":{"line":20,"column":27}},"2":{"start":{"line":26,"column":2},"end":{"line":49,"column":3}},"3":{"start":{"line":27,"column":17},"end":{"line":30,"column":6}},"4":{"start":{"line":32,"column":24},"end":{"line":32,"column":25}},"5":{"start":{"line":33,"column":17},"end":{"line":33,"column":23}},"6":{"start":{"line":35,"column":4},"end":{"line":38,"column":5}},"7":{"start":{"line":36,"column":6},"end":{"line":36,"column":24}},"8":{"start":{"line":37,"column":6},"end":{"line":37,"column":45}},"9":{"start":{"line":40,"column":4},"end":{"line":45,"column":7}},"10":{"start":{"line":47,"column":4},"end":{"line":47,"column":60}},"11":{"start":{"line":48,"column":4},"end":{"line":48,"column":59}},"12":{"start":{"line":56,"column":2},"end":{"line":58,"column":3}},"13":{"start":{"line":57,"column":4},"end":{"line":57,"column":28}},"14":{"start":{"line":61,"column":15},"end":{"line":61,"column":43}},"15":{"start":{"line":64,"column":15},"end":{"line":67,"column":4}},"16":{"start":{"line":69,"column":22},"end":{"line":69,"column":23}},"17":{"start":{"line":72,"column":2},"end":{"line":82,"column":3}},"18":{"start":{"line":73,"column":4},"end":{"line":73,"column":22}},"19":{"start":{"line":76,"column":7},"end":{"line":82,"column":3}},"20":{"start":{"line":77,"column":4},"end":{"line":77,"column":22}},"21":{"start":{"line":80,"column":7},"end":{"line":82,"column":3}},"22":{"start":{"line":81,"column":4},"end":{"line":81,"column":24}},"23":{"start":{"line":84,"column":2},"end":{"line":84,"column":44}},"24":{"start":{"line":110,"column":2},"end":{"line":203,"column":3}},"25":{"start":{"line":111,"column":19},"end":{"line":111,"column":30}},"26":{"start":{"line":112,"column":49},"end":{"line":112,"column":57}},"27":{"start":{"line":115,"column":4},"end":{"line":119,"column":5}},"28":{"start":{"line":116,"column":6},"end":{"line":118,"column":9}},"29":{"start":{"line":122,"column":4},"end":{"line":126,"column":5}},"30":{"start":{"line":123,"column":6},"end":{"line":125,"column":9}},"31":{"start":{"line":128,"column":4},"end":{"line":132,"column":5}},"32":{"start":{"line":129,"column":6},"end":{"line":131,"column":9}},"33":{"start":{"line":135,"column":4},"end":{"line":151,"column":5}},"34":{"start":{"line":136,"column":26},"end":{"line":138,"column":8}},"35":{"start":{"line":140,"column":6},"end":{"line":144,"column":7}},"36":{"start":{"line":141,"column":8},"end":{"line":143,"column":11}},"37":{"start":{"line":146,"column":6},"end":{"line":150,"column":7}},"38":{"start":{"line":147,"column":8},"end":{"line":149,"column":11}},"39":{"start":{"line":154,"column":26},"end":{"line":154,"column":88}},"40":{"start":{"line":157,"column":22},"end":{"line":184,"column":6}},"41":{"start":{"line":159,"column":21},"end":{"line":171,"column":8}},"42":{"start":{"line":174,"column":6},"end":{"line":181,"column":7}},"43":{"start":{"line":175,"column":8},"end":{"line":180,"column":11}},"44":{"start":{"line":183,"column":6},"end":{"line":183,"column":20}},"45":{"start":{"line":186,"column":4},"end":{"line":199,"column":7}},"46":{"start":{"line":201,"column":4},"end":{"line":201,"column":52}},"47":{"start":{"line":202,"column":4},"end":{"line":202,"column":79}},"48":{"start":{"line":219,"column":2},"end":{"line":239,"column":3}},"49":{"start":{"line":220,"column":19},"end":{"line":220,"column":30}},"50":{"start":{"line":222,"column":20},"end":{"line":233,"column":6}},"51":{"start":{"line":235,"column":4},"end":{"line":235,"column":29}},"52":{"start":{"line":237,"column":4},"end":{"line":237,"column":54}},"53":{"start":{"line":238,"column":4},"end":{"line":238,"column":77}},"54":{"start":{"line":256,"column":2},"end":{"line":297,"column":3}},"55":{"start":{"line":257,"column":23},"end":{"line":257,"column":46}},"56":{"start":{"line":258,"column":19},"end":{"line":258,"column":30}},"57":{"start":{"line":259,"column":21},"end":{"line":259,"column":34}},"58":{"start":{"line":261,"column":4},"end":{"line":263,"column":5}},"59":{"start":{"line":262,"column":6},"end":{"line":262,"column":70}},"60":{"start":{"line":265,"column":19},"end":{"line":282,"column":6}},"61":{"start":{"line":284,"column":4},"end":{"line":286,"column":5}},"62":{"start":{"line":285,"column":6},"end":{"line":285,"column":70}},"63":{"start":{"line":289,"column":4},"end":{"line":291,"column":5}},"64":{"start":{"line":290,"column":6},"end":{"line":290,"column":70}},"65":{"start":{"line":293,"column":4},"end":{"line":293,"column":28}},"66":{"start":{"line":295,"column":4},"end":{"line":295,"column":53}},"67":{"start":{"line":296,"column":4},"end":{"line":296,"column":76}},"68":{"start":{"line":302,"column":2},"end":{"line":335,"column":3}},"69":{"start":{"line":303,"column":26},"end":{"line":303,"column":37}},"70":{"start":{"line":305,"column":4},"end":{"line":307,"column":5}},"71":{"start":{"line":306,"column":6},"end":{"line":306,"column":101}},"72":{"start":{"line":310,"column":37},"end":{"line":327,"column":6}},"73":{"start":{"line":329,"column":26},"end":{"line":329,"column":55}},"74":{"start":{"line":331,"column":4},"end":{"line":331,"column":48}},"75":{"start":{"line":333,"column":4},"end":{"line":333,"column":64}},"76":{"start":{"line":334,"column":4},"end":{"line":334,"column":77}},"77":{"start":{"line":340,"column":2},"end":{"line":383,"column":3}},"78":{"start":{"line":341,"column":26},"end":{"line":341,"column":37}},"79":{"start":{"line":342,"column":23},"end":{"line":342,"column":46}},"80":{"start":{"line":344,"column":4},"end":{"line":346,"column":5}},"81":{"start":{"line":345,"column":6},"end":{"line":345,"column":89}},"82":{"start":{"line":348,"column":4},"end":{"line":350,"column":5}},"83":{"start":{"line":349,"column":6},"end":{"line":349,"column":70}},"84":{"start":{"line":353,"column":19},"end":{"line":355,"column":6}},"85":{"start":{"line":357,"column":4},"end":{"line":357,"column":81}},"86":{"start":{"line":357,"column":17},"end":{"line":357,"column":81}},"87":{"start":{"line":358,"column":4},"end":{"line":358,"column":121}},"88":{"start":{"line":358,"column":48},"end":{"line":358,"column":121}},"89":{"start":{"line":360,"column":29},"end":{"line":377,"column":6}},"90":{"start":{"line":361,"column":22},"end":{"line":364,"column":8}},"91":{"start":{"line":367,"column":6},"end":{"line":374,"column":7}},"92":{"start":{"line":368,"column":8},"end":{"line":373,"column":11}},"93":{"start":{"line":376,"column":6},"end":{"line":376,"column":21}},"94":{"start":{"line":379,"column":4},"end":{"line":379,"column":93}},"95":{"start":{"line":381,"column":4},"end":{"line":381,"column":61}},"96":{"start":{"line":382,"column":4},"end":{"line":382,"column":84}},"97":{"start":{"line":404,"column":2},"end":{"line":464,"column":3}},"98":{"start":{"line":405,"column":23},"end":{"line":405,"column":46}},"99":{"start":{"line":406,"column":23},"end":{"line":406,"column":31}},"100":{"start":{"line":407,"column":21},"end":{"line":407,"column":34}},"101":{"start":{"line":410,"column":4},"end":{"line":414,"column":5}},"102":{"start":{"line":411,"column":6},"end":{"line":413,"column":9}},"103":{"start":{"line":416,"column":4},"end":{"line":418,"column":5}},"104":{"start":{"line":417,"column":6},"end":{"line":417,"column":70}},"105":{"start":{"line":421,"column":29},"end":{"line":421,"column":65}},"106":{"start":{"line":422,"column":4},"end":{"line":426,"column":5}},"107":{"start":{"line":423,"column":6},"end":{"line":425,"column":9}},"108":{"start":{"line":429,"column":28},"end":{"line":431,"column":6}},"109":{"start":{"line":433,"column":4},"end":{"line":435,"column":5}},"110":{"start":{"line":434,"column":6},"end":{"line":434,"column":70}},"111":{"start":{"line":438,"column":29},"end":{"line":455,"column":6}},"112":{"start":{"line":439,"column":22},"end":{"line":442,"column":8}},"113":{"start":{"line":445,"column":6},"end":{"line":452,"column":7}},"114":{"start":{"line":446,"column":8},"end":{"line":451,"column":11}},"115":{"start":{"line":454,"column":6},"end":{"line":454,"column":21}},"116":{"start":{"line":457,"column":4},"end":{"line":460,"column":7}},"117":{"start":{"line":462,"column":4},"end":{"line":462,"column":56}},"118":{"start":{"line":463,"column":4},"end":{"line":463,"column":79}},"119":{"start":{"line":470,"column":2},"end":{"line":513,"column":3}},"120":{"start":{"line":471,"column":4},"end":{"line":473,"column":5}},"121":{"start":{"line":472,"column":6},"end":{"line":472,"column":62}},"122":{"start":{"line":474,"column":26},"end":{"line":474,"column":37}},"123":{"start":{"line":476,"column":20},"end":{"line":480,"column":6}},"124":{"start":{"line":482,"column":25},"end":{"line":482,"column":64}},"125":{"start":{"line":482,"column":45},"end":{"line":482,"column":63}},"126":{"start":{"line":483,"column":23},"end":{"line":483,"column":70}},"127":{"start":{"line":483,"column":48},"end":{"line":483,"column":66}},"128":{"start":{"line":484,"column":24},"end":{"line":486,"column":9}},"129":{"start":{"line":485,"column":38},"end":{"line":485,"column":49}},"130":{"start":{"line":488,"column":26},"end":{"line":500,"column":6}},"131":{"start":{"line":489,"column":22},"end":{"line":489,"column":40}},"132":{"start":{"line":490,"column":6},"end":{"line":499,"column":8}},"133":{"start":{"line":502,"column":4},"end":{"line":509,"column":7}},"134":{"start":{"line":511,"column":4},"end":{"line":511,"column":61}},"135":{"start":{"line":512,"column":4},"end":{"line":512,"column":59}},"136":{"start":{"line":519,"column":2},"end":{"line":545,"column":3}},"137":{"start":{"line":520,"column":4},"end":{"line":522,"column":5}},"138":{"start":{"line":521,"column":6},"end":{"line":521,"column":62}},"139":{"start":{"line":523,"column":26},"end":{"line":523,"column":37}},"140":{"start":{"line":525,"column":20},"end":{"line":529,"column":6}},"141":{"start":{"line":531,"column":25},"end":{"line":539,"column":7}},"142":{"start":{"line":531,"column":43},"end":{"line":539,"column":5}},"143":{"start":{"line":541,"column":4},"end":{"line":541,"column":34}},"144":{"start":{"line":543,"column":4},"end":{"line":543,"column":63}},"145":{"start":{"line":544,"column":4},"end":{"line":544,"column":59}},"146":{"start":{"line":548,"column":0},"end":{"line":558,"column":2}}},"fnMap":{"0":{"name":"getMultiplier","decl":{"start":{"line":25,"column":15},"end":{"line":25,"column":28}},"loc":{"start":{"line":25,"column":39},"end":{"line":50,"column":1}},"line":25},"1":{"name":"calcularPontos","decl":{"start":{"line":55,"column":15},"end":{"line":55,"column":29}},"loc":{"start":{"line":55,"column":71},"end":{"line":85,"column":1}},"line":55},"2":{"name":"createDonation","decl":{"start":{"line":109,"column":15},"end":{"line":109,"column":29}},"loc":{"start":{"line":109,"column":40},"end":{"line":204,"column":1}},"line":109},"3":{"name":"(anonymous_3)","decl":{"start":{"line":157,"column":48},"end":{"line":157,"column":49}},"loc":{"start":{"line":157,"column":62},"end":{"line":184,"column":5}},"line":157},"4":{"name":"getUserDonations","decl":{"start":{"line":218,"column":15},"end":{"line":218,"column":31}},"loc":{"start":{"line":218,"column":42},"end":{"line":240,"column":1}},"line":218},"5":{"name":"getDonationById","decl":{"start":{"line":255,"column":15},"end":{"line":255,"column":30}},"loc":{"start":{"line":255,"column":41},"end":{"line":298,"column":1}},"line":255},"6":{"name":"getInstitutionDonations","decl":{"start":{"line":301,"column":15},"end":{"line":301,"column":38}},"loc":{"start":{"line":301,"column":49},"end":{"line":336,"column":1}},"line":301},"7":{"name":"confirmDonationReceipt","decl":{"start":{"line":339,"column":15},"end":{"line":339,"column":37}},"loc":{"start":{"line":339,"column":48},"end":{"line":384,"column":1}},"line":339},"8":{"name":"(anonymous_8)","decl":{"start":{"line":360,"column":55},"end":{"line":360,"column":56}},"loc":{"start":{"line":360,"column":69},"end":{"line":377,"column":5}},"line":360},"9":{"name":"updateDonationStatus","decl":{"start":{"line":403,"column":15},"end":{"line":403,"column":35}},"loc":{"start":{"line":403,"column":46},"end":{"line":465,"column":1}},"line":403},"10":{"name":"(anonymous_10)","decl":{"start":{"line":438,"column":55},"end":{"line":438,"column":56}},"loc":{"start":{"line":438,"column":69},"end":{"line":455,"column":5}},"line":438},"11":{"name":"getInstitutionFinance","decl":{"start":{"line":469,"column":15},"end":{"line":469,"column":36}},"loc":{"start":{"line":469,"column":47},"end":{"line":514,"column":1}},"line":469},"12":{"name":"(anonymous_12)","decl":{"start":{"line":482,"column":40},"end":{"line":482,"column":41}},"loc":{"start":{"line":482,"column":45},"end":{"line":482,"column":63}},"line":482},"13":{"name":"(anonymous_13)","decl":{"start":{"line":483,"column":38},"end":{"line":483,"column":39}},"loc":{"start":{"line":483,"column":48},"end":{"line":483,"column":66}},"line":483},"14":{"name":"(anonymous_14)","decl":{"start":{"line":485,"column":28},"end":{"line":485,"column":29}},"loc":{"start":{"line":485,"column":38},"end":{"line":485,"column":49}},"line":485},"15":{"name":"(anonymous_15)","decl":{"start":{"line":488,"column":38},"end":{"line":488,"column":39}},"loc":{"start":{"line":488,"column":43},"end":{"line":500,"column":5}},"line":488},"16":{"name":"getInstitutionReceipts","decl":{"start":{"line":518,"column":15},"end":{"line":518,"column":37}},"loc":{"start":{"line":518,"column":48},"end":{"line":546,"column":1}},"line":518},"17":{"name":"(anonymous_17)","decl":{"start":{"line":531,"column":37},"end":{"line":531,"column":38}},"loc":{"start":{"line":531,"column":43},"end":{"line":539,"column":5}},"line":531}},"branchMap":{"0":{"loc":{"start":{"line":35,"column":4},"end":{"line":38,"column":5}},"type":"if","locations":[{"start":{"line":35,"column":4},"end":{"line":38,"column":5}},{"start":{},"end":{}}],"line":35},"1":{"loc":{"start":{"line":55,"column":51},"end":{"line":55,"column":69}},"type":"default-arg","locations":[{"start":{"line":55,"column":64},"end":{"line":55,"column":69}}],"line":55},"2":{"loc":{"start":{"line":56,"column":2},"end":{"line":58,"column":3}},"type":"if","locations":[{"start":{"line":56,"column":2},"end":{"line":58,"column":3}},{"start":{},"end":{}}],"line":56},"3":{"loc":{"start":{"line":61,"column":27},"end":{"line":61,"column":37}},"type":"binary-expr","locations":[{"start":{"line":61,"column":27},"end":{"line":61,"column":32}},{"start":{"line":61,"column":36},"end":{"line":61,"column":37}}],"line":61},"4":{"loc":{"start":{"line":72,"column":2},"end":{"line":82,"column":3}},"type":"if","locations":[{"start":{"line":72,"column":2},"end":{"line":82,"column":3}},{"start":{"line":76,"column":7},"end":{"line":82,"column":3}}],"line":72},"5":{"loc":{"start":{"line":76,"column":7},"end":{"line":82,"column":3}},"type":"if","locations":[{"start":{"line":76,"column":7},"end":{"line":82,"column":3}},{"start":{"line":80,"column":7},"end":{"line":82,"column":3}}],"line":76},"6":{"loc":{"start":{"line":76,"column":11},"end":{"line":76,"column":43}},"type":"binary-expr","locations":[{"start":{"line":76,"column":11},"end":{"line":76,"column":21}},{"start":{"line":76,"column":25},"end":{"line":76,"column":43}}],"line":76},"7":{"loc":{"start":{"line":80,"column":7},"end":{"line":82,"column":3}},"type":"if","locations":[{"start":{"line":80,"column":7},"end":{"line":82,"column":3}},{"start":{},"end":{}}],"line":80},"8":{"loc":{"start":{"line":115,"column":4},"end":{"line":119,"column":5}},"type":"if","locations":[{"start":{"line":115,"column":4},"end":{"line":119,"column":5}},{"start":{},"end":{}}],"line":115},"9":{"loc":{"start":{"line":115,"column":8},"end":{"line":115,"column":55}},"type":"binary-expr","locations":[{"start":{"line":115,"column":8},"end":{"line":115,"column":13}},{"start":{"line":115,"column":17},"end":{"line":115,"column":55}}],"line":115},"10":{"loc":{"start":{"line":122,"column":4},"end":{"line":126,"column":5}},"type":"if","locations":[{"start":{"line":122,"column":4},"end":{"line":126,"column":5}},{"start":{},"end":{}}],"line":122},"11":{"loc":{"start":{"line":122,"column":8},"end":{"line":122,"column":32}},"type":"binary-expr","locations":[{"start":{"line":122,"column":8},"end":{"line":122,"column":23}},{"start":{"line":122,"column":27},"end":{"line":122,"column":32}}],"line":122},"12":{"loc":{"start":{"line":128,"column":4},"end":{"line":132,"column":5}},"type":"if","locations":[{"start":{"line":128,"column":4},"end":{"line":132,"column":5}},{"start":{},"end":{}}],"line":128},"13":{"loc":{"start":{"line":128,"column":8},"end":{"line":128,"column":55}},"type":"binary-expr","locations":[{"start":{"line":128,"column":8},"end":{"line":128,"column":29}},{"start":{"line":128,"column":34},"end":{"line":128,"column":40}},{"start":{"line":128,"column":44},"end":{"line":128,"column":54}}],"line":128},"14":{"loc":{"start":{"line":135,"column":4},"end":{"line":151,"column":5}},"type":"if","locations":[{"start":{"line":135,"column":4},"end":{"line":151,"column":5}},{"start":{},"end":{}}],"line":135},"15":{"loc":{"start":{"line":140,"column":6},"end":{"line":144,"column":7}},"type":"if","locations":[{"start":{"line":140,"column":6},"end":{"line":144,"column":7}},{"start":{},"end":{}}],"line":140},"16":{"loc":{"start":{"line":140,"column":10},"end":{"line":140,"column":60}},"type":"binary-expr","locations":[{"start":{"line":140,"column":10},"end":{"line":140,"column":22}},{"start":{"line":140,"column":26},"end":{"line":140,"column":60}}],"line":140},"17":{"loc":{"start":{"line":146,"column":6},"end":{"line":150,"column":7}},"type":"if","locations":[{"start":{"line":146,"column":6},"end":{"line":150,"column":7}},{"start":{},"end":{}}],"line":146},"18":{"loc":{"start":{"line":162,"column":25},"end":{"line":162,"column":71}},"type":"cond-expr","locations":[{"start":{"line":162,"column":41},"end":{"line":162,"column":64}},{"start":{"line":162,"column":67},"end":{"line":162,"column":71}}],"line":162},"19":{"loc":{"start":{"line":164,"column":16},"end":{"line":164,"column":28}},"type":"binary-expr","locations":[{"start":{"line":164,"column":16},"end":{"line":164,"column":20}},{"start":{"line":164,"column":24},"end":{"line":164,"column":28}}],"line":164},"20":{"loc":{"start":{"line":165,"column":17},"end":{"line":165,"column":30}},"type":"binary-expr","locations":[{"start":{"line":165,"column":17},"end":{"line":165,"column":22}},{"start":{"line":165,"column":26},"end":{"line":165,"column":30}}],"line":165},"21":{"loc":{"start":{"line":168,"column":18},"end":{"line":168,"column":65}},"type":"cond-expr","locations":[{"start":{"line":168,"column":42},"end":{"line":168,"column":52}},{"start":{"line":168,"column":55},"end":{"line":168,"column":65}}],"line":168},"22":{"loc":{"start":{"line":174,"column":6},"end":{"line":181,"column":7}},"type":"if","locations":[{"start":{"line":174,"column":6},"end":{"line":181,"column":7}},{"start":{},"end":{}}],"line":174},"23":{"loc":{"start":{"line":195,"column":20},"end":{"line":195,"column":71}},"type":"cond-expr","locations":[{"start":{"line":195,"column":54},"end":{"line":195,"column":67}},{"start":{"line":195,"column":70},"end":{"line":195,"column":71}}],"line":195},"24":{"loc":{"start":{"line":196,"column":16},"end":{"line":198,"column":41}},"type":"cond-expr","locations":[{"start":{"line":197,"column":10},"end":{"line":197,"column":106}},{"start":{"line":198,"column":10},"end":{"line":198,"column":41}}],"line":196},"25":{"loc":{"start":{"line":261,"column":4},"end":{"line":263,"column":5}},"type":"if","locations":[{"start":{"line":261,"column":4},"end":{"line":263,"column":5}},{"start":{},"end":{}}],"line":261},"26":{"loc":{"start":{"line":284,"column":4},"end":{"line":286,"column":5}},"type":"if","locations":[{"start":{"line":284,"column":4},"end":{"line":286,"column":5}},{"start":{},"end":{}}],"line":284},"27":{"loc":{"start":{"line":289,"column":4},"end":{"line":291,"column":5}},"type":"if","locations":[{"start":{"line":289,"column":4},"end":{"line":291,"column":5}},{"start":{},"end":{}}],"line":289},"28":{"loc":{"start":{"line":289,"column":8},"end":{"line":289,"column":56}},"type":"binary-expr","locations":[{"start":{"line":289,"column":8},"end":{"line":289,"column":32}},{"start":{"line":289,"column":36},"end":{"line":289,"column":56}}],"line":289},"29":{"loc":{"start":{"line":305,"column":4},"end":{"line":307,"column":5}},"type":"if","locations":[{"start":{"line":305,"column":4},"end":{"line":307,"column":5}},{"start":{},"end":{}}],"line":305},"30":{"loc":{"start":{"line":329,"column":26},"end":{"line":329,"column":55}},"type":"binary-expr","locations":[{"start":{"line":329,"column":26},"end":{"line":329,"column":50}},{"start":{"line":329,"column":54},"end":{"line":329,"column":55}}],"line":329},"31":{"loc":{"start":{"line":344,"column":4},"end":{"line":346,"column":5}},"type":"if","locations":[{"start":{"line":344,"column":4},"end":{"line":346,"column":5}},{"start":{},"end":{}}],"line":344},"32":{"loc":{"start":{"line":348,"column":4},"end":{"line":350,"column":5}},"type":"if","locations":[{"start":{"line":348,"column":4},"end":{"line":350,"column":5}},{"start":{},"end":{}}],"line":348},"33":{"loc":{"start":{"line":357,"column":4},"end":{"line":357,"column":81}},"type":"if","locations":[{"start":{"line":357,"column":4},"end":{"line":357,"column":81}},{"start":{},"end":{}}],"line":357},"34":{"loc":{"start":{"line":358,"column":4},"end":{"line":358,"column":121}},"type":"if","locations":[{"start":{"line":358,"column":4},"end":{"line":358,"column":121}},{"start":{},"end":{}}],"line":358},"35":{"loc":{"start":{"line":367,"column":6},"end":{"line":374,"column":7}},"type":"if","locations":[{"start":{"line":367,"column":6},"end":{"line":374,"column":7}},{"start":{},"end":{}}],"line":367},"36":{"loc":{"start":{"line":367,"column":10},"end":{"line":367,"column":64}},"type":"binary-expr","locations":[{"start":{"line":367,"column":10},"end":{"line":367,"column":32}},{"start":{"line":367,"column":36},"end":{"line":367,"column":64}}],"line":367},"37":{"loc":{"start":{"line":410,"column":4},"end":{"line":414,"column":5}},"type":"if","locations":[{"start":{"line":410,"column":4},"end":{"line":414,"column":5}},{"start":{},"end":{}}],"line":410},"38":{"loc":{"start":{"line":416,"column":4},"end":{"line":418,"column":5}},"type":"if","locations":[{"start":{"line":416,"column":4},"end":{"line":418,"column":5}},{"start":{},"end":{}}],"line":416},"39":{"loc":{"start":{"line":422,"column":4},"end":{"line":426,"column":5}},"type":"if","locations":[{"start":{"line":422,"column":4},"end":{"line":426,"column":5}},{"start":{},"end":{}}],"line":422},"40":{"loc":{"start":{"line":422,"column":8},"end":{"line":422,"column":53}},"type":"binary-expr","locations":[{"start":{"line":422,"column":8},"end":{"line":422,"column":15}},{"start":{"line":422,"column":19},"end":{"line":422,"column":53}}],"line":422},"41":{"loc":{"start":{"line":433,"column":4},"end":{"line":435,"column":5}},"type":"if","locations":[{"start":{"line":433,"column":4},"end":{"line":435,"column":5}},{"start":{},"end":{}}],"line":433},"42":{"loc":{"start":{"line":445,"column":6},"end":{"line":452,"column":7}},"type":"if","locations":[{"start":{"line":445,"column":6},"end":{"line":452,"column":7}},{"start":{},"end":{}}],"line":445},"43":{"loc":{"start":{"line":445,"column":10},"end":{"line":445,"column":72}},"type":"binary-expr","locations":[{"start":{"line":445,"column":10},"end":{"line":445,"column":31}},{"start":{"line":445,"column":35},"end":{"line":445,"column":72}}],"line":445},"44":{"loc":{"start":{"line":471,"column":4},"end":{"line":473,"column":5}},"type":"if","locations":[{"start":{"line":471,"column":4},"end":{"line":473,"column":5}},{"start":{},"end":{}}],"line":471},"45":{"loc":{"start":{"line":482,"column":46},"end":{"line":482,"column":58}},"type":"binary-expr","locations":[{"start":{"line":482,"column":46},"end":{"line":482,"column":53}},{"start":{"line":482,"column":57},"end":{"line":482,"column":58}}],"line":482},"46":{"loc":{"start":{"line":483,"column":53},"end":{"line":483,"column":65}},"type":"binary-expr","locations":[{"start":{"line":483,"column":53},"end":{"line":483,"column":60}},{"start":{"line":483,"column":64},"end":{"line":483,"column":65}}],"line":483},"47":{"loc":{"start":{"line":484,"column":24},"end":{"line":486,"column":9}},"type":"cond-expr","locations":[{"start":{"line":485,"column":8},"end":{"line":485,"column":75}},{"start":{"line":486,"column":8},"end":{"line":486,"column":9}}],"line":484},"48":{"loc":{"start":{"line":489,"column":23},"end":{"line":489,"column":35}},"type":"binary-expr","locations":[{"start":{"line":489,"column":23},"end":{"line":489,"column":30}},{"start":{"line":489,"column":34},"end":{"line":489,"column":35}}],"line":489},"49":{"loc":{"start":{"line":492,"column":18},"end":{"line":492,"column":102}},"type":"cond-expr","locations":[{"start":{"line":492,"column":29},"end":{"line":492,"column":50}},{"start":{"line":492,"column":54},"end":{"line":492,"column":102}}],"line":492},"50":{"loc":{"start":{"line":492,"column":29},"end":{"line":492,"column":50}},"type":"binary-expr","locations":[{"start":{"line":492,"column":29},"end":{"line":492,"column":35}},{"start":{"line":492,"column":39},"end":{"line":492,"column":50}}],"line":492},"51":{"loc":{"start":{"line":492,"column":68},"end":{"line":492,"column":100}},"type":"binary-expr","locations":[{"start":{"line":492,"column":68},"end":{"line":492,"column":80}},{"start":{"line":492,"column":84},"end":{"line":492,"column":100}}],"line":492},"52":{"loc":{"start":{"line":493,"column":18},"end":{"line":495,"column":97}},"type":"cond-expr","locations":[{"start":{"line":494,"column":22},"end":{"line":494,"column":100}},{"start":{"line":495,"column":22},"end":{"line":495,"column":97}}],"line":493},"53":{"loc":{"start":{"line":495,"column":31},"end":{"line":495,"column":43}},"type":"binary-expr","locations":[{"start":{"line":495,"column":31},"end":{"line":495,"column":38}},{"start":{"line":495,"column":42},"end":{"line":495,"column":43}}],"line":495},"54":{"loc":{"start":{"line":498,"column":18},"end":{"line":498,"column":30}},"type":"binary-expr","locations":[{"start":{"line":498,"column":18},"end":{"line":498,"column":25}},{"start":{"line":498,"column":29},"end":{"line":498,"column":30}}],"line":498},"55":{"loc":{"start":{"line":520,"column":4},"end":{"line":522,"column":5}},"type":"if","locations":[{"start":{"line":520,"column":4},"end":{"line":522,"column":5}},{"start":{},"end":{}}],"line":520},"56":{"loc":{"start":{"line":534,"column":15},"end":{"line":534,"column":40}},"type":"binary-expr","locations":[{"start":{"line":534,"column":15},"end":{"line":534,"column":27}},{"start":{"line":534,"column":31},"end":{"line":534,"column":40}}],"line":534},"57":{"loc":{"start":{"line":535,"column":15},"end":{"line":535,"column":34}},"type":"binary-expr","locations":[{"start":{"line":535,"column":15},"end":{"line":535,"column":28}},{"start":{"line":535,"column":32},"end":{"line":535,"column":34}}],"line":535},"58":{"loc":{"start":{"line":536,"column":22},"end":{"line":536,"column":34}},"type":"binary-expr","locations":[{"start":{"line":536,"column":22},"end":{"line":536,"column":29}},{"start":{"line":536,"column":33},"end":{"line":536,"column":34}}],"line":536},"59":{"loc":{"start":{"line":538,"column":76},"end":{"line":538,"column":88}},"type":"binary-expr","locations":[{"start":{"line":538,"column":76},"end":{"line":538,"column":83}},{"start":{"line":538,"column":87},"end":{"line":538,"column":88}}],"line":538}},"s":{"0":1,"1":1,"2":2,"3":2,"4":2,"5":2,"6":2,"7":1,"8":1,"9":2,"10":0,"11":0,"12":1,"13":0,"14":1,"15":1,"16":1,"17":1,"18":0,"19":1,"20":0,"21":1,"22":0,"23":1,"24":2,"25":2,"26":2,"27":2,"28":1,"29":1,"30":0,"31":1,"32":0,"33":1,"34":0,"35":0,"36":0,"37":0,"38":0,"39":1,"40":1,"41":1,"42":1,"43":1,"44":1,"45":1,"46":0,"47":0,"48":1,"49":1,"50":1,"51":1,"52":0,"53":0,"54":0,"55":0,"56":0,"57":0,"58":0,"59":0,"60":0,"61":0,"62":0,"63":0,"64":0,"65":0,"66":0,"67":0,"68":0,"69":0,"70":0,"71":0,"72":0,"73":0,"74":0,"75":0,"76":0,"77":1,"78":1,"79":1,"80":1,"81":0,"82":1,"83":0,"84":1,"85":1,"86":0,"87":1,"88":0,"89":1,"90":1,"91":1,"92":1,"93":1,"94":1,"95":0,"96":0,"97":2,"98":2,"99":2,"100":2,"101":2,"102":1,"103":1,"104":0,"105":1,"106":1,"107":0,"108":1,"109":1,"110":0,"111":1,"112":1,"113":1,"114":1,"115":1,"116":1,"117":0,"118":0,"119":0,"120":0,"121":0,"122":0,"123":0,"124":0,"125":0,"126":0,"127":0,"128":0,"129":0,"130":0,"131":0,"132":0,"133":0,"134":0,"135":0,"136":0,"137":0,"138":0,"139":0,"140":0,"141":0,"142":0,"143":0,"144":0,"145":0,"146":1},"f":{"0":2,"1":1,"2":2,"3":1,"4":1,"5":0,"6":0,"7":1,"8":1,"9":2,"10":1,"11":0,"12":0,"13":0,"14":0,"15":0,"16":0,"17":0},"b":{"0":[1,1],"1":[1],"2":[0,1],"3":[1,0],"4":[0,1],"5":[0,1],"6":[1,1],"7":[0,1],"8":[1,1],"9":[2,1],"10":[0,1],"11":[1,0],"12":[0,1],"13":[1,1,1],"14":[0,1],"15":[0,0],"16":[0,0],"17":[0,0],"18":[0,1],"19":[1,1],"20":[1,0],"21":[1,0],"22":[1,0],"23":[1,0],"24":[0,1],"25":[0,0],"26":[0,0],"27":[0,0],"28":[0,0],"29":[0,0],"30":[0,0],"31":[0,1],"32":[0,1],"33":[0,1],"34":[0,1],"35":[1,0],"36":[1,1],"37":[1,1],"38":[0,1],"39":[0,1],"40":[1,1],"41":[0,1],"42":[1,0],"43":[1,1],"44":[0,0],"45":[0,0],"46":[0,0],"47":[0,0],"48":[0,0],"49":[0,0],"50":[0,0],"51":[0,0],"52":[0,0],"53":[0,0],"54":[0,0],"55":[0,0],"56":[0,0],"57":[0,0],"58":[0,0],"59":[0,0]},"inputSourceMap":null,"_coverageSchema":"1a1c01bbd47fc00a2c39e90264f33305004495a9","hash":"614ceece6529f7d076e3e40c324db194522b9d39"}
,"C:\\Users\\Lucas\\Desktop\\Lucas - Ti\\Trabalho-A3\\backend\\src\\controllers\\financeController.js": {"path":"C:\\Users\\Lucas\\Desktop\\Lucas - Ti\\Trabalho-A3\\backend\\src\\controllers\\financeController.js","statementMap":{"0":{"start":{"line":1,"column":15},"end":{"line":1,"column":39}},"1":{"start":{"line":4,"column":2},"end":{"line":49,"column":3}},"2":{"start":{"line":5,"column":26},"end":{"line":5,"column":37}},"3":{"start":{"line":6,"column":40},"end":{"line":6,"column":48}},"4":{"start":{"line":8,"column":4},"end":{"line":10,"column":5}},"5":{"start":{"line":9,"column":6},"end":{"line":9,"column":80}},"6":{"start":{"line":12,"column":4},"end":{"line":14,"column":5}},"7":{"start":{"line":13,"column":6},"end":{"line":13,"column":99}},"8":{"start":{"line":17,"column":26},"end":{"line":25,"column":6}},"9":{"start":{"line":27,"column":18},"end":{"line":27,"column":47}},"10":{"start":{"line":29,"column":4},"end":{"line":31,"column":5}},"11":{"start":{"line":30,"column":6},"end":{"line":30,"column":92}},"12":{"start":{"line":34,"column":4},"end":{"line":43,"column":7}},"13":{"start":{"line":45,"column":4},"end":{"line":45,"column":93}},"14":{"start":{"line":47,"column":4},"end":{"line":47,"column":45}},"15":{"start":{"line":48,"column":4},"end":{"line":48,"column":78}},"16":{"start":{"line":52,"column":0},"end":{"line":52,"column":30}}},"fnMap":{"0":{"name":"withdraw","decl":{"start":{"line":3,"column":15},"end":{"line":3,"column":23}},"loc":{"start":{"line":3,"column":34},"end":{"line":50,"column":1}},"line":3}},"branchMap":{"0":{"loc":{"start":{"line":8,"column":4},"end":{"line":10,"column":5}},"type":"if","locations":[{"start":{"line":8,"column":4},"end":{"line":10,"column":5}},{"start":{},"end":{}}],"line":8},"1":{"loc":{"start":{"line":12,"column":4},"end":{"line":14,"column":5}},"type":"if","locations":[{"start":{"line":12,"column":4},"end":{"line":14,"column":5}},{"start":{},"end":{}}],"line":12},"2":{"loc":{"start":{"line":12,"column":8},"end":{"line":12,"column":53}},"type":"binary-expr","locations":[{"start":{"line":12,"column":8},"end":{"line":12,"column":15}},{"start":{"line":12,"column":19},"end":{"line":12,"column":27}},{"start":{"line":12,"column":31},"end":{"line":12,"column":38}},{"start":{"line":12,"column":42},"end":{"line":12,"column":53}}],"line":12},"3":{"loc":{"start":{"line":27,"column":18},"end":{"line":27,"column":47}},"type":"binary-expr","locations":[{"start":{"line":27,"column":18},"end":{"line":27,"column":42}},{"start":{"line":27,"column":46},"end":{"line":27,"column":47}}],"line":27},"4":{"loc":{"start":{"line":29,"column":4},"end":{"line":31,"column":5}},"type":"if","locations":[{"start":{"line":29,"column":4},"end":{"line":31,"column":5}},{"start":{},"end":{}}],"line":29},"5":{"loc":{"start":{"line":29,"column":8},"end":{"line":29,"column":36}},"type":"binary-expr","locations":[{"start":{"line":29,"column":8},"end":{"line":29,"column":18}},{"start":{"line":29,"column":22},"end":{"line":29,"column":36}}],"line":29}},"s":{"0":1,"1":3,"2":3,"3":3,"4":3,"5":1,"6":2,"7":0,"8":2,"9":2,"10":2,"11":1,"12":1,"13":1,"14":0,"15":0,"16":1},"f":{"0":3},"b":{"0":[1,2],"1":[0,2],"2":[2,2,2,2],"3":[2,0],"4":[1,1],"5":[2,2]},"inputSourceMap":null,"_coverageSchema":"1a1c01bbd47fc00a2c39e90264f33305004495a9","hash":"8d241f3d5125fd4ebb99436505b3507f719af756"}
,"C:\\Users\\Lucas\\Desktop\\Lucas - Ti\\Trabalho-A3\\backend\\src\\controllers\\requestController.js": {"path":"C:\\Users\\Lucas\\Desktop\\Lucas - Ti\\Trabalho-A3\\backend\\src\\controllers\\requestController.js","statementMap":{"0":{"start":{"line":5,"column":15},"end":{"line":5,"column":39}},"1":{"start":{"line":9,"column":2},"end":{"line":32,"column":3}},"2":{"start":{"line":10,"column":4},"end":{"line":12,"column":5}},"3":{"start":{"line":11,"column":6},"end":{"line":11,"column":87}},"4":{"start":{"line":14,"column":21},"end":{"line":17,"column":6}},"5":{"start":{"line":19,"column":22},"end":{"line":26,"column":7}},"6":{"start":{"line":19,"column":41},"end":{"line":26,"column":5}},"7":{"start":{"line":28,"column":4},"end":{"line":28,"column":31}},"8":{"start":{"line":30,"column":4},"end":{"line":30,"column":59}},"9":{"start":{"line":31,"column":4},"end":{"line":31,"column":82}},"10":{"start":{"line":37,"column":2},"end":{"line":73,"column":3}},"11":{"start":{"line":38,"column":4},"end":{"line":40,"column":5}},"12":{"start":{"line":39,"column":6},"end":{"line":39,"column":85}},"13":{"start":{"line":42,"column":35},"end":{"line":42,"column":43}},"14":{"start":{"line":44,"column":4},"end":{"line":46,"column":5}},"15":{"start":{"line":45,"column":6},"end":{"line":45,"column":86}},"16":{"start":{"line":48,"column":32},"end":{"line":48,"column":58}},"17":{"start":{"line":49,"column":4},"end":{"line":51,"column":5}},"18":{"start":{"line":50,"column":6},"end":{"line":50,"column":93}},"19":{"start":{"line":53,"column":20},"end":{"line":60,"column":6}},"20":{"start":{"line":62,"column":4},"end":{"line":69,"column":7}},"21":{"start":{"line":71,"column":4},"end":{"line":71,"column":57}},"22":{"start":{"line":72,"column":4},"end":{"line":72,"column":80}},"23":{"start":{"line":78,"column":2},"end":{"line":97,"column":3}},"24":{"start":{"line":79,"column":19},"end":{"line":79,"column":29}},"25":{"start":{"line":80,"column":23},"end":{"line":80,"column":31}},"26":{"start":{"line":82,"column":20},"end":{"line":82,"column":84}},"27":{"start":{"line":83,"column":4},"end":{"line":83,"column":87}},"28":{"start":{"line":83,"column":18},"end":{"line":83,"column":87}},"29":{"start":{"line":84,"column":4},"end":{"line":86,"column":5}},"30":{"start":{"line":85,"column":6},"end":{"line":85,"column":62}},"31":{"start":{"line":88,"column":20},"end":{"line":91,"column":6}},"32":{"start":{"line":93,"column":4},"end":{"line":93,"column":80}},"33":{"start":{"line":95,"column":4},"end":{"line":95,"column":61}},"34":{"start":{"line":96,"column":4},"end":{"line":96,"column":59}},"35":{"start":{"line":100,"column":0},"end":{"line":100,"column":69}}},"fnMap":{"0":{"name":"getRequests","decl":{"start":{"line":8,"column":15},"end":{"line":8,"column":26}},"loc":{"start":{"line":8,"column":37},"end":{"line":33,"column":1}},"line":8},"1":{"name":"(anonymous_1)","decl":{"start":{"line":19,"column":35},"end":{"line":19,"column":36}},"loc":{"start":{"line":19,"column":41},"end":{"line":26,"column":5}},"line":19},"2":{"name":"createRequest","decl":{"start":{"line":36,"column":15},"end":{"line":36,"column":28}},"loc":{"start":{"line":36,"column":39},"end":{"line":74,"column":1}},"line":36},"3":{"name":"updateRequestStatus","decl":{"start":{"line":77,"column":15},"end":{"line":77,"column":34}},"loc":{"start":{"line":77,"column":45},"end":{"line":98,"column":1}},"line":77}},"branchMap":{"0":{"loc":{"start":{"line":10,"column":4},"end":{"line":12,"column":5}},"type":"if","locations":[{"start":{"line":10,"column":4},"end":{"line":12,"column":5}},{"start":{},"end":{}}],"line":10},"1":{"loc":{"start":{"line":38,"column":4},"end":{"line":40,"column":5}},"type":"if","locations":[{"start":{"line":38,"column":4},"end":{"line":40,"column":5}},{"start":{},"end":{}}],"line":38},"2":{"loc":{"start":{"line":44,"column":4},"end":{"line":46,"column":5}},"type":"if","locations":[{"start":{"line":44,"column":4},"end":{"line":46,"column":5}},{"start":{},"end":{}}],"line":44},"3":{"loc":{"start":{"line":44,"column":8},"end":{"line":44,"column":21}},"type":"binary-expr","locations":[{"start":{"line":44,"column":8},"end":{"line":44,"column":13}},{"start":{"line":44,"column":17},"end":{"line":44,"column":21}}],"line":44},"4":{"loc":{"start":{"line":49,"column":4},"end":{"line":51,"column":5}},"type":"if","locations":[{"start":{"line":49,"column":4},"end":{"line":51,"column":5}},{"start":{},"end":{}}],"line":49},"5":{"loc":{"start":{"line":49,"column":8},"end":{"line":49,"column":57}},"type":"binary-expr","locations":[{"start":{"line":49,"column":8},"end":{"line":49,"column":15}},{"start":{"line":49,"column":19},"end":{"line":49,"column":57}}],"line":49},"6":{"loc":{"start":{"line":58,"column":17},"end":{"line":58,"column":35}},"type":"binary-expr","locations":[{"start":{"line":58,"column":17},"end":{"line":58,"column":24}},{"start":{"line":58,"column":28},"end":{"line":58,"column":35}}],"line":58},"7":{"loc":{"start":{"line":83,"column":4},"end":{"line":83,"column":87}},"type":"if","locations":[{"start":{"line":83,"column":4},"end":{"line":83,"column":87}},{"start":{},"end":{}}],"line":83},"8":{"loc":{"start":{"line":84,"column":4},"end":{"line":86,"column":5}},"type":"if","locations":[{"start":{"line":84,"column":4},"end":{"line":86,"column":5}},{"start":{},"end":{}}],"line":84},"9":{"loc":{"start":{"line":84,"column":8},"end":{"line":84,"column":74}},"type":"binary-expr","locations":[{"start":{"line":84,"column":8},"end":{"line":84,"column":45}},{"start":{"line":84,"column":49},"end":{"line":84,"column":74}}],"line":84}},"s":{"0":1,"1":0,"2":0,"3":0,"4":0,"5":0,"6":0,"7":0,"8":0,"9":0,"10":2,"11":2,"12":1,"13":1,"14":1,"15":0,"16":1,"17":1,"18":0,"19":1,"20":1,"21":0,"22":0,"23":1,"24":1,"25":1,"26":1,"27":1,"28":0,"29":1,"30":0,"31":1,"32":1,"33":0,"34":0,"35":1},"f":{"0":0,"1":0,"2":2,"3":1},"b":{"0":[0,0],"1":[1,1],"2":[0,1],"3":[1,1],"4":[0,1],"5":[1,1],"6":[1,0],"7":[0,1],"8":[0,1],"9":[1,0]},"inputSourceMap":null,"_coverageSchema":"1a1c01bbd47fc00a2c39e90264f33305004495a9","hash":"16681eb765c70dd7328cf4d0699dea3d2a4e8bd9"}
,"C:\\Users\\Lucas\\Desktop\\Lucas - Ti\\Trabalho-A3\\backend\\src\\controllers\\rewardController.js": {"path":"C:\\Users\\Lucas\\Desktop\\Lucas - Ti\\Trabalho-A3\\backend\\src\\controllers\\rewardController.js","statementMap":{"0":{"start":{"line":5,"column":15},"end":{"line":5,"column":39}},"1":{"start":{"line":9,"column":2},"end":{"line":17,"column":3}},"2":{"start":{"line":10,"column":20},"end":{"line":12,"column":6}},"3":{"start":{"line":13,"column":4},"end":{"line":13,"column":29}},"4":{"start":{"line":15,"column":4},"end":{"line":15,"column":58}},"5":{"start":{"line":16,"column":4},"end":{"line":16,"column":81}},"6":{"start":{"line":22,"column":2},"end":{"line":92,"column":3}},"7":{"start":{"line":23,"column":19},"end":{"line":23,"column":30}},"8":{"start":{"line":24,"column":25},"end":{"line":24,"column":33}},"9":{"start":{"line":26,"column":4},"end":{"line":28,"column":5}},"10":{"start":{"line":27,"column":6},"end":{"line":27,"column":81}},"11":{"start":{"line":31,"column":23},"end":{"line":33,"column":6}},"12":{"start":{"line":35,"column":4},"end":{"line":37,"column":5}},"13":{"start":{"line":36,"column":6},"end":{"line":36,"column":85}},"14":{"start":{"line":39,"column":4},"end":{"line":41,"column":5}},"15":{"start":{"line":40,"column":6},"end":{"line":40,"column":82}},"16":{"start":{"line":44,"column":20},"end":{"line":46,"column":6}},"17":{"start":{"line":49,"column":4},"end":{"line":53,"column":5}},"18":{"start":{"line":50,"column":6},"end":{"line":52,"column":9}},"19":{"start":{"line":56,"column":25},"end":{"line":56,"column":97}},"20":{"start":{"line":59,"column":4},"end":{"line":81,"column":7}},"21":{"start":{"line":61,"column":6},"end":{"line":64,"column":9}},"22":{"start":{"line":67,"column":6},"end":{"line":70,"column":9}},"23":{"start":{"line":73,"column":6},"end":{"line":80,"column":9}},"24":{"start":{"line":83,"column":4},"end":{"line":87,"column":7}},"25":{"start":{"line":90,"column":4},"end":{"line":90,"column":59}},"26":{"start":{"line":91,"column":4},"end":{"line":91,"column":80}},"27":{"start":{"line":97,"column":2},"end":{"line":115,"column":3}},"28":{"start":{"line":98,"column":19},"end":{"line":98,"column":30}},"29":{"start":{"line":99,"column":24},"end":{"line":110,"column":6}},"30":{"start":{"line":111,"column":4},"end":{"line":111,"column":33}},"31":{"start":{"line":113,"column":4},"end":{"line":113,"column":66}},"32":{"start":{"line":114,"column":4},"end":{"line":114,"column":91}},"33":{"start":{"line":121,"column":2},"end":{"line":215,"column":3}},"34":{"start":{"line":122,"column":19},"end":{"line":122,"column":44}},"35":{"start":{"line":125,"column":15},"end":{"line":125,"column":19}},"36":{"start":{"line":126,"column":4},"end":{"line":133,"column":5}},"37":{"start":{"line":127,"column":6},"end":{"line":127,"column":24}},"38":{"start":{"line":128,"column":6},"end":{"line":128,"column":39}},"39":{"start":{"line":129,"column":11},"end":{"line":133,"column":5}},"40":{"start":{"line":130,"column":6},"end":{"line":130,"column":24}},"41":{"start":{"line":131,"column":6},"end":{"line":131,"column":22}},"42":{"start":{"line":132,"column":6},"end":{"line":132,"column":32}},"43":{"start":{"line":137,"column":4},"end":{"line":185,"column":5}},"44":{"start":{"line":139,"column":6},"end":{"line":144,"column":9}},"45":{"start":{"line":145,"column":6},"end":{"line":148,"column":9}},"46":{"start":{"line":151,"column":25},"end":{"line":160,"column":8}},"47":{"start":{"line":163,"column":18},"end":{"line":163,"column":47}},"48":{"start":{"line":163,"column":38},"end":{"line":163,"column":46}},"49":{"start":{"line":164,"column":20},"end":{"line":167,"column":8}},"50":{"start":{"line":168,"column":22},"end":{"line":168,"column":67}},"51":{"start":{"line":168,"column":56},"end":{"line":168,"column":65}},"52":{"start":{"line":170,"column":6},"end":{"line":173,"column":10}},"53":{"start":{"line":170,"column":35},"end":{"line":173,"column":7}},"54":{"start":{"line":176,"column":20},"end":{"line":179,"column":8}},"55":{"start":{"line":180,"column":17},"end":{"line":183,"column":8}},"56":{"start":{"line":184,"column":6},"end":{"line":184,"column":76}},"57":{"start":{"line":187,"column":22},"end":{"line":194,"column":7}},"58":{"start":{"line":187,"column":43},"end":{"line":194,"column":5}},"59":{"start":{"line":197,"column":22},"end":{"line":197,"column":49}},"60":{"start":{"line":197,"column":42},"end":{"line":197,"column":48}},"61":{"start":{"line":198,"column":21},"end":{"line":198,"column":25}},"62":{"start":{"line":199,"column":4},"end":{"line":209,"column":5}},"63":{"start":{"line":200,"column":20},"end":{"line":200,"column":74}},"64":{"start":{"line":200,"column":42},"end":{"line":200,"column":66}},"65":{"start":{"line":201,"column":6},"end":{"line":208,"column":8}},"66":{"start":{"line":211,"column":4},"end":{"line":211,"column":64}},"67":{"start":{"line":213,"column":4},"end":{"line":213,"column":54}},"68":{"start":{"line":214,"column":4},"end":{"line":214,"column":77}},"69":{"start":{"line":219,"column":0},"end":{"line":224,"column":2}}},"fnMap":{"0":{"name":"listRewards","decl":{"start":{"line":8,"column":15},"end":{"line":8,"column":26}},"loc":{"start":{"line":8,"column":37},"end":{"line":18,"column":1}},"line":8},"1":{"name":"redeemReward","decl":{"start":{"line":21,"column":15},"end":{"line":21,"column":27}},"loc":{"start":{"line":21,"column":38},"end":{"line":93,"column":1}},"line":21},"2":{"name":"(anonymous_2)","decl":{"start":{"line":59,"column":30},"end":{"line":59,"column":31}},"loc":{"start":{"line":59,"column":44},"end":{"line":81,"column":5}},"line":59},"3":{"name":"getUserRedemptions","decl":{"start":{"line":96,"column":15},"end":{"line":96,"column":33}},"loc":{"start":{"line":96,"column":44},"end":{"line":116,"column":1}},"line":96},"4":{"name":"getRanking","decl":{"start":{"line":120,"column":15},"end":{"line":120,"column":25}},"loc":{"start":{"line":120,"column":36},"end":{"line":216,"column":1}},"line":120},"5":{"name":"(anonymous_5)","decl":{"start":{"line":163,"column":33},"end":{"line":163,"column":34}},"loc":{"start":{"line":163,"column":38},"end":{"line":163,"column":46}},"line":163},"6":{"name":"(anonymous_6)","decl":{"start":{"line":168,"column":51},"end":{"line":168,"column":52}},"loc":{"start":{"line":168,"column":56},"end":{"line":168,"column":65}},"line":168},"7":{"name":"(anonymous_7)","decl":{"start":{"line":170,"column":29},"end":{"line":170,"column":30}},"loc":{"start":{"line":170,"column":35},"end":{"line":173,"column":7}},"line":170},"8":{"name":"(anonymous_8)","decl":{"start":{"line":187,"column":32},"end":{"line":187,"column":33}},"loc":{"start":{"line":187,"column":43},"end":{"line":194,"column":5}},"line":187},"9":{"name":"(anonymous_9)","decl":{"start":{"line":197,"column":37},"end":{"line":197,"column":38}},"loc":{"start":{"line":197,"column":42},"end":{"line":197,"column":48}},"line":197},"10":{"name":"(anonymous_10)","decl":{"start":{"line":200,"column":37},"end":{"line":200,"column":38}},"loc":{"start":{"line":200,"column":42},"end":{"line":200,"column":66}},"line":200}},"branchMap":{"0":{"loc":{"start":{"line":26,"column":4},"end":{"line":28,"column":5}},"type":"if","locations":[{"start":{"line":26,"column":4},"end":{"line":28,"column":5}},{"start":{},"end":{}}],"line":26},"1":{"loc":{"start":{"line":35,"column":4},"end":{"line":37,"column":5}},"type":"if","locations":[{"start":{"line":35,"column":4},"end":{"line":37,"column":5}},{"start":{},"end":{}}],"line":35},"2":{"loc":{"start":{"line":35,"column":8},"end":{"line":35,"column":40}},"type":"binary-expr","locations":[{"start":{"line":35,"column":8},"end":{"line":35,"column":19}},{"start":{"line":35,"column":23},"end":{"line":35,"column":40}}],"line":35},"3":{"loc":{"start":{"line":39,"column":4},"end":{"line":41,"column":5}},"type":"if","locations":[{"start":{"line":39,"column":4},"end":{"line":41,"column":5}},{"start":{},"end":{}}],"line":39},"4":{"loc":{"start":{"line":49,"column":4},"end":{"line":53,"column":5}},"type":"if","locations":[{"start":{"line":49,"column":4},"end":{"line":53,"column":5}},{"start":{},"end":{}}],"line":49},"5":{"loc":{"start":{"line":122,"column":19},"end":{"line":122,"column":44}},"type":"binary-expr","locations":[{"start":{"line":122,"column":19},"end":{"line":122,"column":35}},{"start":{"line":122,"column":39},"end":{"line":122,"column":44}}],"line":122},"6":{"loc":{"start":{"line":126,"column":4},"end":{"line":133,"column":5}},"type":"if","locations":[{"start":{"line":126,"column":4},"end":{"line":133,"column":5}},{"start":{"line":129,"column":11},"end":{"line":133,"column":5}}],"line":126},"7":{"loc":{"start":{"line":129,"column":11},"end":{"line":133,"column":5}},"type":"if","locations":[{"start":{"line":129,"column":11},"end":{"line":133,"column":5}},{"start":{},"end":{}}],"line":129},"8":{"loc":{"start":{"line":137,"column":4},"end":{"line":185,"column":5}},"type":"if","locations":[{"start":{"line":137,"column":4},"end":{"line":185,"column":5}},{"start":{"line":149,"column":11},"end":{"line":185,"column":5}}],"line":137},"9":{"loc":{"start":{"line":172,"column":16},"end":{"line":172,"column":41}},"type":"binary-expr","locations":[{"start":{"line":172,"column":16},"end":{"line":172,"column":36}},{"start":{"line":172,"column":40},"end":{"line":172,"column":41}}],"line":172},"10":{"loc":{"start":{"line":184,"column":15},"end":{"line":184,"column":75}},"type":"cond-expr","locations":[{"start":{"line":184,"column":20},"end":{"line":184,"column":68}},{"start":{"line":184,"column":71},"end":{"line":184,"column":75}}],"line":184},"11":{"loc":{"start":{"line":184,"column":37},"end":{"line":184,"column":66}},"type":"binary-expr","locations":[{"start":{"line":184,"column":37},"end":{"line":184,"column":61}},{"start":{"line":184,"column":65},"end":{"line":184,"column":66}}],"line":184},"12":{"loc":{"start":{"line":199,"column":4},"end":{"line":209,"column":5}},"type":"if","locations":[{"start":{"line":199,"column":4},"end":{"line":209,"column":5}},{"start":{},"end":{}}],"line":199},"13":{"loc":{"start":{"line":199,"column":8},"end":{"line":199,"column":28}},"type":"binary-expr","locations":[{"start":{"line":199,"column":8},"end":{"line":199,"column":18}},{"start":{"line":199,"column":22},"end":{"line":199,"column":28}}],"line":199}},"s":{"0":1,"1":1,"2":1,"3":1,"4":0,"5":0,"6":3,"7":3,"8":3,"9":3,"10":0,"11":3,"12":3,"13":1,"14":2,"15":0,"16":2,"17":2,"18":1,"19":1,"20":1,"21":1,"22":1,"23":1,"24":1,"25":0,"26":0,"27":0,"28":0,"29":0,"30":0,"31":0,"32":0,"33":0,"34":0,"35":0,"36":0,"37":0,"38":0,"39":0,"40":0,"41":0,"42":0,"43":0,"44":0,"45":0,"46":0,"47":0,"48":0,"49":0,"50":0,"51":0,"52":0,"53":0,"54":0,"55":0,"56":0,"57":0,"58":0,"59":0,"60":0,"61":0,"62":0,"63":0,"64":0,"65":0,"66":0,"67":0,"68":0,"69":1},"f":{"0":1,"1":3,"2":1,"3":0,"4":0,"5":0,"6":0,"7":0,"8":0,"9":0,"10":0},"b":{"0":[0,3],"1":[1,2],"2":[3,2],"3":[0,2],"4":[1,1],"5":[0,0],"6":[0,0],"7":[0,0],"8":[0,0],"9":[0,0],"10":[0,0],"11":[0,0],"12":[0,0],"13":[0,0]},"inputSourceMap":null,"_coverageSchema":"1a1c01bbd47fc00a2c39e90264f33305004495a9","hash":"844e19052589a96b5b12819871ad2c1497a6a5cd"}
}
