TN:
SF:src\controllers\authController.js
FN:41,register
FN:147,login
FN:227,me
FN:260,updateProfile
FN:297,getApprovedInstitutions
FNF:5
FNH:1
FNDA:0,register
FNDA:3,login
FNDA:0,me
FNDA:0,updateProfile
FNDA:0,getApprovedInstitutions
DA:10,1
DA:11,1
DA:12,1
DA:15,1
DA:18,1
DA:42,0
DA:43,0
DA:46,0
DA:47,0
DA:54,0
DA:57,0
DA:61,0
DA:62,0
DA:68,0
DA:69,0
DA:70,0
DA:74,0
DA:75,0
DA:82,0
DA:85,0
DA:88,0
DA:103,0
DA:110,0
DA:123,0
DA:124,0
DA:148,3
DA:149,3
DA:152,3
DA:153,1
DA:159,2
DA:163,2
DA:164,1
DA:170,1
DA:172,1
DA:173,0
DA:179,1
DA:180,0
DA:187,1
DA:188,0
DA:194,1
DA:201,1
DA:209,0
DA:210,0
DA:228,0
DA:229,0
DA:248,0
DA:249,0
DA:252,0
DA:254,0
DA:255,0
DA:261,0
DA:262,0
DA:263,0
DA:265,0
DA:286,0
DA:291,0
DA:292,0
DA:298,0
DA:299,0
DA:314,0
DA:316,0
DA:317,0
DA:321,1
LF:63
LH:19
BRDA:46,0,0,0
BRDA:46,0,1,0
BRDA:46,1,0,0
BRDA:46,1,1,0
BRDA:46,1,2,0
BRDA:54,2,0,0
BRDA:54,2,1,0
BRDA:61,3,0,0
BRDA:61,3,1,0
BRDA:68,4,0,0
BRDA:68,4,1,0
BRDA:74,5,0,0
BRDA:74,5,1,0
BRDA:85,6,0,0
BRDA:85,6,1,0
BRDA:95,7,0,0
BRDA:95,7,1,0
BRDA:96,8,0,0
BRDA:96,8,1,0
BRDA:97,9,0,0
BRDA:97,9,1,0
BRDA:98,10,0,0
BRDA:98,10,1,0
BRDA:152,11,0,1
BRDA:152,11,1,2
BRDA:152,12,0,3
BRDA:152,12,1,3
BRDA:163,13,0,1
BRDA:163,13,1,1
BRDA:172,14,0,0
BRDA:172,14,1,1
BRDA:179,15,0,0
BRDA:179,15,1,1
BRDA:182,16,0,0
BRDA:182,16,1,0
BRDA:187,17,0,0
BRDA:187,17,1,1
BRDA:187,18,0,1
BRDA:187,18,1,0
BRDA:248,19,0,0
BRDA:248,19,1,0
BRDA:268,20,0,0
BRDA:268,20,1,0
BRDA:269,21,0,0
BRDA:269,21,1,0
BRDA:270,22,0,0
BRDA:270,22,1,0
BRDA:271,23,0,0
BRDA:271,23,1,0
BRDA:272,24,0,0
BRDA:272,24,1,0
BRF:51
BRH:10
end_of_record
TN:
SF:src\controllers\donationController.js
FN:25,calcularPontos
FN:79,createDonation
FN:127,(anonymous_2)
FN:188,getUserDonations
FN:225,getDonationById
FN:271,getInstitutionDonations
FN:309,confirmDonationReceipt
FN:330,(anonymous_7)
FN:373,updateDonationStatus
FN:408,(anonymous_9)
FN:439,getInstitutionFinance
FN:452,(anonymous_11)
FN:453,(anonymous_12)
FN:455,(anonymous_13)
FN:458,(anonymous_14)
FN:488,getInstitutionReceipts
FN:501,(anonymous_16)
FNF:17
FNH:2
FNDA:0,calcularPontos
FNDA:0,createDonation
FNDA:0,(anonymous_2)
FNDA:0,getUserDonations
FNDA:0,getDonationById
FNDA:0,getInstitutionDonations
FNDA:0,confirmDonationReceipt
FNDA:0,(anonymous_7)
FNDA:2,updateDonationStatus
FNDA:1,(anonymous_9)
FNDA:0,getInstitutionFinance
FNDA:0,(anonymous_11)
FNDA:0,(anonymous_12)
FNDA:0,(anonymous_13)
FNDA:0,(anonymous_14)
FNDA:0,getInstitutionReceipts
FNDA:0,(anonymous_16)
DA:12,1
DA:20,1
DA:26,0
DA:27,0
DA:31,0
DA:34,0
DA:39,0
DA:42,0
DA:43,0
DA:46,0
DA:47,0
DA:50,0
DA:51,0
DA:54,0
DA:80,0
DA:81,0
DA:82,0
DA:85,0
DA:86,0
DA:92,0
DA:93,0
DA:98,0
DA:99,0
DA:105,0
DA:106,0
DA:110,0
DA:111,0
DA:116,0
DA:117,0
DA:124,0
DA:127,0
DA:129,0
DA:144,0
DA:145,0
DA:153,0
DA:156,0
DA:171,0
DA:172,0
DA:189,0
DA:190,0
DA:192,0
DA:205,0
DA:207,0
DA:208,0
DA:226,0
DA:227,0
DA:228,0
DA:229,0
DA:231,0
DA:232,0
DA:235,0
DA:254,0
DA:255,0
DA:259,0
DA:260,0
DA:263,0
DA:265,0
DA:266,0
DA:272,0
DA:273,0
DA:275,0
DA:276,0
DA:280,0
DA:299,0
DA:301,0
DA:303,0
DA:304,0
DA:310,0
DA:311,0
DA:312,0
DA:314,0
DA:315,0
DA:318,0
DA:319,0
DA:323,0
DA:327,0
DA:328,0
DA:330,0
DA:331,0
DA:337,0
DA:338,0
DA:346,0
DA:349,0
DA:351,0
DA:352,0
DA:374,2
DA:375,2
DA:376,2
DA:377,2
DA:380,2
DA:381,1
DA:386,1
DA:387,0
DA:391,1
DA:392,1
DA:393,0
DA:399,1
DA:403,1
DA:404,0
DA:408,1
DA:409,1
DA:415,1
DA:416,1
DA:424,1
DA:427,1
DA:432,0
DA:433,0
DA:440,0
DA:441,0
DA:442,0
DA:444,0
DA:446,0
DA:452,0
DA:453,0
DA:454,0
DA:455,0
DA:458,0
DA:459,0
DA:460,0
DA:472,0
DA:481,0
DA:482,0
DA:489,0
DA:490,0
DA:491,0
DA:493,0
DA:495,0
DA:501,0
DA:511,0
DA:513,0
DA:514,0
DA:518,1
LF:132
LH:20
BRDA:25,0,0,0
BRDA:26,1,0,0
BRDA:26,1,1,0
BRDA:31,2,0,0
BRDA:31,2,1,0
BRDA:42,3,0,0
BRDA:42,3,1,0
BRDA:46,4,0,0
BRDA:46,4,1,0
BRDA:46,5,0,0
BRDA:46,5,1,0
BRDA:50,6,0,0
BRDA:50,6,1,0
BRDA:85,7,0,0
BRDA:85,7,1,0
BRDA:85,8,0,0
BRDA:85,8,1,0
BRDA:92,9,0,0
BRDA:92,9,1,0
BRDA:92,10,0,0
BRDA:92,10,1,0
BRDA:98,11,0,0
BRDA:98,11,1,0
BRDA:98,12,0,0
BRDA:98,12,1,0
BRDA:98,12,2,0
BRDA:105,13,0,0
BRDA:105,13,1,0
BRDA:110,14,0,0
BRDA:110,14,1,0
BRDA:110,15,0,0
BRDA:110,15,1,0
BRDA:116,16,0,0
BRDA:116,16,1,0
BRDA:132,17,0,0
BRDA:132,17,1,0
BRDA:134,18,0,0
BRDA:134,18,1,0
BRDA:135,19,0,0
BRDA:135,19,1,0
BRDA:138,20,0,0
BRDA:138,20,1,0
BRDA:144,21,0,0
BRDA:144,21,1,0
BRDA:165,22,0,0
BRDA:165,22,1,0
BRDA:166,23,0,0
BRDA:166,23,1,0
BRDA:231,24,0,0
BRDA:231,24,1,0
BRDA:254,25,0,0
BRDA:254,25,1,0
BRDA:259,26,0,0
BRDA:259,26,1,0
BRDA:259,27,0,0
BRDA:259,27,1,0
BRDA:275,28,0,0
BRDA:275,28,1,0
BRDA:299,29,0,0
BRDA:299,29,1,0
BRDA:314,30,0,0
BRDA:314,30,1,0
BRDA:318,31,0,0
BRDA:318,31,1,0
BRDA:327,32,0,0
BRDA:327,32,1,0
BRDA:328,33,0,0
BRDA:328,33,1,0
BRDA:337,34,0,0
BRDA:337,34,1,0
BRDA:337,35,0,0
BRDA:337,35,1,0
BRDA:380,36,0,1
BRDA:380,36,1,1
BRDA:386,37,0,0
BRDA:386,37,1,1
BRDA:392,38,0,0
BRDA:392,38,1,1
BRDA:392,39,0,1
BRDA:392,39,1,1
BRDA:403,40,0,0
BRDA:403,40,1,1
BRDA:415,41,0,1
BRDA:415,41,1,0
BRDA:415,42,0,1
BRDA:415,42,1,1
BRDA:441,43,0,0
BRDA:441,43,1,0
BRDA:452,44,0,0
BRDA:452,44,1,0
BRDA:453,45,0,0
BRDA:453,45,1,0
BRDA:454,46,0,0
BRDA:454,46,1,0
BRDA:459,47,0,0
BRDA:459,47,1,0
BRDA:462,48,0,0
BRDA:462,48,1,0
BRDA:462,49,0,0
BRDA:462,49,1,0
BRDA:462,50,0,0
BRDA:462,50,1,0
BRDA:463,51,0,0
BRDA:463,51,1,0
BRDA:465,52,0,0
BRDA:465,52,1,0
BRDA:468,53,0,0
BRDA:468,53,1,0
BRDA:490,54,0,0
BRDA:490,54,1,0
BRDA:504,55,0,0
BRDA:504,55,1,0
BRDA:505,56,0,0
BRDA:505,56,1,0
BRDA:506,57,0,0
BRDA:506,57,1,0
BRDA:508,58,0,0
BRDA:508,58,1,0
BRF:118
BRH:10
end_of_record
