TN:
SF:src\controllers\adminController.js
FN:21,getAllInstitutions
FN:36,approveInstitution
FN:64,rejectInstitution
FN:97,getAdminStats
FN:135,(anonymous_4)
FN:141,(anonymous_5)
FN:142,(anonymous_6)
FN:164,getAllDonations
FN:194,(anonymous_8)
FN:214,getAllUsers
FN:240,(anonymous_10)
FN:254,promoteToAdmin
FN:272,demoteAdmin
FN:290,getReports
FN:326,(anonymous_14)
FN:332,(anonymous_15)
FN:333,(anonymous_16)
FN:359,createReward
FN:389,updateReward
FN:417,deleteReward
FNF:20
FNH:5
FNDA:0,getAllInstitutions
FNDA:1,approveInstitution
FNDA:0,rejectInstitution
FNDA:1,getAdminStats
FNDA:0,(anonymous_4)
FNDA:2,(anonymous_5)
FNDA:2,(anonymous_6)
FNDA:0,getAllDonations
FNDA:0,(anonymous_8)
FNDA:0,getAllUsers
FNDA:0,(anonymous_10)
FNDA:1,promoteToAdmin
FNDA:0,demoteAdmin
FNDA:0,getReports
FNDA:0,(anonymous_14)
FNDA:0,(anonymous_15)
FNDA:0,(anonymous_16)
FNDA:0,createReward
FNDA:0,updateReward
FNDA:0,deleteReward
DA:5,1
DA:8,1
DA:22,0
DA:23,0
DA:28,0
DA:30,0
DA:31,0
DA:37,1
DA:38,1
DA:39,1
DA:41,1
DA:42,0
DA:45,1
DA:51,1
DA:56,1
DA:58,0
DA:59,0
DA:65,0
DA:66,0
DA:67,0
DA:69,0
DA:70,0
DA:71,0
DA:74,0
DA:83,0
DA:88,0
DA:90,0
DA:91,0
DA:98,1
DA:99,1
DA:100,1
DA:104,1
DA:135,1
DA:141,2
DA:142,2
DA:147,1
DA:158,0
DA:159,0
DA:165,0
DA:166,0
DA:167,0
DA:168,0
DA:169,0
DA:171,0
DA:180,0
DA:194,0
DA:203,0
DA:208,0
DA:209,0
DA:215,0
DA:216,0
DA:218,0
DA:219,0
DA:221,0
DA:231,0
DA:237,0
DA:238,0
DA:240,0
DA:248,0
DA:249,0
DA:255,1
DA:256,1
DA:257,1
DA:258,1
DA:260,1
DA:264,1
DA:266,0
DA:267,0
DA:273,0
DA:274,0
DA:275,0
DA:276,0
DA:278,0
DA:282,0
DA:284,0
DA:285,0
DA:291,0
DA:292,0
DA:295,0
DA:296,0
DA:297,0
DA:298,0
DA:300,0
DA:305,0
DA:326,0
DA:332,0
DA:333,0
DA:338,0
DA:342,0
DA:353,0
DA:354,0
DA:360,0
DA:361,0
DA:363,0
DA:364,0
DA:367,0
DA:381,0
DA:383,0
DA:384,0
DA:390,0
DA:391,0
DA:392,0
DA:394,0
DA:409,0
DA:411,0
DA:412,0
DA:418,0
DA:419,0
DA:423,0
DA:427,0
DA:429,0
DA:430,0
DA:434,1
LF:113
LH:24
BRDA:41,0,0,0
BRDA:41,0,1,1
BRDA:41,1,0,1
BRDA:41,1,1,1
BRDA:70,2,0,0
BRDA:70,2,1,0
BRDA:70,3,0,0
BRDA:70,3,1,0
BRDA:78,4,0,0
BRDA:78,4,1,0
BRDA:143,5,0,1
BRDA:143,5,1,1
BRDA:144,6,0,2
BRDA:144,6,1,0
BRDA:149,7,0,1
BRDA:149,7,1,0
BRDA:166,8,0,0
BRDA:166,8,1,0
BRDA:167,9,0,0
BRDA:167,9,1,0
BRDA:169,10,0,0
BRDA:169,10,1,0
BRDA:171,11,0,0
BRDA:171,11,1,0
BRDA:197,12,0,0
BRDA:197,12,1,0
BRDA:198,13,0,0
BRDA:198,13,1,0
BRDA:199,14,0,0
BRDA:199,14,1,0
BRDA:200,15,0,0
BRDA:200,15,1,0
BRDA:222,16,0,0
BRDA:222,16,1,0
BRDA:223,17,0,0
BRDA:223,17,1,0
BRDA:244,18,0,0
BRDA:244,18,1,0
BRDA:245,19,0,0
BRDA:245,19,1,0
BRDA:257,20,0,0
BRDA:257,20,1,1
BRDA:258,21,0,0
BRDA:258,21,1,1
BRDA:275,22,0,0
BRDA:275,22,1,0
BRDA:276,23,0,0
BRDA:276,23,1,0
BRDA:295,24,0,0
BRDA:295,24,1,0
BRDA:296,25,0,0
BRDA:296,25,1,0
BRDA:334,26,0,0
BRDA:334,26,1,0
BRDA:335,27,0,0
BRDA:335,27,1,0
BRDA:338,28,0,0
BRDA:338,28,1,0
BRDA:339,29,0,0
BRDA:339,29,1,0
BRDA:344,30,0,0
BRDA:344,30,1,0
BRDA:363,31,0,0
BRDA:363,31,1,0
BRDA:363,32,0,0
BRDA:363,32,1,0
BRDA:371,33,0,0
BRDA:371,33,1,0
BRDA:373,34,0,0
BRDA:373,34,1,0
BRDA:374,35,0,0
BRDA:374,35,1,0
BRDA:375,36,0,0
BRDA:375,36,1,0
BRDA:399,37,0,0
BRDA:399,37,1,0
BRDA:401,38,0,0
BRDA:401,38,1,0
BRDA:402,39,0,0
BRDA:402,39,1,0
BRDA:402,40,0,0
BRDA:402,40,1,0
BRDA:403,41,0,0
BRDA:403,41,1,0
BRDA:403,42,0,0
BRDA:403,42,1,0
BRDA:404,43,0,0
BRDA:404,43,1,0
BRDA:405,44,0,0
BRDA:405,44,1,0
BRF:90
BRH:9
end_of_record
TN:
SF:src\controllers\authController.js
FN:41,register
FN:147,login
FN:227,me
FN:260,updateProfile
FN:297,getApprovedInstitutions
FNF:5
FNH:5
FNDA:3,register
FNDA:3,login
FNDA:2,me
FNDA:1,updateProfile
FNDA:1,getApprovedInstitutions
DA:10,1
DA:11,1
DA:12,1
DA:15,1
DA:18,1
DA:42,3
DA:43,3
DA:46,3
DA:47,1
DA:54,2
DA:57,2
DA:61,2
DA:62,1
DA:68,1
DA:69,0
DA:70,0
DA:74,0
DA:75,0
DA:82,1
DA:85,1
DA:88,1
DA:103,1
DA:110,1
DA:123,0
DA:124,0
DA:148,3
DA:149,3
DA:152,3
DA:153,1
DA:159,2
DA:163,2
DA:164,1
DA:170,1
DA:172,1
DA:173,0
DA:179,1
DA:180,0
DA:187,1
DA:188,0
DA:194,1
DA:201,1
DA:209,0
DA:210,0
DA:228,2
DA:229,2
DA:248,2
DA:249,1
DA:252,1
DA:254,0
DA:255,0
DA:261,1
DA:262,1
DA:263,1
DA:265,1
DA:286,1
DA:291,0
DA:292,0
DA:298,1
DA:299,1
DA:314,1
DA:316,0
DA:317,0
DA:321,1
LF:63
LH:46
BRDA:46,0,0,1
BRDA:46,0,1,2
BRDA:46,1,0,3
BRDA:46,1,1,2
BRDA:46,1,2,2
BRDA:54,2,0,0
BRDA:54,2,1,2
BRDA:61,3,0,1
BRDA:61,3,1,1
BRDA:68,4,0,0
BRDA:68,4,1,1
BRDA:74,5,0,0
BRDA:74,5,1,0
BRDA:85,6,0,0
BRDA:85,6,1,1
BRDA:95,7,0,1
BRDA:95,7,1,1
BRDA:96,8,0,0
BRDA:96,8,1,1
BRDA:97,9,0,0
BRDA:97,9,1,1
BRDA:98,10,0,0
BRDA:98,10,1,1
BRDA:152,11,0,1
BRDA:152,11,1,2
BRDA:152,12,0,3
BRDA:152,12,1,3
BRDA:163,13,0,1
BRDA:163,13,1,1
BRDA:172,14,0,0
BRDA:172,14,1,1
BRDA:179,15,0,0
BRDA:179,15,1,1
BRDA:182,16,0,0
BRDA:182,16,1,0
BRDA:187,17,0,0
BRDA:187,17,1,1
BRDA:187,18,0,1
BRDA:187,18,1,0
BRDA:248,19,0,1
BRDA:248,19,1,1
BRDA:268,20,0,1
BRDA:268,20,1,1
BRDA:269,21,0,1
BRDA:269,21,1,1
BRDA:270,22,0,1
BRDA:270,22,1,0
BRDA:271,23,0,1
BRDA:271,23,1,0
BRDA:272,24,0,1
BRDA:272,24,1,0
BRF:51
BRH:34
end_of_record
TN:
SF:src\controllers\donationController.js
FN:25,getMultiplier
FN:55,calcularPontos
FN:109,createDonation
FN:157,(anonymous_3)
FN:218,getUserDonations
FN:255,getDonationById
FN:301,getInstitutionDonations
FN:339,confirmDonationReceipt
FN:360,(anonymous_8)
FN:403,updateDonationStatus
FN:438,(anonymous_10)
FN:469,getInstitutionFinance
FN:482,(anonymous_12)
FN:483,(anonymous_13)
FN:485,(anonymous_14)
FN:488,(anonymous_15)
FN:518,getInstitutionReceipts
FN:531,(anonymous_17)
FNF:18
FNH:9
FNDA:2,getMultiplier
FNDA:1,calcularPontos
FNDA:2,createDonation
FNDA:1,(anonymous_3)
FNDA:1,getUserDonations
FNDA:0,getDonationById
FNDA:0,getInstitutionDonations
FNDA:1,confirmDonationReceipt
FNDA:1,(anonymous_8)
FNDA:2,updateDonationStatus
FNDA:1,(anonymous_10)
FNDA:0,getInstitutionFinance
FNDA:0,(anonymous_12)
FNDA:0,(anonymous_13)
FNDA:0,(anonymous_14)
FNDA:0,(anonymous_15)
FNDA:0,getInstitutionReceipts
FNDA:0,(anonymous_17)
DA:12,1
DA:20,1
DA:26,2
DA:27,2
DA:32,2
DA:33,2
DA:35,2
DA:36,1
DA:37,1
DA:40,2
DA:47,0
DA:48,0
DA:56,1
DA:57,0
DA:61,1
DA:64,1
DA:69,1
DA:72,1
DA:73,0
DA:76,1
DA:77,0
DA:80,1
DA:81,0
DA:84,1
DA:110,2
DA:111,2
DA:112,2
DA:115,2
DA:116,1
DA:122,1
DA:123,0
DA:128,1
DA:129,0
DA:135,1
DA:136,0
DA:140,0
DA:141,0
DA:146,0
DA:147,0
DA:154,1
DA:157,1
DA:159,1
DA:174,1
DA:175,1
DA:183,1
DA:186,1
DA:201,0
DA:202,0
DA:219,1
DA:220,1
DA:222,1
DA:235,1
DA:237,0
DA:238,0
DA:256,0
DA:257,0
DA:258,0
DA:259,0
DA:261,0
DA:262,0
DA:265,0
DA:284,0
DA:285,0
DA:289,0
DA:290,0
DA:293,0
DA:295,0
DA:296,0
DA:302,0
DA:303,0
DA:305,0
DA:306,0
DA:310,0
DA:329,0
DA:331,0
DA:333,0
DA:334,0
DA:340,1
DA:341,1
DA:342,1
DA:344,1
DA:345,0
DA:348,1
DA:349,0
DA:353,1
DA:357,1
DA:358,1
DA:360,1
DA:361,1
DA:367,1
DA:368,1
DA:376,1
DA:379,1
DA:381,0
DA:382,0
DA:404,2
DA:405,2
DA:406,2
DA:407,2
DA:410,2
DA:411,1
DA:416,1
DA:417,0
DA:421,1
DA:422,1
DA:423,0
DA:429,1
DA:433,1
DA:434,0
DA:438,1
DA:439,1
DA:445,1
DA:446,1
DA:454,1
DA:457,1
DA:462,0
DA:463,0
DA:470,0
DA:471,0
DA:472,0
DA:474,0
DA:476,0
DA:482,0
DA:483,0
DA:484,0
DA:485,0
DA:488,0
DA:489,0
DA:490,0
DA:502,0
DA:511,0
DA:512,0
DA:519,0
DA:520,0
DA:521,0
DA:523,0
DA:525,0
DA:531,0
DA:541,0
DA:543,0
DA:544,0
DA:548,1
LF:142
LH:69
BRDA:35,0,0,1
BRDA:35,0,1,1
BRDA:55,1,0,1
BRDA:56,2,0,0
BRDA:56,2,1,1
BRDA:61,3,0,1
BRDA:61,3,1,0
BRDA:72,4,0,0
BRDA:72,4,1,1
BRDA:76,5,0,0
BRDA:76,5,1,1
BRDA:76,6,0,1
BRDA:76,6,1,1
BRDA:80,7,0,0
BRDA:80,7,1,1
BRDA:115,8,0,1
BRDA:115,8,1,1
BRDA:115,9,0,2
BRDA:115,9,1,1
BRDA:122,10,0,0
BRDA:122,10,1,1
BRDA:122,11,0,1
BRDA:122,11,1,0
BRDA:128,12,0,0
BRDA:128,12,1,1
BRDA:128,13,0,1
BRDA:128,13,1,1
BRDA:128,13,2,1
BRDA:135,14,0,0
BRDA:135,14,1,1
BRDA:140,15,0,0
BRDA:140,15,1,0
BRDA:140,16,0,0
BRDA:140,16,1,0
BRDA:146,17,0,0
BRDA:146,17,1,0
BRDA:162,18,0,0
BRDA:162,18,1,1
BRDA:164,19,0,1
BRDA:164,19,1,1
BRDA:165,20,0,1
BRDA:165,20,1,0
BRDA:168,21,0,1
BRDA:168,21,1,0
BRDA:174,22,0,1
BRDA:174,22,1,0
BRDA:195,23,0,1
BRDA:195,23,1,0
BRDA:196,24,0,0
BRDA:196,24,1,1
BRDA:261,25,0,0
BRDA:261,25,1,0
BRDA:284,26,0,0
BRDA:284,26,1,0
BRDA:289,27,0,0
BRDA:289,27,1,0
BRDA:289,28,0,0
BRDA:289,28,1,0
BRDA:305,29,0,0
BRDA:305,29,1,0
BRDA:329,30,0,0
BRDA:329,30,1,0
BRDA:344,31,0,0
BRDA:344,31,1,1
BRDA:348,32,0,0
BRDA:348,32,1,1
BRDA:357,33,0,0
BRDA:357,33,1,1
BRDA:358,34,0,0
BRDA:358,34,1,1
BRDA:367,35,0,1
BRDA:367,35,1,0
BRDA:367,36,0,1
BRDA:367,36,1,1
BRDA:410,37,0,1
BRDA:410,37,1,1
BRDA:416,38,0,0
BRDA:416,38,1,1
BRDA:422,39,0,0
BRDA:422,39,1,1
BRDA:422,40,0,1
BRDA:422,40,1,1
BRDA:433,41,0,0
BRDA:433,41,1,1
BRDA:445,42,0,1
BRDA:445,42,1,0
BRDA:445,43,0,1
BRDA:445,43,1,1
BRDA:471,44,0,0
BRDA:471,44,1,0
BRDA:482,45,0,0
BRDA:482,45,1,0
BRDA:483,46,0,0
BRDA:483,46,1,0
BRDA:484,47,0,0
BRDA:484,47,1,0
BRDA:489,48,0,0
BRDA:489,48,1,0
BRDA:492,49,0,0
BRDA:492,49,1,0
BRDA:492,50,0,0
BRDA:492,50,1,0
BRDA:492,51,0,0
BRDA:492,51,1,0
BRDA:493,52,0,0
BRDA:493,52,1,0
BRDA:495,53,0,0
BRDA:495,53,1,0
BRDA:498,54,0,0
BRDA:498,54,1,0
BRDA:520,55,0,0
BRDA:520,55,1,0
BRDA:534,56,0,0
BRDA:534,56,1,0
BRDA:535,57,0,0
BRDA:535,57,1,0
BRDA:536,58,0,0
BRDA:536,58,1,0
BRDA:538,59,0,0
BRDA:538,59,1,0
BRF:120
BRH:46
end_of_record
TN:
SF:src\controllers\financeController.js
FN:3,withdraw
FNF:1
FNH:1
FNDA:3,withdraw
DA:1,1
DA:4,3
DA:5,3
DA:6,3
DA:8,3
DA:9,1
DA:12,2
DA:13,0
DA:17,2
DA:27,2
DA:29,2
DA:30,1
DA:34,1
DA:45,1
DA:47,0
DA:48,0
DA:52,1
LF:17
LH:14
BRDA:8,0,0,1
BRDA:8,0,1,2
BRDA:12,1,0,0
BRDA:12,1,1,2
BRDA:12,2,0,2
BRDA:12,2,1,2
BRDA:12,2,2,2
BRDA:12,2,3,2
BRDA:27,3,0,2
BRDA:27,3,1,0
BRDA:29,4,0,1
BRDA:29,4,1,1
BRDA:29,5,0,2
BRDA:29,5,1,2
BRF:14
BRH:12
end_of_record
TN:
SF:src\controllers\requestController.js
FN:8,getRequests
FN:19,(anonymous_1)
FN:36,createRequest
FN:77,updateRequestStatus
FNF:4
FNH:2
FNDA:0,getRequests
FNDA:0,(anonymous_1)
FNDA:2,createRequest
FNDA:1,updateRequestStatus
DA:5,1
DA:9,0
DA:10,0
DA:11,0
DA:14,0
DA:19,0
DA:28,0
DA:30,0
DA:31,0
DA:37,2
DA:38,2
DA:39,1
DA:42,1
DA:44,1
DA:45,0
DA:48,1
DA:49,1
DA:50,0
DA:53,1
DA:62,1
DA:71,0
DA:72,0
DA:78,1
DA:79,1
DA:80,1
DA:82,1
DA:83,1
DA:84,1
DA:85,0
DA:88,1
DA:93,1
DA:95,0
DA:96,0
DA:100,1
LF:34
LH:19
BRDA:10,0,0,0
BRDA:10,0,1,0
BRDA:38,1,0,1
BRDA:38,1,1,1
BRDA:44,2,0,0
BRDA:44,2,1,1
BRDA:44,3,0,1
BRDA:44,3,1,1
BRDA:49,4,0,0
BRDA:49,4,1,1
BRDA:49,5,0,1
BRDA:49,5,1,1
BRDA:58,6,0,1
BRDA:58,6,1,0
BRDA:83,7,0,0
BRDA:83,7,1,1
BRDA:84,8,0,0
BRDA:84,8,1,1
BRDA:84,9,0,1
BRDA:84,9,1,0
BRF:20
BRH:12
end_of_record
TN:
SF:src\controllers\rewardController.js
FN:8,listRewards
FN:21,redeemReward
FN:59,(anonymous_2)
FN:96,getUserRedemptions
FN:120,getRanking
FN:163,(anonymous_5)
FN:168,(anonymous_6)
FN:170,(anonymous_7)
FN:187,(anonymous_8)
FN:197,(anonymous_9)
FN:200,(anonymous_10)
FNF:11
FNH:3
FNDA:1,listRewards
FNDA:3,redeemReward
FNDA:1,(anonymous_2)
FNDA:0,getUserRedemptions
FNDA:0,getRanking
FNDA:0,(anonymous_5)
FNDA:0,(anonymous_6)
FNDA:0,(anonymous_7)
FNDA:0,(anonymous_8)
FNDA:0,(anonymous_9)
FNDA:0,(anonymous_10)
DA:5,1
DA:9,1
DA:10,1
DA:13,1
DA:15,0
DA:16,0
DA:22,3
DA:23,3
DA:24,3
DA:26,3
DA:27,0
DA:31,3
DA:35,3
DA:36,1
DA:39,2
DA:40,0
DA:44,2
DA:49,2
DA:50,1
DA:56,1
DA:59,1
DA:61,1
DA:67,1
DA:73,1
DA:83,1
DA:90,0
DA:91,0
DA:97,0
DA:98,0
DA:99,0
DA:111,0
DA:113,0
DA:114,0
DA:121,0
DA:122,0
DA:125,0
DA:126,0
DA:127,0
DA:128,0
DA:129,0
DA:130,0
DA:131,0
DA:132,0
DA:137,0
DA:139,0
DA:145,0
DA:151,0
DA:163,0
DA:164,0
DA:168,0
DA:170,0
DA:176,0
DA:180,0
DA:184,0
DA:187,0
DA:197,0
DA:198,0
DA:199,0
DA:200,0
DA:201,0
DA:211,0
DA:213,0
DA:214,0
DA:219,1
LF:64
LH:22
BRDA:26,0,0,0
BRDA:26,0,1,3
BRDA:35,1,0,1
BRDA:35,1,1,2
BRDA:35,2,0,3
BRDA:35,2,1,2
BRDA:39,3,0,0
BRDA:39,3,1,2
BRDA:49,4,0,1
BRDA:49,4,1,1
BRDA:122,5,0,0
BRDA:122,5,1,0
BRDA:126,6,0,0
BRDA:126,6,1,0
BRDA:129,7,0,0
BRDA:129,7,1,0
BRDA:137,8,0,0
BRDA:137,8,1,0
BRDA:172,9,0,0
BRDA:172,9,1,0
BRDA:184,10,0,0
BRDA:184,10,1,0
BRDA:184,11,0,0
BRDA:184,11,1,0
BRDA:199,12,0,0
BRDA:199,12,1,0
BRDA:199,13,0,0
BRDA:199,13,1,0
BRF:28
BRH:8
end_of_record
